<?xml version="1.0" encoding="UTF-8"?>
<!-- Generated by org.testng.reporters.JUnitXMLReporter -->
<testsuite hostname="DESKTOP-M2K5DOK" ignored="0" name="Default test" tests="100" failures="5" timestamp="2020-10-21T15:52:46 IST" time="3646.656" errors="0">
  <testcase name="@BeforeMethod openApplication" time="35.981" classname="generic.Precondition">
    <failure type="org.openqa.selenium.WebDriverException" message="disconnected: Unable to receive message from renderer
  (Session info: chrome=86.0.4240.75)
Build info: version: &amp;apos;3.141.59&amp;apos;, revision: &amp;apos;e82be7d358&amp;apos;, time: &amp;apos;2018-11-14T08:25:53&amp;apos;
System info: host: &amp;apos;DESKTOP-M2K5DOK&amp;apos;, ip: &amp;apos;192.168.1.100&amp;apos;, os.name: &amp;apos;Windows 10&amp;apos;, os.arch: &amp;apos;amd64&amp;apos;, os.version: &amp;apos;10.0&amp;apos;, java.version: &amp;apos;1.8.0_241&amp;apos;
Driver info: org.openqa.selenium.chrome.ChromeDriver
Capabilities {acceptInsecureCerts: false, browserName: chrome, browserVersion: 86.0.4240.75, chrome: {chromedriverVersion: 85.0.4183.87 (cd6713ebf92fa..., userDataDir: C:\Users\aa\AppData\Local\T...}, goog:chromeOptions: {debuggerAddress: localhost:52973}, javascriptEnabled: true, networkConnectionEnabled: false, pageLoadStrategy: normal, platform: WINDOWS, platformName: WINDOWS, proxy: Proxy(), setWindowRect: true, strictFileInteractability: false, timeouts: {implicit: 0, pageLoad: 300000, script: 30000}, unhandledPromptBehavior: dismiss and notify, webauthn:virtualAuthenticators: true}
Session ID: 1ba0da8d18129c6d54319c5a7903d6ec">
      <![CDATA[org.openqa.selenium.WebDriverException: disconnected: Unable to receive message from renderer
  (Session info: chrome=86.0.4240.75)
Build info: version: '3.141.59', revision: 'e82be7d358', time: '2018-11-14T08:25:53'
System info: host: 'DESKTOP-M2K5DOK', ip: '192.168.1.100', os.name: 'Windows 10', os.arch: 'amd64', os.version: '10.0', java.version: '1.8.0_241'
Driver info: org.openqa.selenium.chrome.ChromeDriver
Capabilities {acceptInsecureCerts: false, browserName: chrome, browserVersion: 86.0.4240.75, chrome: {chromedriverVersion: 85.0.4183.87 (cd6713ebf92fa..., userDataDir: C:\Users\aa\AppData\Local\T...}, goog:chromeOptions: {debuggerAddress: localhost:52973}, javascriptEnabled: true, networkConnectionEnabled: false, pageLoadStrategy: normal, platform: WINDOWS, platformName: WINDOWS, proxy: Proxy(), setWindowRect: true, strictFileInteractability: false, timeouts: {implicit: 0, pageLoad: 300000, script: 30000}, unhandledPromptBehavior: dismiss and notify, webauthn:virtualAuthenticators: true}
Session ID: 1ba0da8d18129c6d54319c5a7903d6ec
at sun.reflect.NativeConstructorAccessorImpl.newInstance0(Native Method)
at sun.reflect.NativeConstructorAccessorImpl.newInstance(Unknown Source)
at sun.reflect.DelegatingConstructorAccessorImpl.newInstance(Unknown Source)
at java.lang.reflect.Constructor.newInstance(Unknown Source)
at org.openqa.selenium.remote.http.W3CHttpResponseCodec.createException(W3CHttpResponseCodec.java:187)
at org.openqa.selenium.remote.http.W3CHttpResponseCodec.decode(W3CHttpResponseCodec.java:122)
at org.openqa.selenium.remote.http.W3CHttpResponseCodec.decode(W3CHttpResponseCodec.java:49)
at org.openqa.selenium.remote.HttpCommandExecutor.execute(HttpCommandExecutor.java:158)
at org.openqa.selenium.remote.service.DriverCommandExecutor.execute(DriverCommandExecutor.java:83)
at org.openqa.selenium.remote.RemoteWebDriver.execute(RemoteWebDriver.java:552)
at org.openqa.selenium.remote.RemoteWebDriver.get(RemoteWebDriver.java:277)
at generic.Precondition.openApplication(Precondition.java:25)
at sun.reflect.GeneratedMethodAccessor4.invoke(Unknown Source)
at sun.reflect.DelegatingMethodAccessorImpl.invoke(Unknown Source)
at java.lang.reflect.Method.invoke(Unknown Source)
at org.testng.internal.MethodInvocationHelper.invokeMethod(MethodInvocationHelper.java:135)
at org.testng.internal.MethodInvocationHelper.invokeMethodConsideringTimeout(MethodInvocationHelper.java:64)
at org.testng.internal.ConfigInvoker.invokeConfigurationMethod(ConfigInvoker.java:364)
at org.testng.internal.ConfigInvoker.invokeConfigurations(ConfigInvoker.java:318)
at org.testng.internal.TestInvoker.runConfigMethods(TestInvoker.java:700)
at org.testng.internal.TestInvoker.invokeMethod(TestInvoker.java:527)
at org.testng.internal.TestInvoker.invokeTestMethod(TestInvoker.java:174)
at org.testng.internal.MethodRunner.runInSequence(MethodRunner.java:46)
at org.testng.internal.TestInvoker$MethodInvocationAgent.invoke(TestInvoker.java:821)
at org.testng.internal.TestInvoker.invokeTestMethods(TestInvoker.java:147)
at org.testng.internal.TestMethodWorker.invokeTestMethods(TestMethodWorker.java:146)
at org.testng.internal.TestMethodWorker.run(TestMethodWorker.java:128)
at java.util.ArrayList.forEach(Unknown Source)
at org.testng.TestRunner.privateRun(TestRunner.java:767)
at org.testng.TestRunner.run(TestRunner.java:588)
at org.testng.SuiteRunner.runTest(SuiteRunner.java:384)
at org.testng.SuiteRunner.runSequentially(SuiteRunner.java:378)
at org.testng.SuiteRunner.privateRun(SuiteRunner.java:337)
at org.testng.SuiteRunner.run(SuiteRunner.java:286)
at org.testng.SuiteRunnerWorker.runSuite(SuiteRunnerWorker.java:53)
at org.testng.SuiteRunnerWorker.run(SuiteRunnerWorker.java:96)
at org.testng.TestNG.runSuitesSequentially(TestNG.java:1214)
at org.testng.TestNG.runSuitesLocally(TestNG.java:1136)
at org.testng.TestNG.runSuites(TestNG.java:1066)
at org.testng.TestNG.run(TestNG.java:1034)
at org.testng.remote.AbstractRemoteTestNG.run(AbstractRemoteTestNG.java:115)
at org.testng.remote.RemoteTestNG.initAndRun(RemoteTestNG.java:251)
at org.testng.remote.RemoteTestNG.main(RemoteTestNG.java:77)
]]>
    </failure>
  </testcase> <!-- @BeforeMethod openApplication -->
  <testcase name="@AfterMethod closeApplication" time="-1.603275755388E9" classname="generic.Precondition">
    <skipped/>
  </testcase> <!-- @AfterMethod closeApplication -->
  <testcase name="@BeforeMethod openApplication" time="-1.603275755685E9" classname="generic.Precondition">
    <skipped/>
  </testcase> <!-- @BeforeMethod openApplication -->
  <testcase name="@AfterMethod closeApplication" time="-1.603275755793E9" classname="generic.Precondition">
    <skipped/>
  </testcase> <!-- @AfterMethod closeApplication -->
  <testcase name="@BeforeMethod openApplication" time="-1.603275755793E9" classname="generic.Precondition">
    <skipped/>
  </testcase> <!-- @BeforeMethod openApplication -->
  <testcase name="@AfterMethod closeApplication" time="-1.60327575594E9" classname="generic.Precondition">
    <skipped/>
  </testcase> <!-- @AfterMethod closeApplication -->
  <testcase name="@BeforeMethod openApplication" time="-1.603275755941E9" classname="generic.Precondition">
    <skipped/>
  </testcase> <!-- @BeforeMethod openApplication -->
  <testcase name="@AfterMethod closeApplication" time="-1.603275755943E9" classname="generic.Precondition">
    <skipped/>
  </testcase> <!-- @AfterMethod closeApplication -->
  <testcase name="@BeforeMethod openApplication" time="-1.603275755943E9" classname="generic.Precondition">
    <skipped/>
  </testcase> <!-- @BeforeMethod openApplication -->
  <testcase name="@AfterMethod closeApplication" time="-1.603275755945E9" classname="generic.Precondition">
    <skipped/>
  </testcase> <!-- @AfterMethod closeApplication -->
  <testcase name="@BeforeMethod openApplication" time="-1.603275755946E9" classname="generic.Precondition">
    <skipped/>
  </testcase> <!-- @BeforeMethod openApplication -->
  <testcase name="@AfterMethod closeApplication" time="-1.603275755948E9" classname="generic.Precondition">
    <skipped/>
  </testcase> <!-- @AfterMethod closeApplication -->
  <testcase name="@BeforeMethod openApplication" time="-1.603275755948E9" classname="generic.Precondition">
    <skipped/>
  </testcase> <!-- @BeforeMethod openApplication -->
  <testcase name="@AfterMethod closeApplication" time="-1.60327575595E9" classname="generic.Precondition">
    <skipped/>
  </testcase> <!-- @AfterMethod closeApplication -->
  <testcase name="@BeforeMethod openApplication" time="-1.603275755981E9" classname="generic.Precondition">
    <skipped/>
  </testcase> <!-- @BeforeMethod openApplication -->
  <testcase name="@AfterMethod closeApplication" time="-1.60327575607E9" classname="generic.Precondition">
    <skipped/>
  </testcase> <!-- @AfterMethod closeApplication -->
  <testcase name="@BeforeMethod openApplication" time="-1.603275756099E9" classname="generic.Precondition">
    <skipped/>
  </testcase> <!-- @BeforeMethod openApplication -->
  <testcase name="@AfterMethod closeApplication" time="-1.603275756101E9" classname="generic.Precondition">
    <skipped/>
  </testcase> <!-- @AfterMethod closeApplication -->
  <testcase name="@BeforeMethod openApplication" time="-1.603275756102E9" classname="generic.Precondition">
    <skipped/>
  </testcase> <!-- @BeforeMethod openApplication -->
  <testcase name="@AfterMethod closeApplication" time="-1.603275756104E9" classname="generic.Precondition">
    <skipped/>
  </testcase> <!-- @AfterMethod closeApplication -->
  <testcase name="@BeforeMethod openApplication" time="-1.603275756105E9" classname="generic.Precondition">
    <skipped/>
  </testcase> <!-- @BeforeMethod openApplication -->
  <testcase name="@AfterMethod closeApplication" time="-1.603275756107E9" classname="generic.Precondition">
    <skipped/>
  </testcase> <!-- @AfterMethod closeApplication -->
  <testcase name="@BeforeMethod openApplication" time="-1.603275756108E9" classname="generic.Precondition">
    <skipped/>
  </testcase> <!-- @BeforeMethod openApplication -->
  <testcase name="@AfterMethod closeApplication" time="-1.60327575611E9" classname="generic.Precondition">
    <skipped/>
  </testcase> <!-- @AfterMethod closeApplication -->
  <testcase name="@BeforeMethod openApplication" time="-1.603275756111E9" classname="generic.Precondition">
    <skipped/>
  </testcase> <!-- @BeforeMethod openApplication -->
  <testcase name="@AfterMethod closeApplication" time="-1.603275756113E9" classname="generic.Precondition">
    <skipped/>
  </testcase> <!-- @AfterMethod closeApplication -->
  <testcase name="@BeforeMethod openApplication" time="-1.603275756113E9" classname="generic.Precondition">
    <skipped/>
  </testcase> <!-- @BeforeMethod openApplication -->
  <testcase name="@AfterMethod closeApplication" time="-1.603275756115E9" classname="generic.Precondition">
    <skipped/>
  </testcase> <!-- @AfterMethod closeApplication -->
  <testcase name="@BeforeMethod openApplication" time="-1.603275756124E9" classname="generic.Precondition">
    <skipped/>
  </testcase> <!-- @BeforeMethod openApplication -->
  <testcase name="@AfterMethod closeApplication" time="-1.603275756126E9" classname="generic.Precondition">
    <skipped/>
  </testcase> <!-- @AfterMethod closeApplication -->
  <testcase name="@BeforeMethod openApplication" time="-1.603275756127E9" classname="generic.Precondition">
    <skipped/>
  </testcase> <!-- @BeforeMethod openApplication -->
  <testcase name="@AfterMethod closeApplication" time="-1.603275756129E9" classname="generic.Precondition">
    <skipped/>
  </testcase> <!-- @AfterMethod closeApplication -->
  <testcase name="@BeforeMethod openApplication" time="-1.603275756129E9" classname="generic.Precondition">
    <skipped/>
  </testcase> <!-- @BeforeMethod openApplication -->
  <testcase name="@AfterMethod closeApplication" time="-1.603275756131E9" classname="generic.Precondition">
    <skipped/>
  </testcase> <!-- @AfterMethod closeApplication -->
  <testcase name="@BeforeMethod openApplication" time="-1.603275756132E9" classname="generic.Precondition">
    <skipped/>
  </testcase> <!-- @BeforeMethod openApplication -->
  <testcase name="@AfterMethod closeApplication" time="-1.603275756134E9" classname="generic.Precondition">
    <skipped/>
  </testcase> <!-- @AfterMethod closeApplication -->
  <testcase name="@BeforeMethod openApplication" time="-1.603275756134E9" classname="generic.Precondition">
    <skipped/>
  </testcase> <!-- @BeforeMethod openApplication -->
  <testcase name="@AfterMethod closeApplication" time="-1.603275756136E9" classname="generic.Precondition">
    <skipped/>
  </testcase> <!-- @AfterMethod closeApplication -->
  <testcase name="@BeforeMethod openApplication" time="-1.603275756137E9" classname="generic.Precondition">
    <skipped/>
  </testcase> <!-- @BeforeMethod openApplication -->
  <testcase name="@AfterMethod closeApplication" time="-1.603275756139E9" classname="generic.Precondition">
    <skipped/>
  </testcase> <!-- @AfterMethod closeApplication -->
  <testcase name="@BeforeMethod openApplication" time="-1.603275756139E9" classname="generic.Precondition">
    <skipped/>
  </testcase> <!-- @BeforeMethod openApplication -->
  <testcase name="@AfterMethod closeApplication" time="-1.603275756141E9" classname="generic.Precondition">
    <skipped/>
  </testcase> <!-- @AfterMethod closeApplication -->
  <testcase name="@BeforeMethod openApplication" time="-1.603275756142E9" classname="generic.Precondition">
    <skipped/>
  </testcase> <!-- @BeforeMethod openApplication -->
  <testcase name="@AfterMethod closeApplication" time="-1.603275756144E9" classname="generic.Precondition">
    <skipped/>
  </testcase> <!-- @AfterMethod closeApplication -->
  <testcase name="@BeforeMethod openApplication" time="-1.603275756144E9" classname="generic.Precondition">
    <skipped/>
  </testcase> <!-- @BeforeMethod openApplication -->
  <testcase name="@AfterMethod closeApplication" time="-1.603275756146E9" classname="generic.Precondition">
    <skipped/>
  </testcase> <!-- @AfterMethod closeApplication -->
  <testcase name="@BeforeMethod openApplication" time="-1.603275756147E9" classname="generic.Precondition">
    <skipped/>
  </testcase> <!-- @BeforeMethod openApplication -->
  <testcase name="@AfterMethod closeApplication" time="-1.603275756149E9" classname="generic.Precondition">
    <skipped/>
  </testcase> <!-- @AfterMethod closeApplication -->
  <testcase name="@BeforeMethod openApplication" time="-1.603275756149E9" classname="generic.Precondition">
    <skipped/>
  </testcase> <!-- @BeforeMethod openApplication -->
  <testcase name="@AfterMethod closeApplication" time="-1.603275756151E9" classname="generic.Precondition">
    <skipped/>
  </testcase> <!-- @AfterMethod closeApplication -->
  <testcase name="@BeforeMethod openApplication" time="-1.603275756152E9" classname="generic.Precondition">
    <skipped/>
  </testcase> <!-- @BeforeMethod openApplication -->
  <testcase name="@AfterMethod closeApplication" time="-1.603275756154E9" classname="generic.Precondition">
    <skipped/>
  </testcase> <!-- @AfterMethod closeApplication -->
  <testcase name="@BeforeMethod openApplication" time="-1.603275756154E9" classname="generic.Precondition">
    <skipped/>
  </testcase> <!-- @BeforeMethod openApplication -->
  <testcase name="@AfterMethod closeApplication" time="-1.603275756156E9" classname="generic.Precondition">
    <skipped/>
  </testcase> <!-- @AfterMethod closeApplication -->
  <testcase name="@BeforeMethod openApplication" time="-1.603275756157E9" classname="generic.Precondition">
    <skipped/>
  </testcase> <!-- @BeforeMethod openApplication -->
  <testcase name="@AfterMethod closeApplication" time="-1.603275756159E9" classname="generic.Precondition">
    <skipped/>
  </testcase> <!-- @AfterMethod closeApplication -->
  <testcase name="@BeforeMethod openApplication" time="-1.60327575616E9" classname="generic.Precondition">
    <skipped/>
  </testcase> <!-- @BeforeMethod openApplication -->
  <testcase name="@AfterMethod closeApplication" time="-1.603275756162E9" classname="generic.Precondition">
    <skipped/>
  </testcase> <!-- @AfterMethod closeApplication -->
  <testcase name="@BeforeMethod openApplication" time="-1.603275756162E9" classname="generic.Precondition">
    <skipped/>
  </testcase> <!-- @BeforeMethod openApplication -->
  <testcase name="@AfterMethod closeApplication" time="-1.603275756164E9" classname="generic.Precondition">
    <skipped/>
  </testcase> <!-- @AfterMethod closeApplication -->
  <testcase name="@BeforeMethod openApplication" time="-1.603275756165E9" classname="generic.Precondition">
    <skipped/>
  </testcase> <!-- @BeforeMethod openApplication -->
  <testcase name="@AfterMethod closeApplication" time="-1.603275756167E9" classname="generic.Precondition">
    <skipped/>
  </testcase> <!-- @AfterMethod closeApplication -->
  <testcase name="@BeforeMethod openApplication" time="-1.603275756167E9" classname="generic.Precondition">
    <skipped/>
  </testcase> <!-- @BeforeMethod openApplication -->
  <testcase name="@AfterMethod closeApplication" time="-1.603275756169E9" classname="generic.Precondition">
    <skipped/>
  </testcase> <!-- @AfterMethod closeApplication -->
  <testcase name="@BeforeMethod openApplication" time="-1.60327575617E9" classname="generic.Precondition">
    <skipped/>
  </testcase> <!-- @BeforeMethod openApplication -->
  <testcase name="@AfterMethod closeApplication" time="-1.603275756171E9" classname="generic.Precondition">
    <skipped/>
  </testcase> <!-- @AfterMethod closeApplication -->
  <testcase name="@BeforeMethod openApplication" time="-1.603275756172E9" classname="generic.Precondition">
    <skipped/>
  </testcase> <!-- @BeforeMethod openApplication -->
  <testcase name="@AfterMethod closeApplication" time="-1.603275756174E9" classname="generic.Precondition">
    <skipped/>
  </testcase> <!-- @AfterMethod closeApplication -->
  <testcase name="@BeforeMethod openApplication" time="-1.603275756175E9" classname="generic.Precondition">
    <skipped/>
  </testcase> <!-- @BeforeMethod openApplication -->
  <testcase name="@AfterMethod closeApplication" time="-1.603275756177E9" classname="generic.Precondition">
    <skipped/>
  </testcase> <!-- @AfterMethod closeApplication -->
  <testcase name="@BeforeMethod openApplication" time="-1.603275756177E9" classname="generic.Precondition">
    <skipped/>
  </testcase> <!-- @BeforeMethod openApplication -->
  <testcase name="@AfterMethod closeApplication" time="-1.603275756179E9" classname="generic.Precondition">
    <skipped/>
  </testcase> <!-- @AfterMethod closeApplication -->
  <testcase name="@BeforeMethod openApplication" time="-1.60327575618E9" classname="generic.Precondition">
    <skipped/>
  </testcase> <!-- @BeforeMethod openApplication -->
  <testcase name="@AfterMethod closeApplication" time="-1.603275756182E9" classname="generic.Precondition">
    <skipped/>
  </testcase> <!-- @AfterMethod closeApplication -->
  <testcase name="@BeforeMethod openApplication" time="-1.603275756182E9" classname="generic.Precondition">
    <skipped/>
  </testcase> <!-- @BeforeMethod openApplication -->
  <testcase name="@AfterMethod closeApplication" time="-1.603275756184E9" classname="generic.Precondition">
    <skipped/>
  </testcase> <!-- @AfterMethod closeApplication -->
  <testcase name="@BeforeMethod openApplication" time="-1.603275756185E9" classname="generic.Precondition">
    <skipped/>
  </testcase> <!-- @BeforeMethod openApplication -->
  <testcase name="@AfterMethod closeApplication" time="-1.603275756187E9" classname="generic.Precondition">
    <skipped/>
  </testcase> <!-- @AfterMethod closeApplication -->
  <testcase name="@BeforeMethod openApplication" time="-1.603275756187E9" classname="generic.Precondition">
    <skipped/>
  </testcase> <!-- @BeforeMethod openApplication -->
  <testcase name="@AfterMethod closeApplication" time="-1.60327575619E9" classname="generic.Precondition">
    <skipped/>
  </testcase> <!-- @AfterMethod closeApplication -->
  <testcase name="@BeforeMethod openApplication" time="-1.603275756191E9" classname="generic.Precondition">
    <skipped/>
  </testcase> <!-- @BeforeMethod openApplication -->
  <testcase name="@AfterMethod closeApplication" time="-1.603275756193E9" classname="generic.Precondition">
    <skipped/>
  </testcase> <!-- @AfterMethod closeApplication -->
  <testcase name="@BeforeMethod openApplication" time="-1.603275756194E9" classname="generic.Precondition">
    <skipped/>
  </testcase> <!-- @BeforeMethod openApplication -->
  <testcase name="@AfterMethod closeApplication" time="-1.603275756196E9" classname="generic.Precondition">
    <skipped/>
  </testcase> <!-- @AfterMethod closeApplication -->
  <testcase name="@BeforeMethod openApplication" time="-1.603275756196E9" classname="generic.Precondition">
    <skipped/>
  </testcase> <!-- @BeforeMethod openApplication -->
  <testcase name="@AfterMethod closeApplication" time="-1.603275756198E9" classname="generic.Precondition">
    <skipped/>
  </testcase> <!-- @AfterMethod closeApplication -->
  <testcase name="@BeforeMethod openApplication" time="-1.60327575624E9" classname="generic.Precondition">
    <skipped/>
  </testcase> <!-- @BeforeMethod openApplication -->
  <testcase name="@AfterMethod closeApplication" time="-1.603275756243E9" classname="generic.Precondition">
    <skipped/>
  </testcase> <!-- @AfterMethod closeApplication -->
  <testcase name="@BeforeMethod openApplication" time="-1.603275756286E9" classname="generic.Precondition">
    <skipped/>
  </testcase> <!-- @BeforeMethod openApplication -->
  <testcase name="@AfterMethod closeApplication" time="-1.603275756288E9" classname="generic.Precondition">
    <skipped/>
  </testcase> <!-- @AfterMethod closeApplication -->
  <testcase name="@BeforeMethod openApplication" time="-1.603275756289E9" classname="generic.Precondition">
    <skipped/>
  </testcase> <!-- @BeforeMethod openApplication -->
  <testcase name="@AfterMethod closeApplication" time="-1.603275756291E9" classname="generic.Precondition">
    <skipped/>
  </testcase> <!-- @AfterMethod closeApplication -->
  <testcase name="@BeforeMethod openApplication" time="-1.603275756291E9" classname="generic.Precondition">
    <skipped/>
  </testcase> <!-- @BeforeMethod openApplication -->
  <testcase name="@AfterMethod closeApplication" time="-1.603275756293E9" classname="generic.Precondition">
    <skipped/>
  </testcase> <!-- @AfterMethod closeApplication -->
  <testcase name="@BeforeMethod openApplication" time="-1.603275756294E9" classname="generic.Precondition">
    <skipped/>
  </testcase> <!-- @BeforeMethod openApplication -->
  <testcase name="@AfterMethod closeApplication" time="-1.603275756296E9" classname="generic.Precondition">
    <skipped/>
  </testcase> <!-- @AfterMethod closeApplication -->
  <testcase name="@BeforeMethod openApplication" time="-1.603275756296E9" classname="generic.Precondition">
    <skipped/>
  </testcase> <!-- @BeforeMethod openApplication -->
  <testcase name="@AfterMethod closeApplication" time="-1.603275756298E9" classname="generic.Precondition">
    <skipped/>
  </testcase> <!-- @AfterMethod closeApplication -->
  <testcase name="select_LoseWeight_Beginner_Spin_Availoffer_Dothe_Payment_Entering_Credentials_Error_while_processing_the_card" time="27.765" classname="testscript.Run_Mummy_Payment"/>
  <testcase name="select_LoseWeight_Beginner_Spin_Availoffer_Dothe_Payment_Entering_Credentials_Error_while_processing_the_card" time="30.541" classname="testscript.Run_Mummy_Payment"/>
  <testcase name="select_LoseWeight_Beginner_Spin_Availoffer_Dothe_Payment_Entering_Credentials_Error_while_processing_the_card" time="29.701" classname="testscript.Run_Mummy_Payment"/>
  <testcase name="select_LoseWeight_Beginner_Spin_Availoffer_Dothe_Payment_Entering_Credentials_Error_while_processing_the_card" time="24.384" classname="testscript.Run_Mummy_Payment"/>
  <testcase name="select_LoseWeight_Beginner_Spin_Availoffer_Dothe_Payment_Entering_Credentials_Error_while_processing_the_card" time="32.049" classname="testscript.Run_Mummy_Payment"/>
  <testcase name="select_LoseWeight_Beginner_Spin_Availoffer_Dothe_Payment_Entering_Credentials_Error_while_processing_the_card" time="24.458" classname="testscript.Run_Mummy_Payment"/>
  <testcase name="select_LoseWeight_Beginner_Spin_Availoffer_Dothe_Payment_Entering_Credentials_Error_while_processing_the_card" time="24.75" classname="testscript.Run_Mummy_Payment"/>
  <testcase name="select_LoseWeight_Beginner_Spin_Availoffer_Dothe_Payment_Entering_Credentials_Error_while_processing_the_card" time="26.088" classname="testscript.Run_Mummy_Payment"/>
  <testcase name="select_LoseWeight_Beginner_Spin_Availoffer_Dothe_Payment_Entering_Credentials_Error_while_processing_the_card" time="23.714" classname="testscript.Run_Mummy_Payment"/>
  <testcase name="select_LoseWeight_Beginner_Spin_Availoffer_Dothe_Payment_Entering_Credentials_Error_while_processing_the_card" time="22.814" classname="testscript.Run_Mummy_Payment"/>
  <testcase name="select_LoseWeight_Beginner_Spin_Availoffer_Dothe_Payment_Entering_Credentials_Error_while_processing_the_card" time="23.212" classname="testscript.Run_Mummy_Payment"/>
  <testcase name="select_LoseWeight_Beginner_Spin_Availoffer_Dothe_Payment_Entering_Credentials_Error_while_processing_the_card" time="26.158" classname="testscript.Run_Mummy_Payment"/>
  <testcase name="select_LoseWeight_Beginner_Spin_Availoffer_Dothe_Payment_Entering_Credentials_Error_while_processing_the_card" time="22.757" classname="testscript.Run_Mummy_Payment"/>
  <testcase name="select_LoseWeight_Beginner_Spin_Availoffer_Dothe_Payment_Entering_Credentials_Error_while_processing_the_card" time="24.966" classname="testscript.Run_Mummy_Payment"/>
  <testcase name="select_LoseWeight_Beginner_Spin_Availoffer_Dothe_Payment_Entering_Credentials_Error_while_processing_the_card" time="24.653" classname="testscript.Run_Mummy_Payment"/>
  <testcase name="select_LoseWeight_Beginner_Spin_Availoffer_Dothe_Payment_Entering_Credentials_Error_while_processing_the_card" time="23.529" classname="testscript.Run_Mummy_Payment"/>
  <testcase name="select_LoseWeight_Beginner_Spin_Availoffer_Dothe_Payment_Entering_Credentials_Error_while_processing_the_card" time="30.311" classname="testscript.Run_Mummy_Payment"/>
  <testcase name="select_LoseWeight_Beginner_Spin_Availoffer_Dothe_Payment_Entering_Credentials_Error_while_processing_the_card" time="65.656" classname="testscript.Run_Mummy_Payment"/>
  <testcase name="select_LoseWeight_Beginner_Spin_Availoffer_Dothe_Payment_Entering_Credentials_Error_while_processing_the_card" time="63.4" classname="testscript.Run_Mummy_Payment">
    <failure type="java.lang.AssertionError" message="Proper Error message not displayed">
      <![CDATA[java.lang.AssertionError: Proper Error message not displayed
at org.testng.Assert.fail(Assert.java:97)
at generic.Base_Page.getText(Base_Page.java:62)
at pom.Auro_Checkout_Page.verifyProcessingErrorMessage(Auro_Checkout_Page.java:149)
at testscript.Run_Mummy_Payment.select_LoseWeight_Beginner_Spin_Availoffer_Dothe_Payment_Entering_Credentials_Error_while_processing_the_card(Run_Mummy_Payment.java:226)
at sun.reflect.GeneratedMethodAccessor5.invoke(Unknown Source)
at sun.reflect.DelegatingMethodAccessorImpl.invoke(Unknown Source)
at java.lang.reflect.Method.invoke(Unknown Source)
at org.testng.internal.MethodInvocationHelper.invokeMethod(MethodInvocationHelper.java:135)
at org.testng.internal.TestInvoker.invokeMethod(TestInvoker.java:598)
at org.testng.internal.TestInvoker.invokeTestMethod(TestInvoker.java:174)
at org.testng.internal.MethodRunner.runInSequence(MethodRunner.java:46)
at org.testng.internal.TestInvoker$MethodInvocationAgent.invoke(TestInvoker.java:821)
at org.testng.internal.TestInvoker.invokeTestMethods(TestInvoker.java:147)
at org.testng.internal.TestMethodWorker.invokeTestMethods(TestMethodWorker.java:146)
at org.testng.internal.TestMethodWorker.run(TestMethodWorker.java:128)
at java.util.ArrayList.forEach(Unknown Source)
at org.testng.TestRunner.privateRun(TestRunner.java:767)
at org.testng.TestRunner.run(TestRunner.java:588)
at org.testng.SuiteRunner.runTest(SuiteRunner.java:384)
at org.testng.SuiteRunner.runSequentially(SuiteRunner.java:378)
at org.testng.SuiteRunner.privateRun(SuiteRunner.java:337)
at org.testng.SuiteRunner.run(SuiteRunner.java:286)
at org.testng.SuiteRunnerWorker.runSuite(SuiteRunnerWorker.java:53)
at org.testng.SuiteRunnerWorker.run(SuiteRunnerWorker.java:96)
at org.testng.TestNG.runSuitesSequentially(TestNG.java:1214)
at org.testng.TestNG.runSuitesLocally(TestNG.java:1136)
at org.testng.TestNG.runSuites(TestNG.java:1066)
at org.testng.TestNG.run(TestNG.java:1034)
at org.testng.remote.AbstractRemoteTestNG.run(AbstractRemoteTestNG.java:115)
at org.testng.remote.RemoteTestNG.initAndRun(RemoteTestNG.java:251)
at org.testng.remote.RemoteTestNG.main(RemoteTestNG.java:77)
]]>
    </failure>
  </testcase> <!-- select_LoseWeight_Beginner_Spin_Availoffer_Dothe_Payment_Entering_Credentials_Error_while_processing_the_card -->
  <testcase name="select_LoseWeight_Beginner_Spin_Availoffer_Dothe_Payment_Entering_Credentials_Error_while_processing_the_card" time="31.869" classname="testscript.Run_Mummy_Payment"/>
  <testcase name="select_LoseWeight_Beginner_Spin_Availoffer_Dothe_Payment_Entering_Credentials_Error_while_processing_the_card" time="36.713" classname="testscript.Run_Mummy_Payment"/>
  <testcase name="select_LoseWeight_Beginner_Spin_Availoffer_Dothe_Payment_Entering_Credentials_Error_while_processing_the_card" time="24.783" classname="testscript.Run_Mummy_Payment"/>
  <testcase name="select_LoseWeight_Beginner_Spin_Availoffer_Dothe_Payment_Entering_Credentials_Error_while_processing_the_card" time="29.158" classname="testscript.Run_Mummy_Payment"/>
  <testcase name="select_LoseWeight_Beginner_Spin_Availoffer_Dothe_Payment_Entering_Credentials_Error_while_processing_the_card" time="29.025" classname="testscript.Run_Mummy_Payment"/>
  <testcase name="select_LoseWeight_Beginner_Spin_Availoffer_Dothe_Payment_Entering_Credentials_Error_while_processing_the_card" time="35.006" classname="testscript.Run_Mummy_Payment"/>
  <testcase name="select_LoseWeight_Beginner_Spin_Availoffer_Dothe_Payment_Entering_Credentials_Error_while_processing_the_card" time="32.928" classname="testscript.Run_Mummy_Payment"/>
  <testcase name="select_LoseWeight_Beginner_Spin_Availoffer_Dothe_Payment_Entering_Credentials_Error_while_processing_the_card" time="23.243" classname="testscript.Run_Mummy_Payment"/>
  <testcase name="select_LoseWeight_Beginner_Spin_Availoffer_Dothe_Payment_Entering_Credentials_Error_while_processing_the_card" time="12.323" classname="testscript.Run_Mummy_Payment">
    <failure type="org.openqa.selenium.WebDriverException" message="disconnected: not connected to DevTools
  (Session info: chrome=86.0.4240.75)
Build info: version: &amp;apos;3.141.59&amp;apos;, revision: &amp;apos;e82be7d358&amp;apos;, time: &amp;apos;2018-11-14T08:25:53&amp;apos;
System info: host: &amp;apos;DESKTOP-M2K5DOK&amp;apos;, ip: &amp;apos;192.168.1.100&amp;apos;, os.name: &amp;apos;Windows 10&amp;apos;, os.arch: &amp;apos;amd64&amp;apos;, os.version: &amp;apos;10.0&amp;apos;, java.version: &amp;apos;1.8.0_241&amp;apos;
Driver info: org.openqa.selenium.chrome.ChromeDriver
Capabilities {acceptInsecureCerts: false, browserName: chrome, browserVersion: 86.0.4240.75, chrome: {chromedriverVersion: 85.0.4183.87 (cd6713ebf92fa..., userDataDir: C:\Users\aa\AppData\Local\T...}, goog:chromeOptions: {debuggerAddress: localhost:51011}, javascriptEnabled: true, networkConnectionEnabled: false, pageLoadStrategy: normal, platform: WINDOWS, platformName: WINDOWS, proxy: Proxy(), setWindowRect: true, strictFileInteractability: false, timeouts: {implicit: 0, pageLoad: 300000, script: 30000}, unhandledPromptBehavior: dismiss and notify, webauthn:virtualAuthenticators: true}
Session ID: bee88c106df2dc520d70c8f9f242f04f">
      <![CDATA[org.openqa.selenium.WebDriverException: disconnected: not connected to DevTools
  (Session info: chrome=86.0.4240.75)
Build info: version: '3.141.59', revision: 'e82be7d358', time: '2018-11-14T08:25:53'
System info: host: 'DESKTOP-M2K5DOK', ip: '192.168.1.100', os.name: 'Windows 10', os.arch: 'amd64', os.version: '10.0', java.version: '1.8.0_241'
Driver info: org.openqa.selenium.chrome.ChromeDriver
Capabilities {acceptInsecureCerts: false, browserName: chrome, browserVersion: 86.0.4240.75, chrome: {chromedriverVersion: 85.0.4183.87 (cd6713ebf92fa..., userDataDir: C:\Users\aa\AppData\Local\T...}, goog:chromeOptions: {debuggerAddress: localhost:51011}, javascriptEnabled: true, networkConnectionEnabled: false, pageLoadStrategy: normal, platform: WINDOWS, platformName: WINDOWS, proxy: Proxy(), setWindowRect: true, strictFileInteractability: false, timeouts: {implicit: 0, pageLoad: 300000, script: 30000}, unhandledPromptBehavior: dismiss and notify, webauthn:virtualAuthenticators: true}
Session ID: bee88c106df2dc520d70c8f9f242f04f
at sun.reflect.NativeConstructorAccessorImpl.newInstance0(Native Method)
at sun.reflect.NativeConstructorAccessorImpl.newInstance(Unknown Source)
at sun.reflect.DelegatingConstructorAccessorImpl.newInstance(Unknown Source)
at java.lang.reflect.Constructor.newInstance(Unknown Source)
at org.openqa.selenium.remote.http.W3CHttpResponseCodec.createException(W3CHttpResponseCodec.java:187)
at org.openqa.selenium.remote.http.W3CHttpResponseCodec.decode(W3CHttpResponseCodec.java:122)
at org.openqa.selenium.remote.http.W3CHttpResponseCodec.decode(W3CHttpResponseCodec.java:49)
at org.openqa.selenium.remote.HttpCommandExecutor.execute(HttpCommandExecutor.java:158)
at org.openqa.selenium.remote.service.DriverCommandExecutor.execute(DriverCommandExecutor.java:83)
at org.openqa.selenium.remote.RemoteWebDriver.execute(RemoteWebDriver.java:552)
at org.openqa.selenium.remote.RemoteWebElement.execute(RemoteWebElement.java:285)
at org.openqa.selenium.remote.RemoteWebElement.click(RemoteWebElement.java:84)
at sun.reflect.GeneratedMethodAccessor1.invoke(Unknown Source)
at sun.reflect.DelegatingMethodAccessorImpl.invoke(Unknown Source)
at java.lang.reflect.Method.invoke(Unknown Source)
at org.openqa.selenium.support.pagefactory.internal.LocatingElementHandler.invoke(LocatingElementHandler.java:51)
at com.sun.proxy.$Proxy9.click(Unknown Source)
at pom.Auro_SignUp_Page.clickEmailTextfield(Auro_SignUp_Page.java:57)
at testscript.Run_Mummy_Payment.select_LoseWeight_Beginner_Spin_Availoffer_Dothe_Payment_Entering_Credentials_Error_while_processing_the_card(Run_Mummy_Payment.java:199)
at sun.reflect.GeneratedMethodAccessor5.invoke(Unknown Source)
at sun.reflect.DelegatingMethodAccessorImpl.invoke(Unknown Source)
at java.lang.reflect.Method.invoke(Unknown Source)
at org.testng.internal.MethodInvocationHelper.invokeMethod(MethodInvocationHelper.java:135)
at org.testng.internal.TestInvoker.invokeMethod(TestInvoker.java:598)
at org.testng.internal.TestInvoker.invokeTestMethod(TestInvoker.java:174)
at org.testng.internal.MethodRunner.runInSequence(MethodRunner.java:46)
at org.testng.internal.TestInvoker$MethodInvocationAgent.invoke(TestInvoker.java:821)
at org.testng.internal.TestInvoker.invokeTestMethods(TestInvoker.java:147)
at org.testng.internal.TestMethodWorker.invokeTestMethods(TestMethodWorker.java:146)
at org.testng.internal.TestMethodWorker.run(TestMethodWorker.java:128)
at java.util.ArrayList.forEach(Unknown Source)
at org.testng.TestRunner.privateRun(TestRunner.java:767)
at org.testng.TestRunner.run(TestRunner.java:588)
at org.testng.SuiteRunner.runTest(SuiteRunner.java:384)
at org.testng.SuiteRunner.runSequentially(SuiteRunner.java:378)
at org.testng.SuiteRunner.privateRun(SuiteRunner.java:337)
at org.testng.SuiteRunner.run(SuiteRunner.java:286)
at org.testng.SuiteRunnerWorker.runSuite(SuiteRunnerWorker.java:53)
at org.testng.SuiteRunnerWorker.run(SuiteRunnerWorker.java:96)
at org.testng.TestNG.runSuitesSequentially(TestNG.java:1214)
at org.testng.TestNG.runSuitesLocally(TestNG.java:1136)
at org.testng.TestNG.runSuites(TestNG.java:1066)
at org.testng.TestNG.run(TestNG.java:1034)
at org.testng.remote.AbstractRemoteTestNG.run(AbstractRemoteTestNG.java:115)
at org.testng.remote.RemoteTestNG.initAndRun(RemoteTestNG.java:251)
at org.testng.remote.RemoteTestNG.main(RemoteTestNG.java:77)
]]>
    </failure>
  </testcase> <!-- select_LoseWeight_Beginner_Spin_Availoffer_Dothe_Payment_Entering_Credentials_Error_while_processing_the_card -->
  <testcase name="select_LoseWeight_Beginner_Spin_Availoffer_Dothe_Payment_Entering_Credentials_Error_while_processing_the_card" time="25.095" classname="testscript.Run_Mummy_Payment"/>
  <testcase name="select_LoseWeight_Beginner_Spin_Availoffer_Dothe_Payment_Entering_Credentials_Error_while_processing_the_card" time="24.715" classname="testscript.Run_Mummy_Payment"/>
  <testcase name="select_LoseWeight_Beginner_Spin_Availoffer_Dothe_Payment_Entering_Credentials_Error_while_processing_the_card" time="22.589" classname="testscript.Run_Mummy_Payment"/>
  <testcase name="select_LoseWeight_Beginner_Spin_Availoffer_Dothe_Payment_Entering_Credentials_Error_while_processing_the_card" time="25.651" classname="testscript.Run_Mummy_Payment"/>
  <testcase name="select_LoseWeight_Beginner_Spin_Availoffer_Dothe_Payment_Entering_Credentials_Error_while_processing_the_card" time="39.817" classname="testscript.Run_Mummy_Payment"/>
  <testcase name="select_LoseWeight_Beginner_Spin_Availoffer_Dothe_Payment_Entering_Credentials_Error_while_processing_the_card" time="34.455" classname="testscript.Run_Mummy_Payment"/>
  <testcase name="select_LoseWeight_Beginner_Spin_Availoffer_Dothe_Payment_Entering_Credentials_Error_while_processing_the_card" time="37.376" classname="testscript.Run_Mummy_Payment"/>
  <testcase name="select_LoseWeight_Beginner_Spin_Availoffer_Dothe_Payment_Entering_Credentials_Error_while_processing_the_card" time="38.146" classname="testscript.Run_Mummy_Payment"/>
  <testcase name="select_LoseWeight_Beginner_Spin_Availoffer_Dothe_Payment_Entering_Credentials_Error_while_processing_the_card" time="27.717" classname="testscript.Run_Mummy_Payment"/>
  <testcase name="select_LoseWeight_Beginner_Spin_Availoffer_Dothe_Payment_Entering_Credentials_Error_while_processing_the_card" time="29.162" classname="testscript.Run_Mummy_Payment"/>
  <testcase name="select_LoseWeight_Beginner_Spin_Availoffer_Dothe_Payment_Entering_Credentials_Error_while_processing_the_card" time="35.391" classname="testscript.Run_Mummy_Payment">
    <failure type="org.openqa.selenium.ElementClickInterceptedException" message="element click intercepted: Element &amp;lt;button type=&amp;quot;button&amp;quot; class=&amp;quot;btn button teal&amp;quot; id=&amp;quot;coupon-apply-btn&amp;quot; style=&amp;quot;background: #ff6155; border-radius: 0; font-size: .9rem;&amp;quot;&amp;gt;...&amp;lt;/button&amp;gt; is not clickable at point (389, 124). Other element would receive the click: &amp;lt;div class=&amp;quot;swiper-slide swiper-no-swiping swiper-slide-active&amp;quot; id=&amp;quot;checkout-slide&amp;quot; data-url-hash=&amp;quot;checkout&amp;quot; data-slide-index=&amp;quot;4&amp;quot; style=&amp;quot;width: 1366px;&amp;quot;&amp;gt;...&amp;lt;/div&amp;gt;
  (Session info: chrome=86.0.4240.75)
Build info: version: &amp;apos;3.141.59&amp;apos;, revision: &amp;apos;e82be7d358&amp;apos;, time: &amp;apos;2018-11-14T08:25:53&amp;apos;
System info: host: &amp;apos;DESKTOP-M2K5DOK&amp;apos;, ip: &amp;apos;192.168.1.100&amp;apos;, os.name: &amp;apos;Windows 10&amp;apos;, os.arch: &amp;apos;amd64&amp;apos;, os.version: &amp;apos;10.0&amp;apos;, java.version: &amp;apos;1.8.0_241&amp;apos;
Driver info: org.openqa.selenium.chrome.ChromeDriver
Capabilities {acceptInsecureCerts: false, browserName: chrome, browserVersion: 86.0.4240.75, chrome: {chromedriverVersion: 85.0.4183.87 (cd6713ebf92fa..., userDataDir: C:\Users\aa\AppData\Local\T...}, goog:chromeOptions: {debuggerAddress: localhost:51886}, javascriptEnabled: true, networkConnectionEnabled: false, pageLoadStrategy: normal, platform: WINDOWS, platformName: WINDOWS, proxy: Proxy(), setWindowRect: true, strictFileInteractability: false, timeouts: {implicit: 0, pageLoad: 300000, script: 30000}, unhandledPromptBehavior: dismiss and notify, webauthn:virtualAuthenticators: true}
Session ID: a640906b894fb923f3e6b1712b42f055">
      <![CDATA[org.openqa.selenium.ElementClickInterceptedException: element click intercepted: Element <button type="button" class="btn button teal" id="coupon-apply-btn" style="background: #ff6155; border-radius: 0; font-size: .9rem;">...</button> is not clickable at point (389, 124). Other element would receive the click: <div class="swiper-slide swiper-no-swiping swiper-slide-active" id="checkout-slide" data-url-hash="checkout" data-slide-index="4" style="width: 1366px;">...</div>
  (Session info: chrome=86.0.4240.75)
Build info: version: '3.141.59', revision: 'e82be7d358', time: '2018-11-14T08:25:53'
System info: host: 'DESKTOP-M2K5DOK', ip: '192.168.1.100', os.name: 'Windows 10', os.arch: 'amd64', os.version: '10.0', java.version: '1.8.0_241'
Driver info: org.openqa.selenium.chrome.ChromeDriver
Capabilities {acceptInsecureCerts: false, browserName: chrome, browserVersion: 86.0.4240.75, chrome: {chromedriverVersion: 85.0.4183.87 (cd6713ebf92fa..., userDataDir: C:\Users\aa\AppData\Local\T...}, goog:chromeOptions: {debuggerAddress: localhost:51886}, javascriptEnabled: true, networkConnectionEnabled: false, pageLoadStrategy: normal, platform: WINDOWS, platformName: WINDOWS, proxy: Proxy(), setWindowRect: true, strictFileInteractability: false, timeouts: {implicit: 0, pageLoad: 300000, script: 30000}, unhandledPromptBehavior: dismiss and notify, webauthn:virtualAuthenticators: true}
Session ID: a640906b894fb923f3e6b1712b42f055
at sun.reflect.NativeConstructorAccessorImpl.newInstance0(Native Method)
at sun.reflect.NativeConstructorAccessorImpl.newInstance(Unknown Source)
at sun.reflect.DelegatingConstructorAccessorImpl.newInstance(Unknown Source)
at java.lang.reflect.Constructor.newInstance(Unknown Source)
at org.openqa.selenium.remote.http.W3CHttpResponseCodec.createException(W3CHttpResponseCodec.java:187)
at org.openqa.selenium.remote.http.W3CHttpResponseCodec.decode(W3CHttpResponseCodec.java:122)
at org.openqa.selenium.remote.http.W3CHttpResponseCodec.decode(W3CHttpResponseCodec.java:49)
at org.openqa.selenium.remote.HttpCommandExecutor.execute(HttpCommandExecutor.java:158)
at org.openqa.selenium.remote.service.DriverCommandExecutor.execute(DriverCommandExecutor.java:83)
at org.openqa.selenium.remote.RemoteWebDriver.execute(RemoteWebDriver.java:552)
at org.openqa.selenium.remote.RemoteWebElement.execute(RemoteWebElement.java:285)
at org.openqa.selenium.remote.RemoteWebElement.click(RemoteWebElement.java:84)
at sun.reflect.GeneratedMethodAccessor1.invoke(Unknown Source)
at sun.reflect.DelegatingMethodAccessorImpl.invoke(Unknown Source)
at java.lang.reflect.Method.invoke(Unknown Source)
at org.openqa.selenium.support.pagefactory.internal.LocatingElementHandler.invoke(LocatingElementHandler.java:51)
at com.sun.proxy.$Proxy9.click(Unknown Source)
at pom.Auro_Checkout_Page.clickApplyButton(Auro_Checkout_Page.java:84)
at testscript.Run_Mummy_Payment.select_LoseWeight_Beginner_Spin_Availoffer_Dothe_Payment_Entering_Credentials_Error_while_processing_the_card(Run_Mummy_Payment.java:211)
at sun.reflect.GeneratedMethodAccessor5.invoke(Unknown Source)
at sun.reflect.DelegatingMethodAccessorImpl.invoke(Unknown Source)
at java.lang.reflect.Method.invoke(Unknown Source)
at org.testng.internal.MethodInvocationHelper.invokeMethod(MethodInvocationHelper.java:135)
at org.testng.internal.TestInvoker.invokeMethod(TestInvoker.java:598)
at org.testng.internal.TestInvoker.invokeTestMethod(TestInvoker.java:174)
at org.testng.internal.MethodRunner.runInSequence(MethodRunner.java:46)
at org.testng.internal.TestInvoker$MethodInvocationAgent.invoke(TestInvoker.java:821)
at org.testng.internal.TestInvoker.invokeTestMethods(TestInvoker.java:147)
at org.testng.internal.TestMethodWorker.invokeTestMethods(TestMethodWorker.java:146)
at org.testng.internal.TestMethodWorker.run(TestMethodWorker.java:128)
at java.util.ArrayList.forEach(Unknown Source)
at org.testng.TestRunner.privateRun(TestRunner.java:767)
at org.testng.TestRunner.run(TestRunner.java:588)
at org.testng.SuiteRunner.runTest(SuiteRunner.java:384)
at org.testng.SuiteRunner.runSequentially(SuiteRunner.java:378)
at org.testng.SuiteRunner.privateRun(SuiteRunner.java:337)
at org.testng.SuiteRunner.run(SuiteRunner.java:286)
at org.testng.SuiteRunnerWorker.runSuite(SuiteRunnerWorker.java:53)
at org.testng.SuiteRunnerWorker.run(SuiteRunnerWorker.java:96)
at org.testng.TestNG.runSuitesSequentially(TestNG.java:1214)
at org.testng.TestNG.runSuitesLocally(TestNG.java:1136)
at org.testng.TestNG.runSuites(TestNG.java:1066)
at org.testng.TestNG.run(TestNG.java:1034)
at org.testng.remote.AbstractRemoteTestNG.run(AbstractRemoteTestNG.java:115)
at org.testng.remote.RemoteTestNG.initAndRun(RemoteTestNG.java:251)
at org.testng.remote.RemoteTestNG.main(RemoteTestNG.java:77)
]]>
    </failure>
  </testcase> <!-- select_LoseWeight_Beginner_Spin_Availoffer_Dothe_Payment_Entering_Credentials_Error_while_processing_the_card -->
  <testcase name="select_LoseWeight_Beginner_Spin_Availoffer_Dothe_Payment_Entering_Credentials_Error_while_processing_the_card" time="29.035" classname="testscript.Run_Mummy_Payment"/>
  <testcase name="select_LoseWeight_Beginner_Spin_Availoffer_Dothe_Payment_Entering_Credentials_Error_while_processing_the_card" time="26.538" classname="testscript.Run_Mummy_Payment"/>
  <testcase name="select_LoseWeight_Beginner_Spin_Availoffer_Dothe_Payment_Entering_Credentials_Error_while_processing_the_card" time="25.445" classname="testscript.Run_Mummy_Payment"/>
  <testcase name="select_LoseWeight_Beginner_Spin_Availoffer_Dothe_Payment_Entering_Credentials_Error_while_processing_the_card" time="27.182" classname="testscript.Run_Mummy_Payment">
    <failure type="org.openqa.selenium.ElementClickInterceptedException" message="element click intercepted: Element &amp;lt;button type=&amp;quot;button&amp;quot; class=&amp;quot;btn button teal&amp;quot; id=&amp;quot;coupon-apply-btn&amp;quot; style=&amp;quot;background: #ff6155; border-radius: 0; font-size: .9rem;&amp;quot;&amp;gt;...&amp;lt;/button&amp;gt; is not clickable at point (766, 124). Other element would receive the click: &amp;lt;div style=&amp;quot;margin: 0 auto; margin-top: 3rem;&amp;quot;&amp;gt;...&amp;lt;/div&amp;gt;
  (Session info: chrome=86.0.4240.75)
Build info: version: &amp;apos;3.141.59&amp;apos;, revision: &amp;apos;e82be7d358&amp;apos;, time: &amp;apos;2018-11-14T08:25:53&amp;apos;
System info: host: &amp;apos;DESKTOP-M2K5DOK&amp;apos;, ip: &amp;apos;192.168.1.100&amp;apos;, os.name: &amp;apos;Windows 10&amp;apos;, os.arch: &amp;apos;amd64&amp;apos;, os.version: &amp;apos;10.0&amp;apos;, java.version: &amp;apos;1.8.0_241&amp;apos;
Driver info: org.openqa.selenium.chrome.ChromeDriver
Capabilities {acceptInsecureCerts: false, browserName: chrome, browserVersion: 86.0.4240.75, chrome: {chromedriverVersion: 85.0.4183.87 (cd6713ebf92fa..., userDataDir: C:\Users\aa\AppData\Local\T...}, goog:chromeOptions: {debuggerAddress: localhost:52207}, javascriptEnabled: true, networkConnectionEnabled: false, pageLoadStrategy: normal, platform: WINDOWS, platformName: WINDOWS, proxy: Proxy(), setWindowRect: true, strictFileInteractability: false, timeouts: {implicit: 0, pageLoad: 300000, script: 30000}, unhandledPromptBehavior: dismiss and notify, webauthn:virtualAuthenticators: true}
Session ID: 59b41b2c5469e371bd3584677d31ab72">
      <![CDATA[org.openqa.selenium.ElementClickInterceptedException: element click intercepted: Element <button type="button" class="btn button teal" id="coupon-apply-btn" style="background: #ff6155; border-radius: 0; font-size: .9rem;">...</button> is not clickable at point (766, 124). Other element would receive the click: <div style="margin: 0 auto; margin-top: 3rem;">...</div>
  (Session info: chrome=86.0.4240.75)
Build info: version: '3.141.59', revision: 'e82be7d358', time: '2018-11-14T08:25:53'
System info: host: 'DESKTOP-M2K5DOK', ip: '192.168.1.100', os.name: 'Windows 10', os.arch: 'amd64', os.version: '10.0', java.version: '1.8.0_241'
Driver info: org.openqa.selenium.chrome.ChromeDriver
Capabilities {acceptInsecureCerts: false, browserName: chrome, browserVersion: 86.0.4240.75, chrome: {chromedriverVersion: 85.0.4183.87 (cd6713ebf92fa..., userDataDir: C:\Users\aa\AppData\Local\T...}, goog:chromeOptions: {debuggerAddress: localhost:52207}, javascriptEnabled: true, networkConnectionEnabled: false, pageLoadStrategy: normal, platform: WINDOWS, platformName: WINDOWS, proxy: Proxy(), setWindowRect: true, strictFileInteractability: false, timeouts: {implicit: 0, pageLoad: 300000, script: 30000}, unhandledPromptBehavior: dismiss and notify, webauthn:virtualAuthenticators: true}
Session ID: 59b41b2c5469e371bd3584677d31ab72
at sun.reflect.NativeConstructorAccessorImpl.newInstance0(Native Method)
at sun.reflect.NativeConstructorAccessorImpl.newInstance(Unknown Source)
at sun.reflect.DelegatingConstructorAccessorImpl.newInstance(Unknown Source)
at java.lang.reflect.Constructor.newInstance(Unknown Source)
at org.openqa.selenium.remote.http.W3CHttpResponseCodec.createException(W3CHttpResponseCodec.java:187)
at org.openqa.selenium.remote.http.W3CHttpResponseCodec.decode(W3CHttpResponseCodec.java:122)
at org.openqa.selenium.remote.http.W3CHttpResponseCodec.decode(W3CHttpResponseCodec.java:49)
at org.openqa.selenium.remote.HttpCommandExecutor.execute(HttpCommandExecutor.java:158)
at org.openqa.selenium.remote.service.DriverCommandExecutor.execute(DriverCommandExecutor.java:83)
at org.openqa.selenium.remote.RemoteWebDriver.execute(RemoteWebDriver.java:552)
at org.openqa.selenium.remote.RemoteWebElement.execute(RemoteWebElement.java:285)
at org.openqa.selenium.remote.RemoteWebElement.click(RemoteWebElement.java:84)
at sun.reflect.GeneratedMethodAccessor1.invoke(Unknown Source)
at sun.reflect.DelegatingMethodAccessorImpl.invoke(Unknown Source)
at java.lang.reflect.Method.invoke(Unknown Source)
at org.openqa.selenium.support.pagefactory.internal.LocatingElementHandler.invoke(LocatingElementHandler.java:51)
at com.sun.proxy.$Proxy9.click(Unknown Source)
at pom.Auro_Checkout_Page.clickApplyButton(Auro_Checkout_Page.java:84)
at testscript.Run_Mummy_Payment.select_LoseWeight_Beginner_Spin_Availoffer_Dothe_Payment_Entering_Credentials_Error_while_processing_the_card(Run_Mummy_Payment.java:211)
at sun.reflect.GeneratedMethodAccessor5.invoke(Unknown Source)
at sun.reflect.DelegatingMethodAccessorImpl.invoke(Unknown Source)
at java.lang.reflect.Method.invoke(Unknown Source)
at org.testng.internal.MethodInvocationHelper.invokeMethod(MethodInvocationHelper.java:135)
at org.testng.internal.TestInvoker.invokeMethod(TestInvoker.java:598)
at org.testng.internal.TestInvoker.invokeTestMethod(TestInvoker.java:174)
at org.testng.internal.MethodRunner.runInSequence(MethodRunner.java:46)
at org.testng.internal.TestInvoker$MethodInvocationAgent.invoke(TestInvoker.java:821)
at org.testng.internal.TestInvoker.invokeTestMethods(TestInvoker.java:147)
at org.testng.internal.TestMethodWorker.invokeTestMethods(TestMethodWorker.java:146)
at org.testng.internal.TestMethodWorker.run(TestMethodWorker.java:128)
at java.util.ArrayList.forEach(Unknown Source)
at org.testng.TestRunner.privateRun(TestRunner.java:767)
at org.testng.TestRunner.run(TestRunner.java:588)
at org.testng.SuiteRunner.runTest(SuiteRunner.java:384)
at org.testng.SuiteRunner.runSequentially(SuiteRunner.java:378)
at org.testng.SuiteRunner.privateRun(SuiteRunner.java:337)
at org.testng.SuiteRunner.run(SuiteRunner.java:286)
at org.testng.SuiteRunnerWorker.runSuite(SuiteRunnerWorker.java:53)
at org.testng.SuiteRunnerWorker.run(SuiteRunnerWorker.java:96)
at org.testng.TestNG.runSuitesSequentially(TestNG.java:1214)
at org.testng.TestNG.runSuitesLocally(TestNG.java:1136)
at org.testng.TestNG.runSuites(TestNG.java:1066)
at org.testng.TestNG.run(TestNG.java:1034)
at org.testng.remote.AbstractRemoteTestNG.run(AbstractRemoteTestNG.java:115)
at org.testng.remote.RemoteTestNG.initAndRun(RemoteTestNG.java:251)
at org.testng.remote.RemoteTestNG.main(RemoteTestNG.java:77)
]]>
    </failure>
  </testcase> <!-- select_LoseWeight_Beginner_Spin_Availoffer_Dothe_Payment_Entering_Credentials_Error_while_processing_the_card -->
  <testcase name="select_LoseWeight_Beginner_Spin_Availoffer_Dothe_Payment_Entering_Credentials_Error_while_processing_the_card" time="32.541" classname="testscript.Run_Mummy_Payment"/>
  <testcase name="select_LoseWeight_Beginner_Spin_Availoffer_Dothe_Payment_Entering_Credentials_Error_while_processing_the_card" time="27.309" classname="testscript.Run_Mummy_Payment"/>
  <testcase name="select_LoseWeight_Beginner_Spin_Availoffer_Dothe_Payment_Entering_Credentials_Error_while_processing_the_card" time="26.319" classname="testscript.Run_Mummy_Payment"/>
  <testcase name="select_LoseWeight_Beginner_Spin_Availoffer_Dothe_Payment_Entering_Credentials_Error_while_processing_the_card" time="25.088" classname="testscript.Run_Mummy_Payment"/>
  <testcase name="select_LoseWeight_Beginner_Spin_Availoffer_Dothe_Payment_Entering_Credentials_Error_while_processing_the_card" time="32.375" classname="testscript.Run_Mummy_Payment"/>
  <testcase name="select_LoseWeight_Beginner_Spin_Availoffer_Dothe_Payment_Entering_Credentials_Error_while_processing_the_card" time="24.292" classname="testscript.Run_Mummy_Payment"/>
  <testcase name="select_LoseWeight_Beginner_Spin_Availoffer_Dothe_Payment_Entering_Credentials_Error_while_processing_the_card" time="22.149" classname="testscript.Run_Mummy_Payment">
    <failure type="org.openqa.selenium.ElementClickInterceptedException" message="element click intercepted: Element &amp;lt;button type=&amp;quot;button&amp;quot; class=&amp;quot;btn button teal&amp;quot; id=&amp;quot;coupon-apply-btn&amp;quot; style=&amp;quot;background: #ff6155; border-radius: 0; font-size: .9rem;&amp;quot;&amp;gt;...&amp;lt;/button&amp;gt; is not clickable at point (612, 124). Other element would receive the click: &amp;lt;div class=&amp;quot;container&amp;quot; style=&amp;quot;height: 100%;&amp;quot;&amp;gt;...&amp;lt;/div&amp;gt;
  (Session info: chrome=86.0.4240.75)
Build info: version: &amp;apos;3.141.59&amp;apos;, revision: &amp;apos;e82be7d358&amp;apos;, time: &amp;apos;2018-11-14T08:25:53&amp;apos;
System info: host: &amp;apos;DESKTOP-M2K5DOK&amp;apos;, ip: &amp;apos;192.168.1.100&amp;apos;, os.name: &amp;apos;Windows 10&amp;apos;, os.arch: &amp;apos;amd64&amp;apos;, os.version: &amp;apos;10.0&amp;apos;, java.version: &amp;apos;1.8.0_241&amp;apos;
Driver info: org.openqa.selenium.chrome.ChromeDriver
Capabilities {acceptInsecureCerts: false, browserName: chrome, browserVersion: 86.0.4240.75, chrome: {chromedriverVersion: 85.0.4183.87 (cd6713ebf92fa..., userDataDir: C:\Users\aa\AppData\Local\T...}, goog:chromeOptions: {debuggerAddress: localhost:52783}, javascriptEnabled: true, networkConnectionEnabled: false, pageLoadStrategy: normal, platform: WINDOWS, platformName: WINDOWS, proxy: Proxy(), setWindowRect: true, strictFileInteractability: false, timeouts: {implicit: 0, pageLoad: 300000, script: 30000}, unhandledPromptBehavior: dismiss and notify, webauthn:virtualAuthenticators: true}
Session ID: 4a729be631a6f0717de38acfda154c88">
      <![CDATA[org.openqa.selenium.ElementClickInterceptedException: element click intercepted: Element <button type="button" class="btn button teal" id="coupon-apply-btn" style="background: #ff6155; border-radius: 0; font-size: .9rem;">...</button> is not clickable at point (612, 124). Other element would receive the click: <div class="container" style="height: 100%;">...</div>
  (Session info: chrome=86.0.4240.75)
Build info: version: '3.141.59', revision: 'e82be7d358', time: '2018-11-14T08:25:53'
System info: host: 'DESKTOP-M2K5DOK', ip: '192.168.1.100', os.name: 'Windows 10', os.arch: 'amd64', os.version: '10.0', java.version: '1.8.0_241'
Driver info: org.openqa.selenium.chrome.ChromeDriver
Capabilities {acceptInsecureCerts: false, browserName: chrome, browserVersion: 86.0.4240.75, chrome: {chromedriverVersion: 85.0.4183.87 (cd6713ebf92fa..., userDataDir: C:\Users\aa\AppData\Local\T...}, goog:chromeOptions: {debuggerAddress: localhost:52783}, javascriptEnabled: true, networkConnectionEnabled: false, pageLoadStrategy: normal, platform: WINDOWS, platformName: WINDOWS, proxy: Proxy(), setWindowRect: true, strictFileInteractability: false, timeouts: {implicit: 0, pageLoad: 300000, script: 30000}, unhandledPromptBehavior: dismiss and notify, webauthn:virtualAuthenticators: true}
Session ID: 4a729be631a6f0717de38acfda154c88
at sun.reflect.NativeConstructorAccessorImpl.newInstance0(Native Method)
at sun.reflect.NativeConstructorAccessorImpl.newInstance(Unknown Source)
at sun.reflect.DelegatingConstructorAccessorImpl.newInstance(Unknown Source)
at java.lang.reflect.Constructor.newInstance(Unknown Source)
at org.openqa.selenium.remote.http.W3CHttpResponseCodec.createException(W3CHttpResponseCodec.java:187)
at org.openqa.selenium.remote.http.W3CHttpResponseCodec.decode(W3CHttpResponseCodec.java:122)
at org.openqa.selenium.remote.http.W3CHttpResponseCodec.decode(W3CHttpResponseCodec.java:49)
at org.openqa.selenium.remote.HttpCommandExecutor.execute(HttpCommandExecutor.java:158)
at org.openqa.selenium.remote.service.DriverCommandExecutor.execute(DriverCommandExecutor.java:83)
at org.openqa.selenium.remote.RemoteWebDriver.execute(RemoteWebDriver.java:552)
at org.openqa.selenium.remote.RemoteWebElement.execute(RemoteWebElement.java:285)
at org.openqa.selenium.remote.RemoteWebElement.click(RemoteWebElement.java:84)
at sun.reflect.GeneratedMethodAccessor1.invoke(Unknown Source)
at sun.reflect.DelegatingMethodAccessorImpl.invoke(Unknown Source)
at java.lang.reflect.Method.invoke(Unknown Source)
at org.openqa.selenium.support.pagefactory.internal.LocatingElementHandler.invoke(LocatingElementHandler.java:51)
at com.sun.proxy.$Proxy9.click(Unknown Source)
at pom.Auro_Checkout_Page.clickApplyButton(Auro_Checkout_Page.java:84)
at testscript.Run_Mummy_Payment.select_LoseWeight_Beginner_Spin_Availoffer_Dothe_Payment_Entering_Credentials_Error_while_processing_the_card(Run_Mummy_Payment.java:211)
at sun.reflect.GeneratedMethodAccessor5.invoke(Unknown Source)
at sun.reflect.DelegatingMethodAccessorImpl.invoke(Unknown Source)
at java.lang.reflect.Method.invoke(Unknown Source)
at org.testng.internal.MethodInvocationHelper.invokeMethod(MethodInvocationHelper.java:135)
at org.testng.internal.TestInvoker.invokeMethod(TestInvoker.java:598)
at org.testng.internal.TestInvoker.invokeTestMethod(TestInvoker.java:174)
at org.testng.internal.MethodRunner.runInSequence(MethodRunner.java:46)
at org.testng.internal.TestInvoker$MethodInvocationAgent.invoke(TestInvoker.java:821)
at org.testng.internal.TestInvoker.invokeTestMethods(TestInvoker.java:147)
at org.testng.internal.TestMethodWorker.invokeTestMethods(TestMethodWorker.java:146)
at org.testng.internal.TestMethodWorker.run(TestMethodWorker.java:128)
at java.util.ArrayList.forEach(Unknown Source)
at org.testng.TestRunner.privateRun(TestRunner.java:767)
at org.testng.TestRunner.run(TestRunner.java:588)
at org.testng.SuiteRunner.runTest(SuiteRunner.java:384)
at org.testng.SuiteRunner.runSequentially(SuiteRunner.java:378)
at org.testng.SuiteRunner.privateRun(SuiteRunner.java:337)
at org.testng.SuiteRunner.run(SuiteRunner.java:286)
at org.testng.SuiteRunnerWorker.runSuite(SuiteRunnerWorker.java:53)
at org.testng.SuiteRunnerWorker.run(SuiteRunnerWorker.java:96)
at org.testng.TestNG.runSuitesSequentially(TestNG.java:1214)
at org.testng.TestNG.runSuitesLocally(TestNG.java:1136)
at org.testng.TestNG.runSuites(TestNG.java:1066)
at org.testng.TestNG.run(TestNG.java:1034)
at org.testng.remote.AbstractRemoteTestNG.run(AbstractRemoteTestNG.java:115)
at org.testng.remote.RemoteTestNG.initAndRun(RemoteTestNG.java:251)
at org.testng.remote.RemoteTestNG.main(RemoteTestNG.java:77)
]]>
    </failure>
  </testcase> <!-- select_LoseWeight_Beginner_Spin_Availoffer_Dothe_Payment_Entering_Credentials_Error_while_processing_the_card -->
  <testcase name="select_LoseWeight_Beginner_Spin_Availoffer_Dothe_Payment_Entering_Credentials_Error_while_processing_the_card" time="32.067" classname="testscript.Run_Mummy_Payment"/>
  <testcase name="select_LoseWeight_Beginner_Spin_Availoffer_Dothe_Payment_Entering_Credentials_Error_while_processing_the_card" time="0.0" classname="testscript.Run_Mummy_Payment">
    <skipped/>
  </testcase> <!-- select_LoseWeight_Beginner_Spin_Availoffer_Dothe_Payment_Entering_Credentials_Error_while_processing_the_card -->
  <testcase name="select_LoseWeight_Beginner_Spin_Availoffer_Dothe_Payment_Entering_Credentials_Error_while_processing_the_card" time="0.0" classname="testscript.Run_Mummy_Payment">
    <skipped/>
  </testcase> <!-- select_LoseWeight_Beginner_Spin_Availoffer_Dothe_Payment_Entering_Credentials_Error_while_processing_the_card -->
  <testcase name="select_LoseWeight_Beginner_Spin_Availoffer_Dothe_Payment_Entering_Credentials_Error_while_processing_the_card" time="0.0" classname="testscript.Run_Mummy_Payment">
    <skipped/>
  </testcase> <!-- select_LoseWeight_Beginner_Spin_Availoffer_Dothe_Payment_Entering_Credentials_Error_while_processing_the_card -->
  <testcase name="select_LoseWeight_Beginner_Spin_Availoffer_Dothe_Payment_Entering_Credentials_Error_while_processing_the_card" time="0.0" classname="testscript.Run_Mummy_Payment">
    <skipped/>
  </testcase> <!-- select_LoseWeight_Beginner_Spin_Availoffer_Dothe_Payment_Entering_Credentials_Error_while_processing_the_card -->
  <testcase name="select_LoseWeight_Beginner_Spin_Availoffer_Dothe_Payment_Entering_Credentials_Error_while_processing_the_card" time="0.0" classname="testscript.Run_Mummy_Payment">
    <skipped/>
  </testcase> <!-- select_LoseWeight_Beginner_Spin_Availoffer_Dothe_Payment_Entering_Credentials_Error_while_processing_the_card -->
  <testcase name="select_LoseWeight_Beginner_Spin_Availoffer_Dothe_Payment_Entering_Credentials_Error_while_processing_the_card" time="0.0" classname="testscript.Run_Mummy_Payment">
    <skipped/>
  </testcase> <!-- select_LoseWeight_Beginner_Spin_Availoffer_Dothe_Payment_Entering_Credentials_Error_while_processing_the_card -->
  <testcase name="select_LoseWeight_Beginner_Spin_Availoffer_Dothe_Payment_Entering_Credentials_Error_while_processing_the_card" time="0.0" classname="testscript.Run_Mummy_Payment">
    <skipped/>
  </testcase> <!-- select_LoseWeight_Beginner_Spin_Availoffer_Dothe_Payment_Entering_Credentials_Error_while_processing_the_card -->
  <testcase name="select_LoseWeight_Beginner_Spin_Availoffer_Dothe_Payment_Entering_Credentials_Error_while_processing_the_card" time="0.0" classname="testscript.Run_Mummy_Payment">
    <skipped/>
  </testcase> <!-- select_LoseWeight_Beginner_Spin_Availoffer_Dothe_Payment_Entering_Credentials_Error_while_processing_the_card -->
  <testcase name="select_LoseWeight_Beginner_Spin_Availoffer_Dothe_Payment_Entering_Credentials_Error_while_processing_the_card" time="0.0" classname="testscript.Run_Mummy_Payment">
    <skipped/>
  </testcase> <!-- select_LoseWeight_Beginner_Spin_Availoffer_Dothe_Payment_Entering_Credentials_Error_while_processing_the_card -->
  <testcase name="select_LoseWeight_Beginner_Spin_Availoffer_Dothe_Payment_Entering_Credentials_Error_while_processing_the_card" time="0.0" classname="testscript.Run_Mummy_Payment">
    <skipped/>
  </testcase> <!-- select_LoseWeight_Beginner_Spin_Availoffer_Dothe_Payment_Entering_Credentials_Error_while_processing_the_card -->
  <testcase name="select_LoseWeight_Beginner_Spin_Availoffer_Dothe_Payment_Entering_Credentials_Error_while_processing_the_card" time="0.0" classname="testscript.Run_Mummy_Payment">
    <skipped/>
  </testcase> <!-- select_LoseWeight_Beginner_Spin_Availoffer_Dothe_Payment_Entering_Credentials_Error_while_processing_the_card -->
  <testcase name="select_LoseWeight_Beginner_Spin_Availoffer_Dothe_Payment_Entering_Credentials_Error_while_processing_the_card" time="0.0" classname="testscript.Run_Mummy_Payment">
    <skipped/>
  </testcase> <!-- select_LoseWeight_Beginner_Spin_Availoffer_Dothe_Payment_Entering_Credentials_Error_while_processing_the_card -->
  <testcase name="select_LoseWeight_Beginner_Spin_Availoffer_Dothe_Payment_Entering_Credentials_Error_while_processing_the_card" time="0.0" classname="testscript.Run_Mummy_Payment">
    <skipped/>
  </testcase> <!-- select_LoseWeight_Beginner_Spin_Availoffer_Dothe_Payment_Entering_Credentials_Error_while_processing_the_card -->
  <testcase name="select_LoseWeight_Beginner_Spin_Availoffer_Dothe_Payment_Entering_Credentials_Error_while_processing_the_card" time="0.0" classname="testscript.Run_Mummy_Payment">
    <skipped/>
  </testcase> <!-- select_LoseWeight_Beginner_Spin_Availoffer_Dothe_Payment_Entering_Credentials_Error_while_processing_the_card -->
  <testcase name="select_LoseWeight_Beginner_Spin_Availoffer_Dothe_Payment_Entering_Credentials_Error_while_processing_the_card" time="0.0" classname="testscript.Run_Mummy_Payment">
    <skipped/>
  </testcase> <!-- select_LoseWeight_Beginner_Spin_Availoffer_Dothe_Payment_Entering_Credentials_Error_while_processing_the_card -->
  <testcase name="select_LoseWeight_Beginner_Spin_Availoffer_Dothe_Payment_Entering_Credentials_Error_while_processing_the_card" time="0.0" classname="testscript.Run_Mummy_Payment">
    <skipped/>
  </testcase> <!-- select_LoseWeight_Beginner_Spin_Availoffer_Dothe_Payment_Entering_Credentials_Error_while_processing_the_card -->
  <testcase name="select_LoseWeight_Beginner_Spin_Availoffer_Dothe_Payment_Entering_Credentials_Error_while_processing_the_card" time="0.0" classname="testscript.Run_Mummy_Payment">
    <skipped/>
  </testcase> <!-- select_LoseWeight_Beginner_Spin_Availoffer_Dothe_Payment_Entering_Credentials_Error_while_processing_the_card -->
  <testcase name="select_LoseWeight_Beginner_Spin_Availoffer_Dothe_Payment_Entering_Credentials_Error_while_processing_the_card" time="0.0" classname="testscript.Run_Mummy_Payment">
    <skipped/>
  </testcase> <!-- select_LoseWeight_Beginner_Spin_Availoffer_Dothe_Payment_Entering_Credentials_Error_while_processing_the_card -->
  <testcase name="select_LoseWeight_Beginner_Spin_Availoffer_Dothe_Payment_Entering_Credentials_Error_while_processing_the_card" time="0.0" classname="testscript.Run_Mummy_Payment">
    <skipped/>
  </testcase> <!-- select_LoseWeight_Beginner_Spin_Availoffer_Dothe_Payment_Entering_Credentials_Error_while_processing_the_card -->
  <testcase name="select_LoseWeight_Beginner_Spin_Availoffer_Dothe_Payment_Entering_Credentials_Error_while_processing_the_card" time="0.0" classname="testscript.Run_Mummy_Payment">
    <skipped/>
  </testcase> <!-- select_LoseWeight_Beginner_Spin_Availoffer_Dothe_Payment_Entering_Credentials_Error_while_processing_the_card -->
  <testcase name="select_LoseWeight_Beginner_Spin_Availoffer_Dothe_Payment_Entering_Credentials_Error_while_processing_the_card" time="0.0" classname="testscript.Run_Mummy_Payment">
    <skipped/>
  </testcase> <!-- select_LoseWeight_Beginner_Spin_Availoffer_Dothe_Payment_Entering_Credentials_Error_while_processing_the_card -->
  <testcase name="select_LoseWeight_Beginner_Spin_Availoffer_Dothe_Payment_Entering_Credentials_Error_while_processing_the_card" time="0.0" classname="testscript.Run_Mummy_Payment">
    <skipped/>
  </testcase> <!-- select_LoseWeight_Beginner_Spin_Availoffer_Dothe_Payment_Entering_Credentials_Error_while_processing_the_card -->
  <testcase name="select_LoseWeight_Beginner_Spin_Availoffer_Dothe_Payment_Entering_Credentials_Error_while_processing_the_card" time="0.0" classname="testscript.Run_Mummy_Payment">
    <skipped/>
  </testcase> <!-- select_LoseWeight_Beginner_Spin_Availoffer_Dothe_Payment_Entering_Credentials_Error_while_processing_the_card -->
  <testcase name="select_LoseWeight_Beginner_Spin_Availoffer_Dothe_Payment_Entering_Credentials_Error_while_processing_the_card" time="0.0" classname="testscript.Run_Mummy_Payment">
    <skipped/>
  </testcase> <!-- select_LoseWeight_Beginner_Spin_Availoffer_Dothe_Payment_Entering_Credentials_Error_while_processing_the_card -->
  <testcase name="select_LoseWeight_Beginner_Spin_Availoffer_Dothe_Payment_Entering_Credentials_Error_while_processing_the_card" time="0.0" classname="testscript.Run_Mummy_Payment">
    <skipped/>
  </testcase> <!-- select_LoseWeight_Beginner_Spin_Availoffer_Dothe_Payment_Entering_Credentials_Error_while_processing_the_card -->
  <testcase name="select_LoseWeight_Beginner_Spin_Availoffer_Dothe_Payment_Entering_Credentials_Error_while_processing_the_card" time="0.0" classname="testscript.Run_Mummy_Payment">
    <skipped/>
  </testcase> <!-- select_LoseWeight_Beginner_Spin_Availoffer_Dothe_Payment_Entering_Credentials_Error_while_processing_the_card -->
  <testcase name="select_LoseWeight_Beginner_Spin_Availoffer_Dothe_Payment_Entering_Credentials_Error_while_processing_the_card" time="0.0" classname="testscript.Run_Mummy_Payment">
    <skipped/>
  </testcase> <!-- select_LoseWeight_Beginner_Spin_Availoffer_Dothe_Payment_Entering_Credentials_Error_while_processing_the_card -->
  <testcase name="select_LoseWeight_Beginner_Spin_Availoffer_Dothe_Payment_Entering_Credentials_Error_while_processing_the_card" time="0.0" classname="testscript.Run_Mummy_Payment">
    <skipped/>
  </testcase> <!-- select_LoseWeight_Beginner_Spin_Availoffer_Dothe_Payment_Entering_Credentials_Error_while_processing_the_card -->
  <testcase name="select_LoseWeight_Beginner_Spin_Availoffer_Dothe_Payment_Entering_Credentials_Error_while_processing_the_card" time="0.0" classname="testscript.Run_Mummy_Payment">
    <skipped/>
  </testcase> <!-- select_LoseWeight_Beginner_Spin_Availoffer_Dothe_Payment_Entering_Credentials_Error_while_processing_the_card -->
  <testcase name="select_LoseWeight_Beginner_Spin_Availoffer_Dothe_Payment_Entering_Credentials_Error_while_processing_the_card" time="0.0" classname="testscript.Run_Mummy_Payment">
    <skipped/>
  </testcase> <!-- select_LoseWeight_Beginner_Spin_Availoffer_Dothe_Payment_Entering_Credentials_Error_while_processing_the_card -->
  <testcase name="select_LoseWeight_Beginner_Spin_Availoffer_Dothe_Payment_Entering_Credentials_Error_while_processing_the_card" time="0.0" classname="testscript.Run_Mummy_Payment">
    <skipped/>
  </testcase> <!-- select_LoseWeight_Beginner_Spin_Availoffer_Dothe_Payment_Entering_Credentials_Error_while_processing_the_card -->
  <testcase name="select_LoseWeight_Beginner_Spin_Availoffer_Dothe_Payment_Entering_Credentials_Error_while_processing_the_card" time="0.0" classname="testscript.Run_Mummy_Payment">
    <skipped/>
  </testcase> <!-- select_LoseWeight_Beginner_Spin_Availoffer_Dothe_Payment_Entering_Credentials_Error_while_processing_the_card -->
  <testcase name="select_LoseWeight_Beginner_Spin_Availoffer_Dothe_Payment_Entering_Credentials_Error_while_processing_the_card" time="0.0" classname="testscript.Run_Mummy_Payment">
    <skipped/>
  </testcase> <!-- select_LoseWeight_Beginner_Spin_Availoffer_Dothe_Payment_Entering_Credentials_Error_while_processing_the_card -->
  <testcase name="select_LoseWeight_Beginner_Spin_Availoffer_Dothe_Payment_Entering_Credentials_Error_while_processing_the_card" time="0.0" classname="testscript.Run_Mummy_Payment">
    <skipped/>
  </testcase> <!-- select_LoseWeight_Beginner_Spin_Availoffer_Dothe_Payment_Entering_Credentials_Error_while_processing_the_card -->
  <testcase name="select_LoseWeight_Beginner_Spin_Availoffer_Dothe_Payment_Entering_Credentials_Error_while_processing_the_card" time="0.0" classname="testscript.Run_Mummy_Payment">
    <skipped/>
  </testcase> <!-- select_LoseWeight_Beginner_Spin_Availoffer_Dothe_Payment_Entering_Credentials_Error_while_processing_the_card -->
  <testcase name="select_LoseWeight_Beginner_Spin_Availoffer_Dothe_Payment_Entering_Credentials_Error_while_processing_the_card" time="0.0" classname="testscript.Run_Mummy_Payment">
    <skipped/>
  </testcase> <!-- select_LoseWeight_Beginner_Spin_Availoffer_Dothe_Payment_Entering_Credentials_Error_while_processing_the_card -->
  <testcase name="select_LoseWeight_Beginner_Spin_Availoffer_Dothe_Payment_Entering_Credentials_Error_while_processing_the_card" time="0.0" classname="testscript.Run_Mummy_Payment">
    <skipped/>
  </testcase> <!-- select_LoseWeight_Beginner_Spin_Availoffer_Dothe_Payment_Entering_Credentials_Error_while_processing_the_card -->
  <testcase name="select_LoseWeight_Beginner_Spin_Availoffer_Dothe_Payment_Entering_Credentials_Error_while_processing_the_card" time="0.0" classname="testscript.Run_Mummy_Payment">
    <skipped/>
  </testcase> <!-- select_LoseWeight_Beginner_Spin_Availoffer_Dothe_Payment_Entering_Credentials_Error_while_processing_the_card -->
  <testcase name="select_LoseWeight_Beginner_Spin_Availoffer_Dothe_Payment_Entering_Credentials_Error_while_processing_the_card" time="0.0" classname="testscript.Run_Mummy_Payment">
    <skipped/>
  </testcase> <!-- select_LoseWeight_Beginner_Spin_Availoffer_Dothe_Payment_Entering_Credentials_Error_while_processing_the_card -->
  <testcase name="select_LoseWeight_Beginner_Spin_Availoffer_Dothe_Payment_Entering_Credentials_Error_while_processing_the_card" time="0.0" classname="testscript.Run_Mummy_Payment">
    <skipped/>
  </testcase> <!-- select_LoseWeight_Beginner_Spin_Availoffer_Dothe_Payment_Entering_Credentials_Error_while_processing_the_card -->
  <testcase name="select_LoseWeight_Beginner_Spin_Availoffer_Dothe_Payment_Entering_Credentials_Error_while_processing_the_card" time="0.0" classname="testscript.Run_Mummy_Payment">
    <skipped/>
  </testcase> <!-- select_LoseWeight_Beginner_Spin_Availoffer_Dothe_Payment_Entering_Credentials_Error_while_processing_the_card -->
  <testcase name="select_LoseWeight_Beginner_Spin_Availoffer_Dothe_Payment_Entering_Credentials_Error_while_processing_the_card" time="0.0" classname="testscript.Run_Mummy_Payment">
    <skipped/>
  </testcase> <!-- select_LoseWeight_Beginner_Spin_Availoffer_Dothe_Payment_Entering_Credentials_Error_while_processing_the_card -->
  <testcase name="select_LoseWeight_Beginner_Spin_Availoffer_Dothe_Payment_Entering_Credentials_Error_while_processing_the_card" time="0.0" classname="testscript.Run_Mummy_Payment">
    <skipped/>
  </testcase> <!-- select_LoseWeight_Beginner_Spin_Availoffer_Dothe_Payment_Entering_Credentials_Error_while_processing_the_card -->
  <testcase name="select_LoseWeight_Beginner_Spin_Availoffer_Dothe_Payment_Entering_Credentials_Error_while_processing_the_card" time="0.0" classname="testscript.Run_Mummy_Payment">
    <skipped/>
  </testcase> <!-- select_LoseWeight_Beginner_Spin_Availoffer_Dothe_Payment_Entering_Credentials_Error_while_processing_the_card -->
  <testcase name="select_LoseWeight_Beginner_Spin_Availoffer_Dothe_Payment_Entering_Credentials_Error_while_processing_the_card" time="0.0" classname="testscript.Run_Mummy_Payment">
    <skipped/>
  </testcase> <!-- select_LoseWeight_Beginner_Spin_Availoffer_Dothe_Payment_Entering_Credentials_Error_while_processing_the_card -->
  <testcase name="select_LoseWeight_Beginner_Spin_Availoffer_Dothe_Payment_Entering_Credentials_Error_while_processing_the_card" time="0.0" classname="testscript.Run_Mummy_Payment">
    <skipped/>
  </testcase> <!-- select_LoseWeight_Beginner_Spin_Availoffer_Dothe_Payment_Entering_Credentials_Error_while_processing_the_card -->
  <testcase name="select_LoseWeight_Beginner_Spin_Availoffer_Dothe_Payment_Entering_Credentials_Error_while_processing_the_card" time="0.0" classname="testscript.Run_Mummy_Payment">
    <skipped/>
  </testcase> <!-- select_LoseWeight_Beginner_Spin_Availoffer_Dothe_Payment_Entering_Credentials_Error_while_processing_the_card -->
  <testcase name="select_LoseWeight_Beginner_Spin_Availoffer_Dothe_Payment_Entering_Credentials_Error_while_processing_the_card" time="0.0" classname="testscript.Run_Mummy_Payment">
    <skipped/>
  </testcase> <!-- select_LoseWeight_Beginner_Spin_Availoffer_Dothe_Payment_Entering_Credentials_Error_while_processing_the_card -->
  <testcase name="select_LoseWeight_Beginner_Spin_Availoffer_Dothe_Payment_Entering_Credentials_Error_while_processing_the_card" time="0.0" classname="testscript.Run_Mummy_Payment">
    <skipped/>
  </testcase> <!-- select_LoseWeight_Beginner_Spin_Availoffer_Dothe_Payment_Entering_Credentials_Error_while_processing_the_card -->
</testsuite> <!-- Default test -->
