<?xml version="1.0" encoding="UTF-8"?>
<!-- Generated by org.testng.reporters.JUnitXMLReporter -->
<testsuite hostname="DESKTOP-M2K5DOK" ignored="0" name="Test" tests="1" failures="1" timestamp="2020-10-14T14:02:01 IST" time="62.615" errors="0">
  <testcase name="select_LoseWeight_RunaRace_Beginner_Spin_SelectAnnual_Availoffer_Dothe_Payment" time="35.814" classname="testscript.SmokeTestScript">
    <failure type="java.lang.AssertionError" message="expected [https://stage-web.auro.fit/coworking-signup/thank-you] but found [https://stage-web.auro.fit/coworking-signup?campaign=promo#checkout]">
      <![CDATA[java.lang.AssertionError: expected [https://stage-web.auro.fit/coworking-signup/thank-you] but found [https://stage-web.auro.fit/coworking-signup?campaign=promo#checkout]
at testscript.SmokeTestScript.select_LoseWeight_RunaRace_Beginner_Spin_SelectAnnual_Availoffer_Dothe_Payment(SmokeTestScript.java:105)
at java.util.ArrayList.forEach(Unknown Source)
... Removed 32 stack frames]]>
    </failure>
  </testcase> <!-- select_LoseWeight_RunaRace_Beginner_Spin_SelectAnnual_Availoffer_Dothe_Payment -->
</testsuite> <!-- Test -->
