<?xml version="1.0" encoding="UTF-8"?>
<!-- Generated by org.testng.reporters.JUnitReportReporter -->
<testsuite skipped="49" hostname="DESKTOP-M2K5DOK" name="testscript.Run_Mummy_Payment" tests="101" failures="1" timestamp="2020-10-21T15:53:41 IST" time="3634.272" errors="5">
  <testcase name="select_LoseWeight_Beginner_Spin_Availoffer_Dothe_Payment_Entering_Credentials_Error_while_processing_the_card" time="79.503" classname="testscript.Run_Mummy_Payment"/>
  <system-out/>
  <testcase name="select_LoseWeight_Beginner_Spin_Availoffer_Dothe_Payment_Entering_Credentials_Error_while_processing_the_card" time="81.715" classname="testscript.Run_Mummy_Payment"/>
  <system-out/>
  <testcase name="select_LoseWeight_Beginner_Spin_Availoffer_Dothe_Payment_Entering_Credentials_Error_while_processing_the_card" time="92.695" classname="testscript.Run_Mummy_Payment"/>
  <system-out/>
  <testcase name="select_LoseWeight_Beginner_Spin_Availoffer_Dothe_Payment_Entering_Credentials_Error_while_processing_the_card" time="58.858" classname="testscript.Run_Mummy_Payment"/>
  <system-out/>
  <testcase name="select_LoseWeight_Beginner_Spin_Availoffer_Dothe_Payment_Entering_Credentials_Error_while_processing_the_card" time="26.692" classname="testscript.Run_Mummy_Payment">
    <skipped/>
  </testcase> <!-- select_LoseWeight_Beginner_Spin_Availoffer_Dothe_Payment_Entering_Credentials_Error_while_processing_the_card -->
  <system-out/>
  <testcase name="select_LoseWeight_Beginner_Spin_Availoffer_Dothe_Payment_Entering_Credentials_Error_while_processing_the_card" time="35.820" classname="testscript.Run_Mummy_Payment">
    <skipped/>
  </testcase> <!-- select_LoseWeight_Beginner_Spin_Availoffer_Dothe_Payment_Entering_Credentials_Error_while_processing_the_card -->
  <system-out/>
  <testcase name="select_LoseWeight_Beginner_Spin_Availoffer_Dothe_Payment_Entering_Credentials_Error_while_processing_the_card" time="103.458" classname="testscript.Run_Mummy_Payment"/>
  <system-out/>
  <testcase name="select_LoseWeight_Beginner_Spin_Availoffer_Dothe_Payment_Entering_Credentials_Error_while_processing_the_card" time="24.509" classname="testscript.Run_Mummy_Payment">
    <skipped/>
  </testcase> <!-- select_LoseWeight_Beginner_Spin_Availoffer_Dothe_Payment_Entering_Credentials_Error_while_processing_the_card -->
  <system-out/>
  <testcase name="select_LoseWeight_Beginner_Spin_Availoffer_Dothe_Payment_Entering_Credentials_Error_while_processing_the_card" time="62.844" classname="testscript.Run_Mummy_Payment"/>
  <system-out/>
  <testcase name="select_LoseWeight_Beginner_Spin_Availoffer_Dothe_Payment_Entering_Credentials_Error_while_processing_the_card" time="116.995" classname="testscript.Run_Mummy_Payment"/>
  <system-out/>
  <testcase name="select_LoseWeight_Beginner_Spin_Availoffer_Dothe_Payment_Entering_Credentials_Error_while_processing_the_card" time="54.543" classname="testscript.Run_Mummy_Payment"/>
  <system-out/>
  <testcase name="select_LoseWeight_Beginner_Spin_Availoffer_Dothe_Payment_Entering_Credentials_Error_while_processing_the_card" time="21.747" classname="testscript.Run_Mummy_Payment">
    <skipped/>
  </testcase> <!-- select_LoseWeight_Beginner_Spin_Availoffer_Dothe_Payment_Entering_Credentials_Error_while_processing_the_card -->
  <system-out/>
  <testcase name="select_LoseWeight_Beginner_Spin_Availoffer_Dothe_Payment_Entering_Credentials_Error_while_processing_the_card" time="84.384" classname="testscript.Run_Mummy_Payment">
    <skipped/>
  </testcase> <!-- select_LoseWeight_Beginner_Spin_Availoffer_Dothe_Payment_Entering_Credentials_Error_while_processing_the_card -->
  <system-out/>
  <testcase name="select_LoseWeight_Beginner_Spin_Availoffer_Dothe_Payment_Entering_Credentials_Error_while_processing_the_card" time="79.291" classname="testscript.Run_Mummy_Payment"/>
  <system-out/>
  <testcase name="select_LoseWeight_Beginner_Spin_Availoffer_Dothe_Payment_Entering_Credentials_Error_while_processing_the_card" time="66.651" classname="testscript.Run_Mummy_Payment"/>
  <system-out/>
  <testcase name="select_LoseWeight_Beginner_Spin_Availoffer_Dothe_Payment_Entering_Credentials_Error_while_processing_the_card" time="64.001" classname="testscript.Run_Mummy_Payment"/>
  <system-out/>
  <testcase name="select_LoseWeight_Beginner_Spin_Availoffer_Dothe_Payment_Entering_Credentials_Error_while_processing_the_card" time="24.686" classname="testscript.Run_Mummy_Payment">
    <skipped/>
  </testcase> <!-- select_LoseWeight_Beginner_Spin_Availoffer_Dothe_Payment_Entering_Credentials_Error_while_processing_the_card -->
  <system-out/>
  <testcase name="openApplication" time="59.482" classname="testscript.Run_Mummy_Payment">
    <error type="org.openqa.selenium.WebDriverException" message="disconnected: Unable to receive message from renderer
  (Session info: chrome=86.0.4240.75)
Build info: version: &#039;3.141.59&#039;, revision: &#039;e82be7d358&#039;, time: &#039;2018-11-14T08:25:53&#039;
System info: host: &#039;DESKTOP-M2K5DOK&#039;, ip: &#039;192.168.1.100&#039;, os.name: &#039;Windows 10&#039;, os.arch: &#039;amd64&#039;, os.version: &#039;10.0&#039;, java.version: &#039;1.8.0_241&#039;
Driver info: org.openqa.selenium.chrome.ChromeDriver
Capabilities {acceptInsecureCerts: false, browserName: chrome, browserVersion: 86.0.4240.75, chrome: {chromedriverVersion: 85.0.4183.87 (cd6713ebf92fa..., userDataDir: C:\Users\aa\AppData\Local\T...}, goog:chromeOptions: {debuggerAddress: localhost:52973}, javascriptEnabled: true, networkConnectionEnabled: false, pageLoadStrategy: normal, platform: WINDOWS, platformName: WINDOWS, proxy: Proxy(), setWindowRect: true, strictFileInteractability: false, timeouts: {implicit: 0, pageLoad: 300000, script: 30000}, unhandledPromptBehavior: dismiss and notify, webauthn:virtualAuthenticators: true}
Session ID: 1ba0da8d18129c6d54319c5a7903d6ec">
      <![CDATA[org.openqa.selenium.WebDriverException: disconnected: Unable to receive message from renderer
  (Session info: chrome=86.0.4240.75)
Build info: version: '3.141.59', revision: 'e82be7d358', time: '2018-11-14T08:25:53'
System info: host: 'DESKTOP-M2K5DOK', ip: '192.168.1.100', os.name: 'Windows 10', os.arch: 'amd64', os.version: '10.0', java.version: '1.8.0_241'
Driver info: org.openqa.selenium.chrome.ChromeDriver
Capabilities {acceptInsecureCerts: false, browserName: chrome, browserVersion: 86.0.4240.75, chrome: {chromedriverVersion: 85.0.4183.87 (cd6713ebf92fa..., userDataDir: C:\Users\aa\AppData\Local\T...}, goog:chromeOptions: {debuggerAddress: localhost:52973}, javascriptEnabled: true, networkConnectionEnabled: false, pageLoadStrategy: normal, platform: WINDOWS, platformName: WINDOWS, proxy: Proxy(), setWindowRect: true, strictFileInteractability: false, timeouts: {implicit: 0, pageLoad: 300000, script: 30000}, unhandledPromptBehavior: dismiss and notify, webauthn:virtualAuthenticators: true}
Session ID: 1ba0da8d18129c6d54319c5a7903d6ec
at sun.reflect.NativeConstructorAccessorImpl.newInstance0(Native Method)
at sun.reflect.NativeConstructorAccessorImpl.newInstance(Unknown Source)
at sun.reflect.DelegatingConstructorAccessorImpl.newInstance(Unknown Source)
at java.lang.reflect.Constructor.newInstance(Unknown Source)
at org.openqa.selenium.remote.http.W3CHttpResponseCodec.createException(W3CHttpResponseCodec.java:187)
at org.openqa.selenium.remote.http.W3CHttpResponseCodec.decode(W3CHttpResponseCodec.java:122)
at org.openqa.selenium.remote.http.W3CHttpResponseCodec.decode(W3CHttpResponseCodec.java:49)
at org.openqa.selenium.remote.HttpCommandExecutor.execute(HttpCommandExecutor.java:158)
at org.openqa.selenium.remote.service.DriverCommandExecutor.execute(DriverCommandExecutor.java:83)
at org.openqa.selenium.remote.RemoteWebDriver.execute(RemoteWebDriver.java:552)
at org.openqa.selenium.remote.RemoteWebDriver.get(RemoteWebDriver.java:277)
at generic.Precondition.openApplication(Precondition.java:25)
at sun.reflect.GeneratedMethodAccessor4.invoke(Unknown Source)
at sun.reflect.DelegatingMethodAccessorImpl.invoke(Unknown Source)
at java.lang.reflect.Method.invoke(Unknown Source)
at org.testng.internal.MethodInvocationHelper.invokeMethod(MethodInvocationHelper.java:135)
at org.testng.internal.MethodInvocationHelper.invokeMethodConsideringTimeout(MethodInvocationHelper.java:64)
at org.testng.internal.ConfigInvoker.invokeConfigurationMethod(ConfigInvoker.java:364)
at org.testng.internal.ConfigInvoker.invokeConfigurations(ConfigInvoker.java:318)
at org.testng.internal.TestInvoker.runConfigMethods(TestInvoker.java:700)
at org.testng.internal.TestInvoker.invokeMethod(TestInvoker.java:527)
at org.testng.internal.TestInvoker.invokeTestMethod(TestInvoker.java:174)
at org.testng.internal.MethodRunner.runInSequence(MethodRunner.java:46)
at org.testng.internal.TestInvoker$MethodInvocationAgent.invoke(TestInvoker.java:821)
at org.testng.internal.TestInvoker.invokeTestMethods(TestInvoker.java:147)
at org.testng.internal.TestMethodWorker.invokeTestMethods(TestMethodWorker.java:146)
at org.testng.internal.TestMethodWorker.run(TestMethodWorker.java:128)
at java.util.ArrayList.forEach(Unknown Source)
at org.testng.TestRunner.privateRun(TestRunner.java:767)
at org.testng.TestRunner.run(TestRunner.java:588)
at org.testng.SuiteRunner.runTest(SuiteRunner.java:384)
at org.testng.SuiteRunner.runSequentially(SuiteRunner.java:378)
at org.testng.SuiteRunner.privateRun(SuiteRunner.java:337)
at org.testng.SuiteRunner.run(SuiteRunner.java:286)
at org.testng.SuiteRunnerWorker.runSuite(SuiteRunnerWorker.java:53)
at org.testng.SuiteRunnerWorker.run(SuiteRunnerWorker.java:96)
at org.testng.TestNG.runSuitesSequentially(TestNG.java:1214)
at org.testng.TestNG.runSuitesLocally(TestNG.java:1136)
at org.testng.TestNG.runSuites(TestNG.java:1066)
at org.testng.TestNG.run(TestNG.java:1034)
at org.testng.remote.AbstractRemoteTestNG.run(AbstractRemoteTestNG.java:115)
at org.testng.remote.RemoteTestNG.initAndRun(RemoteTestNG.java:251)
at org.testng.remote.RemoteTestNG.main(RemoteTestNG.java:77)
]]>
    </error>
  </testcase> <!-- openApplication -->
  <system-out/>
  <testcase name="select_LoseWeight_Beginner_Spin_Availoffer_Dothe_Payment_Entering_Credentials_Error_while_processing_the_card" time="59.263" classname="testscript.Run_Mummy_Payment">
    <skipped/>
  </testcase> <!-- select_LoseWeight_Beginner_Spin_Availoffer_Dothe_Payment_Entering_Credentials_Error_while_processing_the_card -->
  <system-out/>
  <testcase name="select_LoseWeight_Beginner_Spin_Availoffer_Dothe_Payment_Entering_Credentials_Error_while_processing_the_card" time="103.137" classname="testscript.Run_Mummy_Payment"/>
  <system-out/>
  <testcase name="select_LoseWeight_Beginner_Spin_Availoffer_Dothe_Payment_Entering_Credentials_Error_while_processing_the_card" time="60.617" classname="testscript.Run_Mummy_Payment"/>
  <system-out/>
  <testcase name="select_LoseWeight_Beginner_Spin_Availoffer_Dothe_Payment_Entering_Credentials_Error_while_processing_the_card" time="46.252" classname="testscript.Run_Mummy_Payment">
    <skipped/>
  </testcase> <!-- select_LoseWeight_Beginner_Spin_Availoffer_Dothe_Payment_Entering_Credentials_Error_while_processing_the_card -->
  <system-out/>
  <testcase name="select_LoseWeight_Beginner_Spin_Availoffer_Dothe_Payment_Entering_Credentials_Error_while_processing_the_card" time="65.312" classname="testscript.Run_Mummy_Payment"/>
  <system-out/>
  <testcase name="select_LoseWeight_Beginner_Spin_Availoffer_Dothe_Payment_Entering_Credentials_Error_while_processing_the_card" time="32.561" classname="testscript.Run_Mummy_Payment">
    <skipped/>
  </testcase> <!-- select_LoseWeight_Beginner_Spin_Availoffer_Dothe_Payment_Entering_Credentials_Error_while_processing_the_card -->
  <system-out/>
  <testcase name="select_LoseWeight_Beginner_Spin_Availoffer_Dothe_Payment_Entering_Credentials_Error_while_processing_the_card" time="28.660" classname="testscript.Run_Mummy_Payment">
    <skipped/>
  </testcase> <!-- select_LoseWeight_Beginner_Spin_Availoffer_Dothe_Payment_Entering_Credentials_Error_while_processing_the_card -->
  <system-out/>
  <testcase name="select_LoseWeight_Beginner_Spin_Availoffer_Dothe_Payment_Entering_Credentials_Error_while_processing_the_card" time="40.550" classname="testscript.Run_Mummy_Payment">
    <skipped/>
  </testcase> <!-- select_LoseWeight_Beginner_Spin_Availoffer_Dothe_Payment_Entering_Credentials_Error_while_processing_the_card -->
  <system-out/>
  <testcase name="select_LoseWeight_Beginner_Spin_Availoffer_Dothe_Payment_Entering_Credentials_Error_while_processing_the_card" time="25.436" classname="testscript.Run_Mummy_Payment">
    <skipped/>
  </testcase> <!-- select_LoseWeight_Beginner_Spin_Availoffer_Dothe_Payment_Entering_Credentials_Error_while_processing_the_card -->
  <system-out/>
  <testcase name="select_LoseWeight_Beginner_Spin_Availoffer_Dothe_Payment_Entering_Credentials_Error_while_processing_the_card" time="70.663" classname="testscript.Run_Mummy_Payment"/>
  <system-out/>
  <testcase name="select_LoseWeight_Beginner_Spin_Availoffer_Dothe_Payment_Entering_Credentials_Error_while_processing_the_card" time="32.318" classname="testscript.Run_Mummy_Payment">
    <skipped/>
  </testcase> <!-- select_LoseWeight_Beginner_Spin_Availoffer_Dothe_Payment_Entering_Credentials_Error_while_processing_the_card -->
  <system-out/>
  <testcase name="select_LoseWeight_Beginner_Spin_Availoffer_Dothe_Payment_Entering_Credentials_Error_while_processing_the_card" time="77.768" classname="testscript.Run_Mummy_Payment"/>
  <system-out/>
  <testcase name="select_LoseWeight_Beginner_Spin_Availoffer_Dothe_Payment_Entering_Credentials_Error_while_processing_the_card" time="56.287" classname="testscript.Run_Mummy_Payment"/>
  <system-out/>
  <testcase name="select_LoseWeight_Beginner_Spin_Availoffer_Dothe_Payment_Entering_Credentials_Error_while_processing_the_card" time="54.361" classname="testscript.Run_Mummy_Payment">
    <skipped/>
  </testcase> <!-- select_LoseWeight_Beginner_Spin_Availoffer_Dothe_Payment_Entering_Credentials_Error_while_processing_the_card -->
  <system-out/>
  <testcase name="select_LoseWeight_Beginner_Spin_Availoffer_Dothe_Payment_Entering_Credentials_Error_while_processing_the_card" time="44.795" classname="testscript.Run_Mummy_Payment">
    <skipped/>
  </testcase> <!-- select_LoseWeight_Beginner_Spin_Availoffer_Dothe_Payment_Entering_Credentials_Error_while_processing_the_card -->
  <system-out/>
  <testcase name="select_LoseWeight_Beginner_Spin_Availoffer_Dothe_Payment_Entering_Credentials_Error_while_processing_the_card" time="52.453" classname="testscript.Run_Mummy_Payment">
    <error type="org.openqa.selenium.WebDriverException" message="disconnected: not connected to DevTools
  (Session info: chrome=86.0.4240.75)
Build info: version: &#039;3.141.59&#039;, revision: &#039;e82be7d358&#039;, time: &#039;2018-11-14T08:25:53&#039;
System info: host: &#039;DESKTOP-M2K5DOK&#039;, ip: &#039;192.168.1.100&#039;, os.name: &#039;Windows 10&#039;, os.arch: &#039;amd64&#039;, os.version: &#039;10.0&#039;, java.version: &#039;1.8.0_241&#039;
Driver info: org.openqa.selenium.chrome.ChromeDriver
Capabilities {acceptInsecureCerts: false, browserName: chrome, browserVersion: 86.0.4240.75, chrome: {chromedriverVersion: 85.0.4183.87 (cd6713ebf92fa..., userDataDir: C:\Users\aa\AppData\Local\T...}, goog:chromeOptions: {debuggerAddress: localhost:51011}, javascriptEnabled: true, networkConnectionEnabled: false, pageLoadStrategy: normal, platform: WINDOWS, platformName: WINDOWS, proxy: Proxy(), setWindowRect: true, strictFileInteractability: false, timeouts: {implicit: 0, pageLoad: 300000, script: 30000}, unhandledPromptBehavior: dismiss and notify, webauthn:virtualAuthenticators: true}
Session ID: bee88c106df2dc520d70c8f9f242f04f">
      <![CDATA[org.openqa.selenium.WebDriverException: disconnected: not connected to DevTools
  (Session info: chrome=86.0.4240.75)
Build info: version: '3.141.59', revision: 'e82be7d358', time: '2018-11-14T08:25:53'
System info: host: 'DESKTOP-M2K5DOK', ip: '192.168.1.100', os.name: 'Windows 10', os.arch: 'amd64', os.version: '10.0', java.version: '1.8.0_241'
Driver info: org.openqa.selenium.chrome.ChromeDriver
Capabilities {acceptInsecureCerts: false, browserName: chrome, browserVersion: 86.0.4240.75, chrome: {chromedriverVersion: 85.0.4183.87 (cd6713ebf92fa..., userDataDir: C:\Users\aa\AppData\Local\T...}, goog:chromeOptions: {debuggerAddress: localhost:51011}, javascriptEnabled: true, networkConnectionEnabled: false, pageLoadStrategy: normal, platform: WINDOWS, platformName: WINDOWS, proxy: Proxy(), setWindowRect: true, strictFileInteractability: false, timeouts: {implicit: 0, pageLoad: 300000, script: 30000}, unhandledPromptBehavior: dismiss and notify, webauthn:virtualAuthenticators: true}
Session ID: bee88c106df2dc520d70c8f9f242f04f
at sun.reflect.NativeConstructorAccessorImpl.newInstance0(Native Method)
at sun.reflect.NativeConstructorAccessorImpl.newInstance(Unknown Source)
at sun.reflect.DelegatingConstructorAccessorImpl.newInstance(Unknown Source)
at java.lang.reflect.Constructor.newInstance(Unknown Source)
at org.openqa.selenium.remote.http.W3CHttpResponseCodec.createException(W3CHttpResponseCodec.java:187)
at org.openqa.selenium.remote.http.W3CHttpResponseCodec.decode(W3CHttpResponseCodec.java:122)
at org.openqa.selenium.remote.http.W3CHttpResponseCodec.decode(W3CHttpResponseCodec.java:49)
at org.openqa.selenium.remote.HttpCommandExecutor.execute(HttpCommandExecutor.java:158)
at org.openqa.selenium.remote.service.DriverCommandExecutor.execute(DriverCommandExecutor.java:83)
at org.openqa.selenium.remote.RemoteWebDriver.execute(RemoteWebDriver.java:552)
at org.openqa.selenium.remote.RemoteWebElement.execute(RemoteWebElement.java:285)
at org.openqa.selenium.remote.RemoteWebElement.click(RemoteWebElement.java:84)
at sun.reflect.GeneratedMethodAccessor1.invoke(Unknown Source)
at sun.reflect.DelegatingMethodAccessorImpl.invoke(Unknown Source)
at java.lang.reflect.Method.invoke(Unknown Source)
at org.openqa.selenium.support.pagefactory.internal.LocatingElementHandler.invoke(LocatingElementHandler.java:51)
at com.sun.proxy.$Proxy9.click(Unknown Source)
at pom.Auro_SignUp_Page.clickEmailTextfield(Auro_SignUp_Page.java:57)
at testscript.Run_Mummy_Payment.select_LoseWeight_Beginner_Spin_Availoffer_Dothe_Payment_Entering_Credentials_Error_while_processing_the_card(Run_Mummy_Payment.java:199)
at sun.reflect.GeneratedMethodAccessor5.invoke(Unknown Source)
at sun.reflect.DelegatingMethodAccessorImpl.invoke(Unknown Source)
at java.lang.reflect.Method.invoke(Unknown Source)
at org.testng.internal.MethodInvocationHelper.invokeMethod(MethodInvocationHelper.java:135)
at org.testng.internal.TestInvoker.invokeMethod(TestInvoker.java:598)
at org.testng.internal.TestInvoker.invokeTestMethod(TestInvoker.java:174)
at org.testng.internal.MethodRunner.runInSequence(MethodRunner.java:46)
at org.testng.internal.TestInvoker$MethodInvocationAgent.invoke(TestInvoker.java:821)
at org.testng.internal.TestInvoker.invokeTestMethods(TestInvoker.java:147)
at org.testng.internal.TestMethodWorker.invokeTestMethods(TestMethodWorker.java:146)
at org.testng.internal.TestMethodWorker.run(TestMethodWorker.java:128)
at java.util.ArrayList.forEach(Unknown Source)
at org.testng.TestRunner.privateRun(TestRunner.java:767)
at org.testng.TestRunner.run(TestRunner.java:588)
at org.testng.SuiteRunner.runTest(SuiteRunner.java:384)
at org.testng.SuiteRunner.runSequentially(SuiteRunner.java:378)
at org.testng.SuiteRunner.privateRun(SuiteRunner.java:337)
at org.testng.SuiteRunner.run(SuiteRunner.java:286)
at org.testng.SuiteRunnerWorker.runSuite(SuiteRunnerWorker.java:53)
at org.testng.SuiteRunnerWorker.run(SuiteRunnerWorker.java:96)
at org.testng.TestNG.runSuitesSequentially(TestNG.java:1214)
at org.testng.TestNG.runSuitesLocally(TestNG.java:1136)
at org.testng.TestNG.runSuites(TestNG.java:1066)
at org.testng.TestNG.run(TestNG.java:1034)
at org.testng.remote.AbstractRemoteTestNG.run(AbstractRemoteTestNG.java:115)
at org.testng.remote.RemoteTestNG.initAndRun(RemoteTestNG.java:251)
at org.testng.remote.RemoteTestNG.main(RemoteTestNG.java:77)
]]>
    </error>
  </testcase> <!-- select_LoseWeight_Beginner_Spin_Availoffer_Dothe_Payment_Entering_Credentials_Error_while_processing_the_card -->
  <system-out/>
  <testcase name="select_LoseWeight_Beginner_Spin_Availoffer_Dothe_Payment_Entering_Credentials_Error_while_processing_the_card" time="61.583" classname="testscript.Run_Mummy_Payment">
    <skipped/>
  </testcase> <!-- select_LoseWeight_Beginner_Spin_Availoffer_Dothe_Payment_Entering_Credentials_Error_while_processing_the_card -->
  <system-out/>
  <testcase name="select_LoseWeight_Beginner_Spin_Availoffer_Dothe_Payment_Entering_Credentials_Error_while_processing_the_card" time="35.202" classname="testscript.Run_Mummy_Payment">
    <skipped/>
  </testcase> <!-- select_LoseWeight_Beginner_Spin_Availoffer_Dothe_Payment_Entering_Credentials_Error_while_processing_the_card -->
  <system-out/>
  <testcase name="select_LoseWeight_Beginner_Spin_Availoffer_Dothe_Payment_Entering_Credentials_Error_while_processing_the_card" time="78.467" classname="testscript.Run_Mummy_Payment"/>
  <system-out/>
  <testcase name="select_LoseWeight_Beginner_Spin_Availoffer_Dothe_Payment_Entering_Credentials_Error_while_processing_the_card" time="38.487" classname="testscript.Run_Mummy_Payment">
    <skipped/>
  </testcase> <!-- select_LoseWeight_Beginner_Spin_Availoffer_Dothe_Payment_Entering_Credentials_Error_while_processing_the_card -->
  <system-out/>
  <testcase name="select_LoseWeight_Beginner_Spin_Availoffer_Dothe_Payment_Entering_Credentials_Error_while_processing_the_card" time="61.394" classname="testscript.Run_Mummy_Payment">
    <skipped/>
  </testcase> <!-- select_LoseWeight_Beginner_Spin_Availoffer_Dothe_Payment_Entering_Credentials_Error_while_processing_the_card -->
  <system-out/>
  <testcase name="select_LoseWeight_Beginner_Spin_Availoffer_Dothe_Payment_Entering_Credentials_Error_while_processing_the_card" time="35.417" classname="testscript.Run_Mummy_Payment">
    <skipped/>
  </testcase> <!-- select_LoseWeight_Beginner_Spin_Availoffer_Dothe_Payment_Entering_Credentials_Error_while_processing_the_card -->
  <system-out/>
  <testcase name="select_LoseWeight_Beginner_Spin_Availoffer_Dothe_Payment_Entering_Credentials_Error_while_processing_the_card" time="26.379" classname="testscript.Run_Mummy_Payment">
    <skipped/>
  </testcase> <!-- select_LoseWeight_Beginner_Spin_Availoffer_Dothe_Payment_Entering_Credentials_Error_while_processing_the_card -->
  <system-out/>
  <testcase name="select_LoseWeight_Beginner_Spin_Availoffer_Dothe_Payment_Entering_Credentials_Error_while_processing_the_card" time="99.043" classname="testscript.Run_Mummy_Payment"/>
  <system-out/>
  <testcase name="select_LoseWeight_Beginner_Spin_Availoffer_Dothe_Payment_Entering_Credentials_Error_while_processing_the_card" time="62.798" classname="testscript.Run_Mummy_Payment"/>
  <system-out/>
  <testcase name="select_LoseWeight_Beginner_Spin_Availoffer_Dothe_Payment_Entering_Credentials_Error_while_processing_the_card" time="42.989" classname="testscript.Run_Mummy_Payment"/>
  <system-out/>
  <testcase name="select_LoseWeight_Beginner_Spin_Availoffer_Dothe_Payment_Entering_Credentials_Error_while_processing_the_card" time="63.622" classname="testscript.Run_Mummy_Payment"/>
  <system-out/>
  <testcase name="select_LoseWeight_Beginner_Spin_Availoffer_Dothe_Payment_Entering_Credentials_Error_while_processing_the_card" time="45.866" classname="testscript.Run_Mummy_Payment">
    <error type="org.openqa.selenium.ElementClickInterceptedException" message="element click intercepted: Element &lt;button type=&quot;button&quot; class=&quot;btn button teal&quot; id=&quot;coupon-apply-btn&quot; style=&quot;background: #ff6155; border-radius: 0; font-size: .9rem;&quot;&gt;...&lt;/button&gt; is not clickable at point (612, 124). Other element would receive the click: &lt;div class=&quot;container&quot; style=&quot;height: 100%;&quot;&gt;...&lt;/div&gt;
  (Session info: chrome=86.0.4240.75)
Build info: version: &#039;3.141.59&#039;, revision: &#039;e82be7d358&#039;, time: &#039;2018-11-14T08:25:53&#039;
System info: host: &#039;DESKTOP-M2K5DOK&#039;, ip: &#039;192.168.1.100&#039;, os.name: &#039;Windows 10&#039;, os.arch: &#039;amd64&#039;, os.version: &#039;10.0&#039;, java.version: &#039;1.8.0_241&#039;
Driver info: org.openqa.selenium.chrome.ChromeDriver
Capabilities {acceptInsecureCerts: false, browserName: chrome, browserVersion: 86.0.4240.75, chrome: {chromedriverVersion: 85.0.4183.87 (cd6713ebf92fa..., userDataDir: C:\Users\aa\AppData\Local\T...}, goog:chromeOptions: {debuggerAddress: localhost:52783}, javascriptEnabled: true, networkConnectionEnabled: false, pageLoadStrategy: normal, platform: WINDOWS, platformName: WINDOWS, proxy: Proxy(), setWindowRect: true, strictFileInteractability: false, timeouts: {implicit: 0, pageLoad: 300000, script: 30000}, unhandledPromptBehavior: dismiss and notify, webauthn:virtualAuthenticators: true}
Session ID: 4a729be631a6f0717de38acfda154c88">
      <![CDATA[org.openqa.selenium.ElementClickInterceptedException: element click intercepted: Element <button type="button" class="btn button teal" id="coupon-apply-btn" style="background: #ff6155; border-radius: 0; font-size: .9rem;">...</button> is not clickable at point (612, 124). Other element would receive the click: <div class="container" style="height: 100%;">...</div>
  (Session info: chrome=86.0.4240.75)
Build info: version: '3.141.59', revision: 'e82be7d358', time: '2018-11-14T08:25:53'
System info: host: 'DESKTOP-M2K5DOK', ip: '192.168.1.100', os.name: 'Windows 10', os.arch: 'amd64', os.version: '10.0', java.version: '1.8.0_241'
Driver info: org.openqa.selenium.chrome.ChromeDriver
Capabilities {acceptInsecureCerts: false, browserName: chrome, browserVersion: 86.0.4240.75, chrome: {chromedriverVersion: 85.0.4183.87 (cd6713ebf92fa..., userDataDir: C:\Users\aa\AppData\Local\T...}, goog:chromeOptions: {debuggerAddress: localhost:52783}, javascriptEnabled: true, networkConnectionEnabled: false, pageLoadStrategy: normal, platform: WINDOWS, platformName: WINDOWS, proxy: Proxy(), setWindowRect: true, strictFileInteractability: false, timeouts: {implicit: 0, pageLoad: 300000, script: 30000}, unhandledPromptBehavior: dismiss and notify, webauthn:virtualAuthenticators: true}
Session ID: 4a729be631a6f0717de38acfda154c88
at sun.reflect.NativeConstructorAccessorImpl.newInstance0(Native Method)
at sun.reflect.NativeConstructorAccessorImpl.newInstance(Unknown Source)
at sun.reflect.DelegatingConstructorAccessorImpl.newInstance(Unknown Source)
at java.lang.reflect.Constructor.newInstance(Unknown Source)
at org.openqa.selenium.remote.http.W3CHttpResponseCodec.createException(W3CHttpResponseCodec.java:187)
at org.openqa.selenium.remote.http.W3CHttpResponseCodec.decode(W3CHttpResponseCodec.java:122)
at org.openqa.selenium.remote.http.W3CHttpResponseCodec.decode(W3CHttpResponseCodec.java:49)
at org.openqa.selenium.remote.HttpCommandExecutor.execute(HttpCommandExecutor.java:158)
at org.openqa.selenium.remote.service.DriverCommandExecutor.execute(DriverCommandExecutor.java:83)
at org.openqa.selenium.remote.RemoteWebDriver.execute(RemoteWebDriver.java:552)
at org.openqa.selenium.remote.RemoteWebElement.execute(RemoteWebElement.java:285)
at org.openqa.selenium.remote.RemoteWebElement.click(RemoteWebElement.java:84)
at sun.reflect.GeneratedMethodAccessor1.invoke(Unknown Source)
at sun.reflect.DelegatingMethodAccessorImpl.invoke(Unknown Source)
at java.lang.reflect.Method.invoke(Unknown Source)
at org.openqa.selenium.support.pagefactory.internal.LocatingElementHandler.invoke(LocatingElementHandler.java:51)
at com.sun.proxy.$Proxy9.click(Unknown Source)
at pom.Auro_Checkout_Page.clickApplyButton(Auro_Checkout_Page.java:84)
at testscript.Run_Mummy_Payment.select_LoseWeight_Beginner_Spin_Availoffer_Dothe_Payment_Entering_Credentials_Error_while_processing_the_card(Run_Mummy_Payment.java:211)
at sun.reflect.GeneratedMethodAccessor5.invoke(Unknown Source)
at sun.reflect.DelegatingMethodAccessorImpl.invoke(Unknown Source)
at java.lang.reflect.Method.invoke(Unknown Source)
at org.testng.internal.MethodInvocationHelper.invokeMethod(MethodInvocationHelper.java:135)
at org.testng.internal.TestInvoker.invokeMethod(TestInvoker.java:598)
at org.testng.internal.TestInvoker.invokeTestMethod(TestInvoker.java:174)
at org.testng.internal.MethodRunner.runInSequence(MethodRunner.java:46)
at org.testng.internal.TestInvoker$MethodInvocationAgent.invoke(TestInvoker.java:821)
at org.testng.internal.TestInvoker.invokeTestMethods(TestInvoker.java:147)
at org.testng.internal.TestMethodWorker.invokeTestMethods(TestMethodWorker.java:146)
at org.testng.internal.TestMethodWorker.run(TestMethodWorker.java:128)
at java.util.ArrayList.forEach(Unknown Source)
at org.testng.TestRunner.privateRun(TestRunner.java:767)
at org.testng.TestRunner.run(TestRunner.java:588)
at org.testng.SuiteRunner.runTest(SuiteRunner.java:384)
at org.testng.SuiteRunner.runSequentially(SuiteRunner.java:378)
at org.testng.SuiteRunner.privateRun(SuiteRunner.java:337)
at org.testng.SuiteRunner.run(SuiteRunner.java:286)
at org.testng.SuiteRunnerWorker.runSuite(SuiteRunnerWorker.java:53)
at org.testng.SuiteRunnerWorker.run(SuiteRunnerWorker.java:96)
at org.testng.TestNG.runSuitesSequentially(TestNG.java:1214)
at org.testng.TestNG.runSuitesLocally(TestNG.java:1136)
at org.testng.TestNG.runSuites(TestNG.java:1066)
at org.testng.TestNG.run(TestNG.java:1034)
at org.testng.remote.AbstractRemoteTestNG.run(AbstractRemoteTestNG.java:115)
at org.testng.remote.RemoteTestNG.initAndRun(RemoteTestNG.java:251)
at org.testng.remote.RemoteTestNG.main(RemoteTestNG.java:77)
]]>
    </error>
  </testcase> <!-- select_LoseWeight_Beginner_Spin_Availoffer_Dothe_Payment_Entering_Credentials_Error_while_processing_the_card -->
  <system-out/>
  <testcase name="select_LoseWeight_Beginner_Spin_Availoffer_Dothe_Payment_Entering_Credentials_Error_while_processing_the_card" time="29.353" classname="testscript.Run_Mummy_Payment">
    <skipped/>
  </testcase> <!-- select_LoseWeight_Beginner_Spin_Availoffer_Dothe_Payment_Entering_Credentials_Error_while_processing_the_card -->
  <system-out/>
  <testcase name="select_LoseWeight_Beginner_Spin_Availoffer_Dothe_Payment_Entering_Credentials_Error_while_processing_the_card" time="50.988" classname="testscript.Run_Mummy_Payment">
    <skipped/>
  </testcase> <!-- select_LoseWeight_Beginner_Spin_Availoffer_Dothe_Payment_Entering_Credentials_Error_while_processing_the_card -->
  <system-out/>
  <testcase name="select_LoseWeight_Beginner_Spin_Availoffer_Dothe_Payment_Entering_Credentials_Error_while_processing_the_card" time="80.934" classname="testscript.Run_Mummy_Payment"/>
  <system-out/>
  <testcase name="select_LoseWeight_Beginner_Spin_Availoffer_Dothe_Payment_Entering_Credentials_Error_while_processing_the_card" time="55.336" classname="testscript.Run_Mummy_Payment"/>
  <system-out/>
  <testcase name="select_LoseWeight_Beginner_Spin_Availoffer_Dothe_Payment_Entering_Credentials_Error_while_processing_the_card" time="21.495" classname="testscript.Run_Mummy_Payment">
    <skipped/>
  </testcase> <!-- select_LoseWeight_Beginner_Spin_Availoffer_Dothe_Payment_Entering_Credentials_Error_while_processing_the_card -->
  <system-out/>
  <testcase name="select_LoseWeight_Beginner_Spin_Availoffer_Dothe_Payment_Entering_Credentials_Error_while_processing_the_card" time="0.000" classname="testscript.Run_Mummy_Payment">
    <skipped/>
  </testcase> <!-- select_LoseWeight_Beginner_Spin_Availoffer_Dothe_Payment_Entering_Credentials_Error_while_processing_the_card -->
  <system-out/>
  <testcase name="select_LoseWeight_Beginner_Spin_Availoffer_Dothe_Payment_Entering_Credentials_Error_while_processing_the_card" time="0.000" classname="testscript.Run_Mummy_Payment">
    <skipped/>
  </testcase> <!-- select_LoseWeight_Beginner_Spin_Availoffer_Dothe_Payment_Entering_Credentials_Error_while_processing_the_card -->
  <system-out/>
  <testcase name="select_LoseWeight_Beginner_Spin_Availoffer_Dothe_Payment_Entering_Credentials_Error_while_processing_the_card" time="39.817" classname="testscript.Run_Mummy_Payment"/>
  <system-out/>
  <testcase name="select_LoseWeight_Beginner_Spin_Availoffer_Dothe_Payment_Entering_Credentials_Error_while_processing_the_card" time="35.391" classname="testscript.Run_Mummy_Payment">
    <error type="org.openqa.selenium.ElementClickInterceptedException" message="element click intercepted: Element &lt;button type=&quot;button&quot; class=&quot;btn button teal&quot; id=&quot;coupon-apply-btn&quot; style=&quot;background: #ff6155; border-radius: 0; font-size: .9rem;&quot;&gt;...&lt;/button&gt; is not clickable at point (389, 124). Other element would receive the click: &lt;div class=&quot;swiper-slide swiper-no-swiping swiper-slide-active&quot; id=&quot;checkout-slide&quot; data-url-hash=&quot;checkout&quot; data-slide-index=&quot;4&quot; style=&quot;width: 1366px;&quot;&gt;...&lt;/div&gt;
  (Session info: chrome=86.0.4240.75)
Build info: version: &#039;3.141.59&#039;, revision: &#039;e82be7d358&#039;, time: &#039;2018-11-14T08:25:53&#039;
System info: host: &#039;DESKTOP-M2K5DOK&#039;, ip: &#039;192.168.1.100&#039;, os.name: &#039;Windows 10&#039;, os.arch: &#039;amd64&#039;, os.version: &#039;10.0&#039;, java.version: &#039;1.8.0_241&#039;
Driver info: org.openqa.selenium.chrome.ChromeDriver
Capabilities {acceptInsecureCerts: false, browserName: chrome, browserVersion: 86.0.4240.75, chrome: {chromedriverVersion: 85.0.4183.87 (cd6713ebf92fa..., userDataDir: C:\Users\aa\AppData\Local\T...}, goog:chromeOptions: {debuggerAddress: localhost:51886}, javascriptEnabled: true, networkConnectionEnabled: false, pageLoadStrategy: normal, platform: WINDOWS, platformName: WINDOWS, proxy: Proxy(), setWindowRect: true, strictFileInteractability: false, timeouts: {implicit: 0, pageLoad: 300000, script: 30000}, unhandledPromptBehavior: dismiss and notify, webauthn:virtualAuthenticators: true}
Session ID: a640906b894fb923f3e6b1712b42f055">
      <![CDATA[org.openqa.selenium.ElementClickInterceptedException: element click intercepted: Element <button type="button" class="btn button teal" id="coupon-apply-btn" style="background: #ff6155; border-radius: 0; font-size: .9rem;">...</button> is not clickable at point (389, 124). Other element would receive the click: <div class="swiper-slide swiper-no-swiping swiper-slide-active" id="checkout-slide" data-url-hash="checkout" data-slide-index="4" style="width: 1366px;">...</div>
  (Session info: chrome=86.0.4240.75)
Build info: version: '3.141.59', revision: 'e82be7d358', time: '2018-11-14T08:25:53'
System info: host: 'DESKTOP-M2K5DOK', ip: '192.168.1.100', os.name: 'Windows 10', os.arch: 'amd64', os.version: '10.0', java.version: '1.8.0_241'
Driver info: org.openqa.selenium.chrome.ChromeDriver
Capabilities {acceptInsecureCerts: false, browserName: chrome, browserVersion: 86.0.4240.75, chrome: {chromedriverVersion: 85.0.4183.87 (cd6713ebf92fa..., userDataDir: C:\Users\aa\AppData\Local\T...}, goog:chromeOptions: {debuggerAddress: localhost:51886}, javascriptEnabled: true, networkConnectionEnabled: false, pageLoadStrategy: normal, platform: WINDOWS, platformName: WINDOWS, proxy: Proxy(), setWindowRect: true, strictFileInteractability: false, timeouts: {implicit: 0, pageLoad: 300000, script: 30000}, unhandledPromptBehavior: dismiss and notify, webauthn:virtualAuthenticators: true}
Session ID: a640906b894fb923f3e6b1712b42f055
at sun.reflect.NativeConstructorAccessorImpl.newInstance0(Native Method)
at sun.reflect.NativeConstructorAccessorImpl.newInstance(Unknown Source)
at sun.reflect.DelegatingConstructorAccessorImpl.newInstance(Unknown Source)
at java.lang.reflect.Constructor.newInstance(Unknown Source)
at org.openqa.selenium.remote.http.W3CHttpResponseCodec.createException(W3CHttpResponseCodec.java:187)
at org.openqa.selenium.remote.http.W3CHttpResponseCodec.decode(W3CHttpResponseCodec.java:122)
at org.openqa.selenium.remote.http.W3CHttpResponseCodec.decode(W3CHttpResponseCodec.java:49)
at org.openqa.selenium.remote.HttpCommandExecutor.execute(HttpCommandExecutor.java:158)
at org.openqa.selenium.remote.service.DriverCommandExecutor.execute(DriverCommandExecutor.java:83)
at org.openqa.selenium.remote.RemoteWebDriver.execute(RemoteWebDriver.java:552)
at org.openqa.selenium.remote.RemoteWebElement.execute(RemoteWebElement.java:285)
at org.openqa.selenium.remote.RemoteWebElement.click(RemoteWebElement.java:84)
at sun.reflect.GeneratedMethodAccessor1.invoke(Unknown Source)
at sun.reflect.DelegatingMethodAccessorImpl.invoke(Unknown Source)
at java.lang.reflect.Method.invoke(Unknown Source)
at org.openqa.selenium.support.pagefactory.internal.LocatingElementHandler.invoke(LocatingElementHandler.java:51)
at com.sun.proxy.$Proxy9.click(Unknown Source)
at pom.Auro_Checkout_Page.clickApplyButton(Auro_Checkout_Page.java:84)
at testscript.Run_Mummy_Payment.select_LoseWeight_Beginner_Spin_Availoffer_Dothe_Payment_Entering_Credentials_Error_while_processing_the_card(Run_Mummy_Payment.java:211)
at sun.reflect.GeneratedMethodAccessor5.invoke(Unknown Source)
at sun.reflect.DelegatingMethodAccessorImpl.invoke(Unknown Source)
at java.lang.reflect.Method.invoke(Unknown Source)
at org.testng.internal.MethodInvocationHelper.invokeMethod(MethodInvocationHelper.java:135)
at org.testng.internal.TestInvoker.invokeMethod(TestInvoker.java:598)
at org.testng.internal.TestInvoker.invokeTestMethod(TestInvoker.java:174)
at org.testng.internal.MethodRunner.runInSequence(MethodRunner.java:46)
at org.testng.internal.TestInvoker$MethodInvocationAgent.invoke(TestInvoker.java:821)
at org.testng.internal.TestInvoker.invokeTestMethods(TestInvoker.java:147)
at org.testng.internal.TestMethodWorker.invokeTestMethods(TestMethodWorker.java:146)
at org.testng.internal.TestMethodWorker.run(TestMethodWorker.java:128)
at java.util.ArrayList.forEach(Unknown Source)
at org.testng.TestRunner.privateRun(TestRunner.java:767)
at org.testng.TestRunner.run(TestRunner.java:588)
at org.testng.SuiteRunner.runTest(SuiteRunner.java:384)
at org.testng.SuiteRunner.runSequentially(SuiteRunner.java:378)
at org.testng.SuiteRunner.privateRun(SuiteRunner.java:337)
at org.testng.SuiteRunner.run(SuiteRunner.java:286)
at org.testng.SuiteRunnerWorker.runSuite(SuiteRunnerWorker.java:53)
at org.testng.SuiteRunnerWorker.run(SuiteRunnerWorker.java:96)
at org.testng.TestNG.runSuitesSequentially(TestNG.java:1214)
at org.testng.TestNG.runSuitesLocally(TestNG.java:1136)
at org.testng.TestNG.runSuites(TestNG.java:1066)
at org.testng.TestNG.run(TestNG.java:1034)
at org.testng.remote.AbstractRemoteTestNG.run(AbstractRemoteTestNG.java:115)
at org.testng.remote.RemoteTestNG.initAndRun(RemoteTestNG.java:251)
at org.testng.remote.RemoteTestNG.main(RemoteTestNG.java:77)
]]>
    </error>
  </testcase> <!-- select_LoseWeight_Beginner_Spin_Availoffer_Dothe_Payment_Entering_Credentials_Error_while_processing_the_card -->
  <system-out/>
  <testcase name="select_LoseWeight_Beginner_Spin_Availoffer_Dothe_Payment_Entering_Credentials_Error_while_processing_the_card" time="0.000" classname="testscript.Run_Mummy_Payment">
    <skipped/>
  </testcase> <!-- select_LoseWeight_Beginner_Spin_Availoffer_Dothe_Payment_Entering_Credentials_Error_while_processing_the_card -->
  <system-out/>
  <testcase name="select_LoseWeight_Beginner_Spin_Availoffer_Dothe_Payment_Entering_Credentials_Error_while_processing_the_card" time="0.000" classname="testscript.Run_Mummy_Payment">
    <skipped/>
  </testcase> <!-- select_LoseWeight_Beginner_Spin_Availoffer_Dothe_Payment_Entering_Credentials_Error_while_processing_the_card -->
  <system-out/>
  <testcase name="select_LoseWeight_Beginner_Spin_Availoffer_Dothe_Payment_Entering_Credentials_Error_while_processing_the_card" time="63.400" classname="testscript.Run_Mummy_Payment">
    <failure type="java.lang.AssertionError" message="Proper Error message not displayed">
      <![CDATA[java.lang.AssertionError: Proper Error message not displayed
at org.testng.Assert.fail(Assert.java:97)
at generic.Base_Page.getText(Base_Page.java:62)
at pom.Auro_Checkout_Page.verifyProcessingErrorMessage(Auro_Checkout_Page.java:149)
at testscript.Run_Mummy_Payment.select_LoseWeight_Beginner_Spin_Availoffer_Dothe_Payment_Entering_Credentials_Error_while_processing_the_card(Run_Mummy_Payment.java:226)
at sun.reflect.GeneratedMethodAccessor5.invoke(Unknown Source)
at sun.reflect.DelegatingMethodAccessorImpl.invoke(Unknown Source)
at java.lang.reflect.Method.invoke(Unknown Source)
at org.testng.internal.MethodInvocationHelper.invokeMethod(MethodInvocationHelper.java:135)
at org.testng.internal.TestInvoker.invokeMethod(TestInvoker.java:598)
at org.testng.internal.TestInvoker.invokeTestMethod(TestInvoker.java:174)
at org.testng.internal.MethodRunner.runInSequence(MethodRunner.java:46)
at org.testng.internal.TestInvoker$MethodInvocationAgent.invoke(TestInvoker.java:821)
at org.testng.internal.TestInvoker.invokeTestMethods(TestInvoker.java:147)
at org.testng.internal.TestMethodWorker.invokeTestMethods(TestMethodWorker.java:146)
at org.testng.internal.TestMethodWorker.run(TestMethodWorker.java:128)
at java.util.ArrayList.forEach(Unknown Source)
at org.testng.TestRunner.privateRun(TestRunner.java:767)
at org.testng.TestRunner.run(TestRunner.java:588)
at org.testng.SuiteRunner.runTest(SuiteRunner.java:384)
at org.testng.SuiteRunner.runSequentially(SuiteRunner.java:378)
at org.testng.SuiteRunner.privateRun(SuiteRunner.java:337)
at org.testng.SuiteRunner.run(SuiteRunner.java:286)
at org.testng.SuiteRunnerWorker.runSuite(SuiteRunnerWorker.java:53)
at org.testng.SuiteRunnerWorker.run(SuiteRunnerWorker.java:96)
at org.testng.TestNG.runSuitesSequentially(TestNG.java:1214)
at org.testng.TestNG.runSuitesLocally(TestNG.java:1136)
at org.testng.TestNG.runSuites(TestNG.java:1066)
at org.testng.TestNG.run(TestNG.java:1034)
at org.testng.remote.AbstractRemoteTestNG.run(AbstractRemoteTestNG.java:115)
at org.testng.remote.RemoteTestNG.initAndRun(RemoteTestNG.java:251)
at org.testng.remote.RemoteTestNG.main(RemoteTestNG.java:77)
]]>
    </failure>
  </testcase> <!-- select_LoseWeight_Beginner_Spin_Availoffer_Dothe_Payment_Entering_Credentials_Error_while_processing_the_card -->
  <system-out/>
  <testcase name="select_LoseWeight_Beginner_Spin_Availoffer_Dothe_Payment_Entering_Credentials_Error_while_processing_the_card" time="22.814" classname="testscript.Run_Mummy_Payment"/>
  <system-out/>
  <testcase name="select_LoseWeight_Beginner_Spin_Availoffer_Dothe_Payment_Entering_Credentials_Error_while_processing_the_card" time="32.541" classname="testscript.Run_Mummy_Payment"/>
  <system-out/>
  <testcase name="select_LoseWeight_Beginner_Spin_Availoffer_Dothe_Payment_Entering_Credentials_Error_while_processing_the_card" time="65.656" classname="testscript.Run_Mummy_Payment"/>
  <system-out/>
  <testcase name="select_LoseWeight_Beginner_Spin_Availoffer_Dothe_Payment_Entering_Credentials_Error_while_processing_the_card" time="37.376" classname="testscript.Run_Mummy_Payment"/>
  <system-out/>
  <testcase name="select_LoseWeight_Beginner_Spin_Availoffer_Dothe_Payment_Entering_Credentials_Error_while_processing_the_card" time="0.000" classname="testscript.Run_Mummy_Payment">
    <skipped/>
  </testcase> <!-- select_LoseWeight_Beginner_Spin_Availoffer_Dothe_Payment_Entering_Credentials_Error_while_processing_the_card -->
  <system-out/>
  <testcase name="select_LoseWeight_Beginner_Spin_Availoffer_Dothe_Payment_Entering_Credentials_Error_while_processing_the_card" time="24.750" classname="testscript.Run_Mummy_Payment"/>
  <system-out/>
  <testcase name="select_LoseWeight_Beginner_Spin_Availoffer_Dothe_Payment_Entering_Credentials_Error_while_processing_the_card" time="0.000" classname="testscript.Run_Mummy_Payment">
    <skipped/>
  </testcase> <!-- select_LoseWeight_Beginner_Spin_Availoffer_Dothe_Payment_Entering_Credentials_Error_while_processing_the_card -->
  <system-out/>
  <testcase name="select_LoseWeight_Beginner_Spin_Availoffer_Dothe_Payment_Entering_Credentials_Error_while_processing_the_card" time="0.000" classname="testscript.Run_Mummy_Payment">
    <skipped/>
  </testcase> <!-- select_LoseWeight_Beginner_Spin_Availoffer_Dothe_Payment_Entering_Credentials_Error_while_processing_the_card -->
  <system-out/>
  <testcase name="select_LoseWeight_Beginner_Spin_Availoffer_Dothe_Payment_Entering_Credentials_Error_while_processing_the_card" time="24.783" classname="testscript.Run_Mummy_Payment"/>
  <system-out/>
  <testcase name="select_LoseWeight_Beginner_Spin_Availoffer_Dothe_Payment_Entering_Credentials_Error_while_processing_the_card" time="24.458" classname="testscript.Run_Mummy_Payment"/>
  <system-out/>
  <testcase name="select_LoseWeight_Beginner_Spin_Availoffer_Dothe_Payment_Entering_Credentials_Error_while_processing_the_card" time="26.319" classname="testscript.Run_Mummy_Payment"/>
  <system-out/>
  <testcase name="select_LoseWeight_Beginner_Spin_Availoffer_Dothe_Payment_Entering_Credentials_Error_while_processing_the_card" time="0.000" classname="testscript.Run_Mummy_Payment">
    <skipped/>
  </testcase> <!-- select_LoseWeight_Beginner_Spin_Availoffer_Dothe_Payment_Entering_Credentials_Error_while_processing_the_card -->
  <system-out/>
  <testcase name="select_LoseWeight_Beginner_Spin_Availoffer_Dothe_Payment_Entering_Credentials_Error_while_processing_the_card" time="0.000" classname="testscript.Run_Mummy_Payment">
    <skipped/>
  </testcase> <!-- select_LoseWeight_Beginner_Spin_Availoffer_Dothe_Payment_Entering_Credentials_Error_while_processing_the_card -->
  <system-out/>
  <testcase name="select_LoseWeight_Beginner_Spin_Availoffer_Dothe_Payment_Entering_Credentials_Error_while_processing_the_card" time="0.000" classname="testscript.Run_Mummy_Payment">
    <skipped/>
  </testcase> <!-- select_LoseWeight_Beginner_Spin_Availoffer_Dothe_Payment_Entering_Credentials_Error_while_processing_the_card -->
  <system-out/>
  <testcase name="select_LoseWeight_Beginner_Spin_Availoffer_Dothe_Payment_Entering_Credentials_Error_while_processing_the_card" time="0.000" classname="testscript.Run_Mummy_Payment">
    <skipped/>
  </testcase> <!-- select_LoseWeight_Beginner_Spin_Availoffer_Dothe_Payment_Entering_Credentials_Error_while_processing_the_card -->
  <system-out/>
  <testcase name="select_LoseWeight_Beginner_Spin_Availoffer_Dothe_Payment_Entering_Credentials_Error_while_processing_the_card" time="0.000" classname="testscript.Run_Mummy_Payment">
    <skipped/>
  </testcase> <!-- select_LoseWeight_Beginner_Spin_Availoffer_Dothe_Payment_Entering_Credentials_Error_while_processing_the_card -->
  <system-out/>
  <testcase name="select_LoseWeight_Beginner_Spin_Availoffer_Dothe_Payment_Entering_Credentials_Error_while_processing_the_card" time="32.928" classname="testscript.Run_Mummy_Payment"/>
  <system-out/>
  <testcase name="select_LoseWeight_Beginner_Spin_Availoffer_Dothe_Payment_Entering_Credentials_Error_while_processing_the_card" time="0.000" classname="testscript.Run_Mummy_Payment">
    <skipped/>
  </testcase> <!-- select_LoseWeight_Beginner_Spin_Availoffer_Dothe_Payment_Entering_Credentials_Error_while_processing_the_card -->
  <system-out/>
  <testcase name="select_LoseWeight_Beginner_Spin_Availoffer_Dothe_Payment_Entering_Credentials_Error_while_processing_the_card" time="24.966" classname="testscript.Run_Mummy_Payment"/>
  <system-out/>
  <testcase name="select_LoseWeight_Beginner_Spin_Availoffer_Dothe_Payment_Entering_Credentials_Error_while_processing_the_card" time="0.000" classname="testscript.Run_Mummy_Payment">
    <skipped/>
  </testcase> <!-- select_LoseWeight_Beginner_Spin_Availoffer_Dothe_Payment_Entering_Credentials_Error_while_processing_the_card -->
  <system-out/>
  <testcase name="select_LoseWeight_Beginner_Spin_Availoffer_Dothe_Payment_Entering_Credentials_Error_while_processing_the_card" time="0.000" classname="testscript.Run_Mummy_Payment">
    <skipped/>
  </testcase> <!-- select_LoseWeight_Beginner_Spin_Availoffer_Dothe_Payment_Entering_Credentials_Error_while_processing_the_card -->
  <system-out/>
  <testcase name="select_LoseWeight_Beginner_Spin_Availoffer_Dothe_Payment_Entering_Credentials_Error_while_processing_the_card" time="24.715" classname="testscript.Run_Mummy_Payment"/>
  <system-out/>
  <testcase name="select_LoseWeight_Beginner_Spin_Availoffer_Dothe_Payment_Entering_Credentials_Error_while_processing_the_card" time="23.243" classname="testscript.Run_Mummy_Payment"/>
  <system-out/>
  <testcase name="select_LoseWeight_Beginner_Spin_Availoffer_Dothe_Payment_Entering_Credentials_Error_while_processing_the_card" time="0.000" classname="testscript.Run_Mummy_Payment">
    <skipped/>
  </testcase> <!-- select_LoseWeight_Beginner_Spin_Availoffer_Dothe_Payment_Entering_Credentials_Error_while_processing_the_card -->
  <system-out/>
  <testcase name="select_LoseWeight_Beginner_Spin_Availoffer_Dothe_Payment_Entering_Credentials_Error_while_processing_the_card" time="0.000" classname="testscript.Run_Mummy_Payment">
    <skipped/>
  </testcase> <!-- select_LoseWeight_Beginner_Spin_Availoffer_Dothe_Payment_Entering_Credentials_Error_while_processing_the_card -->
  <system-out/>
  <testcase name="select_LoseWeight_Beginner_Spin_Availoffer_Dothe_Payment_Entering_Credentials_Error_while_processing_the_card" time="0.000" classname="testscript.Run_Mummy_Payment">
    <skipped/>
  </testcase> <!-- select_LoseWeight_Beginner_Spin_Availoffer_Dothe_Payment_Entering_Credentials_Error_while_processing_the_card -->
  <system-out/>
  <testcase name="select_LoseWeight_Beginner_Spin_Availoffer_Dothe_Payment_Entering_Credentials_Error_while_processing_the_card" time="27.765" classname="testscript.Run_Mummy_Payment"/>
  <system-out/>
  <testcase name="select_LoseWeight_Beginner_Spin_Availoffer_Dothe_Payment_Entering_Credentials_Error_while_processing_the_card" time="26.088" classname="testscript.Run_Mummy_Payment"/>
  <system-out/>
  <testcase name="select_LoseWeight_Beginner_Spin_Availoffer_Dothe_Payment_Entering_Credentials_Error_while_processing_the_card" time="24.292" classname="testscript.Run_Mummy_Payment"/>
  <system-out/>
  <testcase name="select_LoseWeight_Beginner_Spin_Availoffer_Dothe_Payment_Entering_Credentials_Error_while_processing_the_card" time="0.000" classname="testscript.Run_Mummy_Payment">
    <skipped/>
  </testcase> <!-- select_LoseWeight_Beginner_Spin_Availoffer_Dothe_Payment_Entering_Credentials_Error_while_processing_the_card -->
  <system-out/>
  <testcase name="select_LoseWeight_Beginner_Spin_Availoffer_Dothe_Payment_Entering_Credentials_Error_while_processing_the_card" time="23.529" classname="testscript.Run_Mummy_Payment"/>
  <system-out/>
  <testcase name="select_LoseWeight_Beginner_Spin_Availoffer_Dothe_Payment_Entering_Credentials_Error_while_processing_the_card" time="0.000" classname="testscript.Run_Mummy_Payment">
    <skipped/>
  </testcase> <!-- select_LoseWeight_Beginner_Spin_Availoffer_Dothe_Payment_Entering_Credentials_Error_while_processing_the_card -->
  <system-out/>
  <testcase name="select_LoseWeight_Beginner_Spin_Availoffer_Dothe_Payment_Entering_Credentials_Error_while_processing_the_card" time="0.000" classname="testscript.Run_Mummy_Payment">
    <skipped/>
  </testcase> <!-- select_LoseWeight_Beginner_Spin_Availoffer_Dothe_Payment_Entering_Credentials_Error_while_processing_the_card -->
  <system-out/>
  <testcase name="select_LoseWeight_Beginner_Spin_Availoffer_Dothe_Payment_Entering_Credentials_Error_while_processing_the_card" time="0.000" classname="testscript.Run_Mummy_Payment">
    <skipped/>
  </testcase> <!-- select_LoseWeight_Beginner_Spin_Availoffer_Dothe_Payment_Entering_Credentials_Error_while_processing_the_card -->
  <system-out/>
  <testcase name="select_LoseWeight_Beginner_Spin_Availoffer_Dothe_Payment_Entering_Credentials_Error_while_processing_the_card" time="0.000" classname="testscript.Run_Mummy_Payment">
    <skipped/>
  </testcase> <!-- select_LoseWeight_Beginner_Spin_Availoffer_Dothe_Payment_Entering_Credentials_Error_while_processing_the_card -->
  <system-out/>
  <testcase name="select_LoseWeight_Beginner_Spin_Availoffer_Dothe_Payment_Entering_Credentials_Error_while_processing_the_card" time="0.000" classname="testscript.Run_Mummy_Payment">
    <skipped/>
  </testcase> <!-- select_LoseWeight_Beginner_Spin_Availoffer_Dothe_Payment_Entering_Credentials_Error_while_processing_the_card -->
  <system-out/>
  <testcase name="select_LoseWeight_Beginner_Spin_Availoffer_Dothe_Payment_Entering_Credentials_Error_while_processing_the_card" time="24.384" classname="testscript.Run_Mummy_Payment"/>
  <system-out/>
  <testcase name="select_LoseWeight_Beginner_Spin_Availoffer_Dothe_Payment_Entering_Credentials_Error_while_processing_the_card" time="22.757" classname="testscript.Run_Mummy_Payment"/>
  <system-out/>
  <testcase name="select_LoseWeight_Beginner_Spin_Availoffer_Dothe_Payment_Entering_Credentials_Error_while_processing_the_card" time="27.717" classname="testscript.Run_Mummy_Payment"/>
  <system-out/>
  <testcase name="select_LoseWeight_Beginner_Spin_Availoffer_Dothe_Payment_Entering_Credentials_Error_while_processing_the_card" time="25.088" classname="testscript.Run_Mummy_Payment"/>
  <system-out/>
  <testcase name="select_LoseWeight_Beginner_Spin_Availoffer_Dothe_Payment_Entering_Credentials_Error_while_processing_the_card" time="0.000" classname="testscript.Run_Mummy_Payment">
    <skipped/>
  </testcase> <!-- select_LoseWeight_Beginner_Spin_Availoffer_Dothe_Payment_Entering_Credentials_Error_while_processing_the_card -->
  <system-out/>
  <testcase name="select_LoseWeight_Beginner_Spin_Availoffer_Dothe_Payment_Entering_Credentials_Error_while_processing_the_card" time="24.653" classname="testscript.Run_Mummy_Payment"/>
  <system-out/>
  <testcase name="select_LoseWeight_Beginner_Spin_Availoffer_Dothe_Payment_Entering_Credentials_Error_while_processing_the_card" time="27.182" classname="testscript.Run_Mummy_Payment">
    <error type="org.openqa.selenium.ElementClickInterceptedException" message="element click intercepted: Element &lt;button type=&quot;button&quot; class=&quot;btn button teal&quot; id=&quot;coupon-apply-btn&quot; style=&quot;background: #ff6155; border-radius: 0; font-size: .9rem;&quot;&gt;...&lt;/button&gt; is not clickable at point (766, 124). Other element would receive the click: &lt;div style=&quot;margin: 0 auto; margin-top: 3rem;&quot;&gt;...&lt;/div&gt;
  (Session info: chrome=86.0.4240.75)
Build info: version: &#039;3.141.59&#039;, revision: &#039;e82be7d358&#039;, time: &#039;2018-11-14T08:25:53&#039;
System info: host: &#039;DESKTOP-M2K5DOK&#039;, ip: &#039;192.168.1.100&#039;, os.name: &#039;Windows 10&#039;, os.arch: &#039;amd64&#039;, os.version: &#039;10.0&#039;, java.version: &#039;1.8.0_241&#039;
Driver info: org.openqa.selenium.chrome.ChromeDriver
Capabilities {acceptInsecureCerts: false, browserName: chrome, browserVersion: 86.0.4240.75, chrome: {chromedriverVersion: 85.0.4183.87 (cd6713ebf92fa..., userDataDir: C:\Users\aa\AppData\Local\T...}, goog:chromeOptions: {debuggerAddress: localhost:52207}, javascriptEnabled: true, networkConnectionEnabled: false, pageLoadStrategy: normal, platform: WINDOWS, platformName: WINDOWS, proxy: Proxy(), setWindowRect: true, strictFileInteractability: false, timeouts: {implicit: 0, pageLoad: 300000, script: 30000}, unhandledPromptBehavior: dismiss and notify, webauthn:virtualAuthenticators: true}
Session ID: 59b41b2c5469e371bd3584677d31ab72">
      <![CDATA[org.openqa.selenium.ElementClickInterceptedException: element click intercepted: Element <button type="button" class="btn button teal" id="coupon-apply-btn" style="background: #ff6155; border-radius: 0; font-size: .9rem;">...</button> is not clickable at point (766, 124). Other element would receive the click: <div style="margin: 0 auto; margin-top: 3rem;">...</div>
  (Session info: chrome=86.0.4240.75)
Build info: version: '3.141.59', revision: 'e82be7d358', time: '2018-11-14T08:25:53'
System info: host: 'DESKTOP-M2K5DOK', ip: '192.168.1.100', os.name: 'Windows 10', os.arch: 'amd64', os.version: '10.0', java.version: '1.8.0_241'
Driver info: org.openqa.selenium.chrome.ChromeDriver
Capabilities {acceptInsecureCerts: false, browserName: chrome, browserVersion: 86.0.4240.75, chrome: {chromedriverVersion: 85.0.4183.87 (cd6713ebf92fa..., userDataDir: C:\Users\aa\AppData\Local\T...}, goog:chromeOptions: {debuggerAddress: localhost:52207}, javascriptEnabled: true, networkConnectionEnabled: false, pageLoadStrategy: normal, platform: WINDOWS, platformName: WINDOWS, proxy: Proxy(), setWindowRect: true, strictFileInteractability: false, timeouts: {implicit: 0, pageLoad: 300000, script: 30000}, unhandledPromptBehavior: dismiss and notify, webauthn:virtualAuthenticators: true}
Session ID: 59b41b2c5469e371bd3584677d31ab72
at sun.reflect.NativeConstructorAccessorImpl.newInstance0(Native Method)
at sun.reflect.NativeConstructorAccessorImpl.newInstance(Unknown Source)
at sun.reflect.DelegatingConstructorAccessorImpl.newInstance(Unknown Source)
at java.lang.reflect.Constructor.newInstance(Unknown Source)
at org.openqa.selenium.remote.http.W3CHttpResponseCodec.createException(W3CHttpResponseCodec.java:187)
at org.openqa.selenium.remote.http.W3CHttpResponseCodec.decode(W3CHttpResponseCodec.java:122)
at org.openqa.selenium.remote.http.W3CHttpResponseCodec.decode(W3CHttpResponseCodec.java:49)
at org.openqa.selenium.remote.HttpCommandExecutor.execute(HttpCommandExecutor.java:158)
at org.openqa.selenium.remote.service.DriverCommandExecutor.execute(DriverCommandExecutor.java:83)
at org.openqa.selenium.remote.RemoteWebDriver.execute(RemoteWebDriver.java:552)
at org.openqa.selenium.remote.RemoteWebElement.execute(RemoteWebElement.java:285)
at org.openqa.selenium.remote.RemoteWebElement.click(RemoteWebElement.java:84)
at sun.reflect.GeneratedMethodAccessor1.invoke(Unknown Source)
at sun.reflect.DelegatingMethodAccessorImpl.invoke(Unknown Source)
at java.lang.reflect.Method.invoke(Unknown Source)
at org.openqa.selenium.support.pagefactory.internal.LocatingElementHandler.invoke(LocatingElementHandler.java:51)
at com.sun.proxy.$Proxy9.click(Unknown Source)
at pom.Auro_Checkout_Page.clickApplyButton(Auro_Checkout_Page.java:84)
at testscript.Run_Mummy_Payment.select_LoseWeight_Beginner_Spin_Availoffer_Dothe_Payment_Entering_Credentials_Error_while_processing_the_card(Run_Mummy_Payment.java:211)
at sun.reflect.GeneratedMethodAccessor5.invoke(Unknown Source)
at sun.reflect.DelegatingMethodAccessorImpl.invoke(Unknown Source)
at java.lang.reflect.Method.invoke(Unknown Source)
at org.testng.internal.MethodInvocationHelper.invokeMethod(MethodInvocationHelper.java:135)
at org.testng.internal.TestInvoker.invokeMethod(TestInvoker.java:598)
at org.testng.internal.TestInvoker.invokeTestMethod(TestInvoker.java:174)
at org.testng.internal.MethodRunner.runInSequence(MethodRunner.java:46)
at org.testng.internal.TestInvoker$MethodInvocationAgent.invoke(TestInvoker.java:821)
at org.testng.internal.TestInvoker.invokeTestMethods(TestInvoker.java:147)
at org.testng.internal.TestMethodWorker.invokeTestMethods(TestMethodWorker.java:146)
at org.testng.internal.TestMethodWorker.run(TestMethodWorker.java:128)
at java.util.ArrayList.forEach(Unknown Source)
at org.testng.TestRunner.privateRun(TestRunner.java:767)
at org.testng.TestRunner.run(TestRunner.java:588)
at org.testng.SuiteRunner.runTest(SuiteRunner.java:384)
at org.testng.SuiteRunner.runSequentially(SuiteRunner.java:378)
at org.testng.SuiteRunner.privateRun(SuiteRunner.java:337)
at org.testng.SuiteRunner.run(SuiteRunner.java:286)
at org.testng.SuiteRunnerWorker.runSuite(SuiteRunnerWorker.java:53)
at org.testng.SuiteRunnerWorker.run(SuiteRunnerWorker.java:96)
at org.testng.TestNG.runSuitesSequentially(TestNG.java:1214)
at org.testng.TestNG.runSuitesLocally(TestNG.java:1136)
at org.testng.TestNG.runSuites(TestNG.java:1066)
at org.testng.TestNG.run(TestNG.java:1034)
at org.testng.remote.AbstractRemoteTestNG.run(AbstractRemoteTestNG.java:115)
at org.testng.remote.RemoteTestNG.initAndRun(RemoteTestNG.java:251)
at org.testng.remote.RemoteTestNG.main(RemoteTestNG.java:77)
]]>
    </error>
  </testcase> <!-- select_LoseWeight_Beginner_Spin_Availoffer_Dothe_Payment_Entering_Credentials_Error_while_processing_the_card -->
  <system-out/>
</testsuite> <!-- testscript.Run_Mummy_Payment -->
