<?xml version="1.0" encoding="UTF-8"?>
<!-- Generated by org.testng.reporters.JUnitReportReporter -->
<testsuite skipped="0" hostname="DESKTOP-M2K5DOK" name="testscript.RunMummySignUp" tests="100" failures="0" timestamp="2020-10-19T18:25:39 IST" time="2663.173" errors="4">
  <testcase name="select_LoseWeight_Beginner_Spin_ENTER_NO_EMAIL_AND_PASSWORD" time="22.348" classname="testscript.RunMummySignUp"/>
  <system-out/>
  <testcase name="select_LoseWeight_Beginner_Spin_ENTER_NO_EMAIL_AND_PASSWORD" time="26.499" classname="testscript.RunMummySignUp"/>
  <system-out/>
  <testcase name="select_LoseWeight_Beginner_Spin_ENTER_NO_EMAIL_AND_PASSWORD" time="23.184" classname="testscript.RunMummySignUp"/>
  <system-out/>
  <testcase name="select_LoseWeight_Beginner_Spin_ENTER_NO_EMAIL_AND_PASSWORD" time="23.572" classname="testscript.RunMummySignUp"/>
  <system-out/>
  <testcase name="select_LoseWeight_Beginner_Spin_ENTER_NO_EMAIL_AND_PASSWORD" time="25.418" classname="testscript.RunMummySignUp"/>
  <system-out/>
  <testcase name="select_LoseWeight_Beginner_Spin_ENTER_NO_EMAIL_AND_PASSWORD" time="25.387" classname="testscript.RunMummySignUp"/>
  <system-out/>
  <testcase name="select_LoseWeight_Beginner_Spin_ENTER_NO_EMAIL_AND_PASSWORD" time="24.417" classname="testscript.RunMummySignUp"/>
  <system-out/>
  <testcase name="select_LoseWeight_Beginner_Spin_ENTER_NO_EMAIL_AND_PASSWORD" time="25.944" classname="testscript.RunMummySignUp"/>
  <system-out/>
  <testcase name="select_LoseWeight_Beginner_Spin_ENTER_NO_EMAIL_AND_PASSWORD" time="29.674" classname="testscript.RunMummySignUp"/>
  <system-out/>
  <testcase name="select_LoseWeight_Beginner_Spin_ENTER_NO_EMAIL_AND_PASSWORD" time="25.528" classname="testscript.RunMummySignUp"/>
  <system-out/>
  <testcase name="select_LoseWeight_Beginner_Spin_ENTER_NO_EMAIL_AND_PASSWORD" time="24.189" classname="testscript.RunMummySignUp"/>
  <system-out/>
  <testcase name="select_LoseWeight_Beginner_Spin_ENTER_NO_EMAIL_AND_PASSWORD" time="24.376" classname="testscript.RunMummySignUp"/>
  <system-out/>
  <testcase name="select_LoseWeight_Beginner_Spin_ENTER_NO_EMAIL_AND_PASSWORD" time="24.386" classname="testscript.RunMummySignUp"/>
  <system-out/>
  <testcase name="select_LoseWeight_Beginner_Spin_ENTER_NO_EMAIL_AND_PASSWORD" time="23.199" classname="testscript.RunMummySignUp"/>
  <system-out/>
  <testcase name="select_LoseWeight_Beginner_Spin_ENTER_NO_EMAIL_AND_PASSWORD" time="27.245" classname="testscript.RunMummySignUp"/>
  <system-out/>
  <testcase name="select_LoseWeight_Beginner_Spin_ENTER_NO_EMAIL_AND_PASSWORD" time="21.380" classname="testscript.RunMummySignUp"/>
  <system-out/>
  <testcase name="select_LoseWeight_Beginner_Spin_ENTER_NO_EMAIL_AND_PASSWORD" time="32.631" classname="testscript.RunMummySignUp">
    <error type="org.openqa.selenium.ElementNotInteractableException" message="element not interactable
  (Session info: chrome=86.0.4240.75)
Build info: version: &#039;3.141.59&#039;, revision: &#039;e82be7d358&#039;, time: &#039;2018-11-14T08:25:53&#039;
System info: host: &#039;DESKTOP-M2K5DOK&#039;, ip: &#039;192.168.1.100&#039;, os.name: &#039;Windows 10&#039;, os.arch: &#039;amd64&#039;, os.version: &#039;10.0&#039;, java.version: &#039;1.8.0_241&#039;
Driver info: org.openqa.selenium.chrome.ChromeDriver
Capabilities {acceptInsecureCerts: false, browserName: chrome, browserVersion: 86.0.4240.75, chrome: {chromedriverVersion: 85.0.4183.87 (cd6713ebf92fa..., userDataDir: C:\Users\aa\AppData\Local\T...}, goog:chromeOptions: {debuggerAddress: localhost:57437}, javascriptEnabled: true, networkConnectionEnabled: false, pageLoadStrategy: normal, platform: WINDOWS, platformName: WINDOWS, proxy: Proxy(), setWindowRect: true, strictFileInteractability: false, timeouts: {implicit: 0, pageLoad: 300000, script: 30000}, unhandledPromptBehavior: dismiss and notify, webauthn:virtualAuthenticators: true}
Session ID: b99cbe5baae9f2f618de4ae56d0e9e94">
      <![CDATA[org.openqa.selenium.ElementNotInteractableException: element not interactable
  (Session info: chrome=86.0.4240.75)
Build info: version: '3.141.59', revision: 'e82be7d358', time: '2018-11-14T08:25:53'
System info: host: 'DESKTOP-M2K5DOK', ip: '192.168.1.100', os.name: 'Windows 10', os.arch: 'amd64', os.version: '10.0', java.version: '1.8.0_241'
Driver info: org.openqa.selenium.chrome.ChromeDriver
Capabilities {acceptInsecureCerts: false, browserName: chrome, browserVersion: 86.0.4240.75, chrome: {chromedriverVersion: 85.0.4183.87 (cd6713ebf92fa..., userDataDir: C:\Users\aa\AppData\Local\T...}, goog:chromeOptions: {debuggerAddress: localhost:57437}, javascriptEnabled: true, networkConnectionEnabled: false, pageLoadStrategy: normal, platform: WINDOWS, platformName: WINDOWS, proxy: Proxy(), setWindowRect: true, strictFileInteractability: false, timeouts: {implicit: 0, pageLoad: 300000, script: 30000}, unhandledPromptBehavior: dismiss and notify, webauthn:virtualAuthenticators: true}
Session ID: b99cbe5baae9f2f618de4ae56d0e9e94
at sun.reflect.NativeConstructorAccessorImpl.newInstance0(Native Method)
at sun.reflect.NativeConstructorAccessorImpl.newInstance(Unknown Source)
at sun.reflect.DelegatingConstructorAccessorImpl.newInstance(Unknown Source)
at java.lang.reflect.Constructor.newInstance(Unknown Source)
at org.openqa.selenium.remote.http.W3CHttpResponseCodec.createException(W3CHttpResponseCodec.java:187)
at org.openqa.selenium.remote.http.W3CHttpResponseCodec.decode(W3CHttpResponseCodec.java:122)
at org.openqa.selenium.remote.http.W3CHttpResponseCodec.decode(W3CHttpResponseCodec.java:49)
at org.openqa.selenium.remote.HttpCommandExecutor.execute(HttpCommandExecutor.java:158)
at org.openqa.selenium.remote.service.DriverCommandExecutor.execute(DriverCommandExecutor.java:83)
at org.openqa.selenium.remote.RemoteWebDriver.execute(RemoteWebDriver.java:552)
at org.openqa.selenium.remote.RemoteWebElement.execute(RemoteWebElement.java:285)
at org.openqa.selenium.remote.RemoteWebElement.click(RemoteWebElement.java:84)
at sun.reflect.GeneratedMethodAccessor1.invoke(Unknown Source)
at sun.reflect.DelegatingMethodAccessorImpl.invoke(Unknown Source)
at java.lang.reflect.Method.invoke(Unknown Source)
at org.openqa.selenium.support.pagefactory.internal.LocatingElementHandler.invoke(LocatingElementHandler.java:51)
at com.sun.proxy.$Proxy9.click(Unknown Source)
at pom.Auro_Level_Page.selectBeginner(Auro_Level_Page.java:23)
at testscript.RunMummySignUp.select_LoseWeight_Beginner_Spin_ENTER_NO_EMAIL_AND_PASSWORD(RunMummySignUp.java:254)
at sun.reflect.GeneratedMethodAccessor5.invoke(Unknown Source)
at sun.reflect.DelegatingMethodAccessorImpl.invoke(Unknown Source)
at java.lang.reflect.Method.invoke(Unknown Source)
at org.testng.internal.MethodInvocationHelper.invokeMethod(MethodInvocationHelper.java:135)
at org.testng.internal.TestInvoker.invokeMethod(TestInvoker.java:598)
at org.testng.internal.TestInvoker.invokeTestMethod(TestInvoker.java:174)
at org.testng.internal.MethodRunner.runInSequence(MethodRunner.java:46)
at org.testng.internal.TestInvoker$MethodInvocationAgent.invoke(TestInvoker.java:821)
at org.testng.internal.TestInvoker.invokeTestMethods(TestInvoker.java:147)
at org.testng.internal.TestMethodWorker.invokeTestMethods(TestMethodWorker.java:146)
at org.testng.internal.TestMethodWorker.run(TestMethodWorker.java:128)
at java.util.ArrayList.forEach(Unknown Source)
at org.testng.TestRunner.privateRun(TestRunner.java:767)
at org.testng.TestRunner.run(TestRunner.java:588)
at org.testng.SuiteRunner.runTest(SuiteRunner.java:384)
at org.testng.SuiteRunner.runSequentially(SuiteRunner.java:378)
at org.testng.SuiteRunner.privateRun(SuiteRunner.java:337)
at org.testng.SuiteRunner.run(SuiteRunner.java:286)
at org.testng.SuiteRunnerWorker.runSuite(SuiteRunnerWorker.java:53)
at org.testng.SuiteRunnerWorker.run(SuiteRunnerWorker.java:96)
at org.testng.TestNG.runSuitesSequentially(TestNG.java:1214)
at org.testng.TestNG.runSuitesLocally(TestNG.java:1136)
at org.testng.TestNG.runSuites(TestNG.java:1066)
at org.testng.TestNG.run(TestNG.java:1034)
at org.testng.remote.AbstractRemoteTestNG.run(AbstractRemoteTestNG.java:115)
at org.testng.remote.RemoteTestNG.initAndRun(RemoteTestNG.java:251)
at org.testng.remote.RemoteTestNG.main(RemoteTestNG.java:77)
]]>
    </error>
  </testcase> <!-- select_LoseWeight_Beginner_Spin_ENTER_NO_EMAIL_AND_PASSWORD -->
  <system-out/>
  <testcase name="select_LoseWeight_Beginner_Spin_ENTER_NO_EMAIL_AND_PASSWORD" time="25.044" classname="testscript.RunMummySignUp"/>
  <system-out/>
  <testcase name="select_LoseWeight_Beginner_Spin_ENTER_NO_EMAIL_AND_PASSWORD" time="22.803" classname="testscript.RunMummySignUp"/>
  <system-out/>
  <testcase name="select_LoseWeight_Beginner_Spin_ENTER_NO_EMAIL_AND_PASSWORD" time="22.679" classname="testscript.RunMummySignUp"/>
  <system-out/>
  <testcase name="select_LoseWeight_Beginner_Spin_ENTER_NO_EMAIL_AND_PASSWORD" time="26.551" classname="testscript.RunMummySignUp"/>
  <system-out/>
  <testcase name="select_LoseWeight_Beginner_Spin_ENTER_NO_EMAIL_AND_PASSWORD" time="25.186" classname="testscript.RunMummySignUp"/>
  <system-out/>
  <testcase name="select_LoseWeight_Beginner_Spin_ENTER_NO_EMAIL_AND_PASSWORD" time="27.089" classname="testscript.RunMummySignUp"/>
  <system-out/>
  <testcase name="select_LoseWeight_Beginner_Spin_ENTER_NO_EMAIL_AND_PASSWORD" time="24.366" classname="testscript.RunMummySignUp"/>
  <system-out/>
  <testcase name="select_LoseWeight_Beginner_Spin_ENTER_NO_EMAIL_AND_PASSWORD" time="32.138" classname="testscript.RunMummySignUp">
    <error type="org.openqa.selenium.ElementNotInteractableException" message="element not interactable
  (Session info: chrome=86.0.4240.75)
Build info: version: &#039;3.141.59&#039;, revision: &#039;e82be7d358&#039;, time: &#039;2018-11-14T08:25:53&#039;
System info: host: &#039;DESKTOP-M2K5DOK&#039;, ip: &#039;192.168.1.100&#039;, os.name: &#039;Windows 10&#039;, os.arch: &#039;amd64&#039;, os.version: &#039;10.0&#039;, java.version: &#039;1.8.0_241&#039;
Driver info: org.openqa.selenium.chrome.ChromeDriver
Capabilities {acceptInsecureCerts: false, browserName: chrome, browserVersion: 86.0.4240.75, chrome: {chromedriverVersion: 85.0.4183.87 (cd6713ebf92fa..., userDataDir: C:\Users\aa\AppData\Local\T...}, goog:chromeOptions: {debuggerAddress: localhost:56224}, javascriptEnabled: true, networkConnectionEnabled: false, pageLoadStrategy: normal, platform: WINDOWS, platformName: WINDOWS, proxy: Proxy(), setWindowRect: true, strictFileInteractability: false, timeouts: {implicit: 0, pageLoad: 300000, script: 30000}, unhandledPromptBehavior: dismiss and notify, webauthn:virtualAuthenticators: true}
Session ID: 187253c0d5868e096556afc1103eba7f">
      <![CDATA[org.openqa.selenium.ElementNotInteractableException: element not interactable
  (Session info: chrome=86.0.4240.75)
Build info: version: '3.141.59', revision: 'e82be7d358', time: '2018-11-14T08:25:53'
System info: host: 'DESKTOP-M2K5DOK', ip: '192.168.1.100', os.name: 'Windows 10', os.arch: 'amd64', os.version: '10.0', java.version: '1.8.0_241'
Driver info: org.openqa.selenium.chrome.ChromeDriver
Capabilities {acceptInsecureCerts: false, browserName: chrome, browserVersion: 86.0.4240.75, chrome: {chromedriverVersion: 85.0.4183.87 (cd6713ebf92fa..., userDataDir: C:\Users\aa\AppData\Local\T...}, goog:chromeOptions: {debuggerAddress: localhost:56224}, javascriptEnabled: true, networkConnectionEnabled: false, pageLoadStrategy: normal, platform: WINDOWS, platformName: WINDOWS, proxy: Proxy(), setWindowRect: true, strictFileInteractability: false, timeouts: {implicit: 0, pageLoad: 300000, script: 30000}, unhandledPromptBehavior: dismiss and notify, webauthn:virtualAuthenticators: true}
Session ID: 187253c0d5868e096556afc1103eba7f
at sun.reflect.NativeConstructorAccessorImpl.newInstance0(Native Method)
at sun.reflect.NativeConstructorAccessorImpl.newInstance(Unknown Source)
at sun.reflect.DelegatingConstructorAccessorImpl.newInstance(Unknown Source)
at java.lang.reflect.Constructor.newInstance(Unknown Source)
at org.openqa.selenium.remote.http.W3CHttpResponseCodec.createException(W3CHttpResponseCodec.java:187)
at org.openqa.selenium.remote.http.W3CHttpResponseCodec.decode(W3CHttpResponseCodec.java:122)
at org.openqa.selenium.remote.http.W3CHttpResponseCodec.decode(W3CHttpResponseCodec.java:49)
at org.openqa.selenium.remote.HttpCommandExecutor.execute(HttpCommandExecutor.java:158)
at org.openqa.selenium.remote.service.DriverCommandExecutor.execute(DriverCommandExecutor.java:83)
at org.openqa.selenium.remote.RemoteWebDriver.execute(RemoteWebDriver.java:552)
at org.openqa.selenium.remote.RemoteWebElement.execute(RemoteWebElement.java:285)
at org.openqa.selenium.remote.RemoteWebElement.click(RemoteWebElement.java:84)
at sun.reflect.GeneratedMethodAccessor1.invoke(Unknown Source)
at sun.reflect.DelegatingMethodAccessorImpl.invoke(Unknown Source)
at java.lang.reflect.Method.invoke(Unknown Source)
at org.openqa.selenium.support.pagefactory.internal.LocatingElementHandler.invoke(LocatingElementHandler.java:51)
at com.sun.proxy.$Proxy9.click(Unknown Source)
at pom.Auro_Level_Page.selectBeginner(Auro_Level_Page.java:23)
at testscript.RunMummySignUp.select_LoseWeight_Beginner_Spin_ENTER_NO_EMAIL_AND_PASSWORD(RunMummySignUp.java:254)
at sun.reflect.NativeMethodAccessorImpl.invoke0(Native Method)
at sun.reflect.NativeMethodAccessorImpl.invoke(Unknown Source)
at sun.reflect.DelegatingMethodAccessorImpl.invoke(Unknown Source)
at java.lang.reflect.Method.invoke(Unknown Source)
at org.testng.internal.MethodInvocationHelper.invokeMethod(MethodInvocationHelper.java:135)
at org.testng.internal.TestInvoker.invokeMethod(TestInvoker.java:598)
at org.testng.internal.TestInvoker.invokeTestMethod(TestInvoker.java:174)
at org.testng.internal.MethodRunner.runInSequence(MethodRunner.java:46)
at org.testng.internal.TestInvoker$MethodInvocationAgent.invoke(TestInvoker.java:821)
at org.testng.internal.TestInvoker.invokeTestMethods(TestInvoker.java:147)
at org.testng.internal.TestMethodWorker.invokeTestMethods(TestMethodWorker.java:146)
at org.testng.internal.TestMethodWorker.run(TestMethodWorker.java:128)
at java.util.ArrayList.forEach(Unknown Source)
at org.testng.TestRunner.privateRun(TestRunner.java:767)
at org.testng.TestRunner.run(TestRunner.java:588)
at org.testng.SuiteRunner.runTest(SuiteRunner.java:384)
at org.testng.SuiteRunner.runSequentially(SuiteRunner.java:378)
at org.testng.SuiteRunner.privateRun(SuiteRunner.java:337)
at org.testng.SuiteRunner.run(SuiteRunner.java:286)
at org.testng.SuiteRunnerWorker.runSuite(SuiteRunnerWorker.java:53)
at org.testng.SuiteRunnerWorker.run(SuiteRunnerWorker.java:96)
at org.testng.TestNG.runSuitesSequentially(TestNG.java:1214)
at org.testng.TestNG.runSuitesLocally(TestNG.java:1136)
at org.testng.TestNG.runSuites(TestNG.java:1066)
at org.testng.TestNG.run(TestNG.java:1034)
at org.testng.remote.AbstractRemoteTestNG.run(AbstractRemoteTestNG.java:115)
at org.testng.remote.RemoteTestNG.initAndRun(RemoteTestNG.java:251)
at org.testng.remote.RemoteTestNG.main(RemoteTestNG.java:77)
]]>
    </error>
  </testcase> <!-- select_LoseWeight_Beginner_Spin_ENTER_NO_EMAIL_AND_PASSWORD -->
  <system-out/>
  <testcase name="select_LoseWeight_Beginner_Spin_ENTER_NO_EMAIL_AND_PASSWORD" time="45.453" classname="testscript.RunMummySignUp"/>
  <system-out/>
  <testcase name="select_LoseWeight_Beginner_Spin_ENTER_NO_EMAIL_AND_PASSWORD" time="27.618" classname="testscript.RunMummySignUp"/>
  <system-out/>
  <testcase name="select_LoseWeight_Beginner_Spin_ENTER_NO_EMAIL_AND_PASSWORD" time="25.892" classname="testscript.RunMummySignUp"/>
  <system-out/>
  <testcase name="select_LoseWeight_Beginner_Spin_ENTER_NO_EMAIL_AND_PASSWORD" time="24.518" classname="testscript.RunMummySignUp"/>
  <system-out/>
  <testcase name="select_LoseWeight_Beginner_Spin_ENTER_NO_EMAIL_AND_PASSWORD" time="24.549" classname="testscript.RunMummySignUp"/>
  <system-out/>
  <testcase name="select_LoseWeight_Beginner_Spin_ENTER_NO_EMAIL_AND_PASSWORD" time="33.244" classname="testscript.RunMummySignUp">
    <error type="org.openqa.selenium.ElementNotInteractableException" message="element not interactable
  (Session info: chrome=86.0.4240.75)
Build info: version: &#039;3.141.59&#039;, revision: &#039;e82be7d358&#039;, time: &#039;2018-11-14T08:25:53&#039;
System info: host: &#039;DESKTOP-M2K5DOK&#039;, ip: &#039;192.168.1.100&#039;, os.name: &#039;Windows 10&#039;, os.arch: &#039;amd64&#039;, os.version: &#039;10.0&#039;, java.version: &#039;1.8.0_241&#039;
Driver info: org.openqa.selenium.chrome.ChromeDriver
Capabilities {acceptInsecureCerts: false, browserName: chrome, browserVersion: 86.0.4240.75, chrome: {chromedriverVersion: 85.0.4183.87 (cd6713ebf92fa..., userDataDir: C:\Users\aa\AppData\Local\T...}, goog:chromeOptions: {debuggerAddress: localhost:61806}, javascriptEnabled: true, networkConnectionEnabled: false, pageLoadStrategy: normal, platform: WINDOWS, platformName: WINDOWS, proxy: Proxy(), setWindowRect: true, strictFileInteractability: false, timeouts: {implicit: 0, pageLoad: 300000, script: 30000}, unhandledPromptBehavior: dismiss and notify, webauthn:virtualAuthenticators: true}
Session ID: 4869fb700872450444b230d2f64b1295">
      <![CDATA[org.openqa.selenium.ElementNotInteractableException: element not interactable
  (Session info: chrome=86.0.4240.75)
Build info: version: '3.141.59', revision: 'e82be7d358', time: '2018-11-14T08:25:53'
System info: host: 'DESKTOP-M2K5DOK', ip: '192.168.1.100', os.name: 'Windows 10', os.arch: 'amd64', os.version: '10.0', java.version: '1.8.0_241'
Driver info: org.openqa.selenium.chrome.ChromeDriver
Capabilities {acceptInsecureCerts: false, browserName: chrome, browserVersion: 86.0.4240.75, chrome: {chromedriverVersion: 85.0.4183.87 (cd6713ebf92fa..., userDataDir: C:\Users\aa\AppData\Local\T...}, goog:chromeOptions: {debuggerAddress: localhost:61806}, javascriptEnabled: true, networkConnectionEnabled: false, pageLoadStrategy: normal, platform: WINDOWS, platformName: WINDOWS, proxy: Proxy(), setWindowRect: true, strictFileInteractability: false, timeouts: {implicit: 0, pageLoad: 300000, script: 30000}, unhandledPromptBehavior: dismiss and notify, webauthn:virtualAuthenticators: true}
Session ID: 4869fb700872450444b230d2f64b1295
at sun.reflect.NativeConstructorAccessorImpl.newInstance0(Native Method)
at sun.reflect.NativeConstructorAccessorImpl.newInstance(Unknown Source)
at sun.reflect.DelegatingConstructorAccessorImpl.newInstance(Unknown Source)
at java.lang.reflect.Constructor.newInstance(Unknown Source)
at org.openqa.selenium.remote.http.W3CHttpResponseCodec.createException(W3CHttpResponseCodec.java:187)
at org.openqa.selenium.remote.http.W3CHttpResponseCodec.decode(W3CHttpResponseCodec.java:122)
at org.openqa.selenium.remote.http.W3CHttpResponseCodec.decode(W3CHttpResponseCodec.java:49)
at org.openqa.selenium.remote.HttpCommandExecutor.execute(HttpCommandExecutor.java:158)
at org.openqa.selenium.remote.service.DriverCommandExecutor.execute(DriverCommandExecutor.java:83)
at org.openqa.selenium.remote.RemoteWebDriver.execute(RemoteWebDriver.java:552)
at org.openqa.selenium.remote.RemoteWebElement.execute(RemoteWebElement.java:285)
at org.openqa.selenium.remote.RemoteWebElement.click(RemoteWebElement.java:84)
at sun.reflect.GeneratedMethodAccessor1.invoke(Unknown Source)
at sun.reflect.DelegatingMethodAccessorImpl.invoke(Unknown Source)
at java.lang.reflect.Method.invoke(Unknown Source)
at org.openqa.selenium.support.pagefactory.internal.LocatingElementHandler.invoke(LocatingElementHandler.java:51)
at com.sun.proxy.$Proxy9.click(Unknown Source)
at pom.Auro_Level_Page.selectBeginner(Auro_Level_Page.java:23)
at testscript.RunMummySignUp.select_LoseWeight_Beginner_Spin_ENTER_NO_EMAIL_AND_PASSWORD(RunMummySignUp.java:254)
at sun.reflect.GeneratedMethodAccessor5.invoke(Unknown Source)
at sun.reflect.DelegatingMethodAccessorImpl.invoke(Unknown Source)
at java.lang.reflect.Method.invoke(Unknown Source)
at org.testng.internal.MethodInvocationHelper.invokeMethod(MethodInvocationHelper.java:135)
at org.testng.internal.TestInvoker.invokeMethod(TestInvoker.java:598)
at org.testng.internal.TestInvoker.invokeTestMethod(TestInvoker.java:174)
at org.testng.internal.MethodRunner.runInSequence(MethodRunner.java:46)
at org.testng.internal.TestInvoker$MethodInvocationAgent.invoke(TestInvoker.java:821)
at org.testng.internal.TestInvoker.invokeTestMethods(TestInvoker.java:147)
at org.testng.internal.TestMethodWorker.invokeTestMethods(TestMethodWorker.java:146)
at org.testng.internal.TestMethodWorker.run(TestMethodWorker.java:128)
at java.util.ArrayList.forEach(Unknown Source)
at org.testng.TestRunner.privateRun(TestRunner.java:767)
at org.testng.TestRunner.run(TestRunner.java:588)
at org.testng.SuiteRunner.runTest(SuiteRunner.java:384)
at org.testng.SuiteRunner.runSequentially(SuiteRunner.java:378)
at org.testng.SuiteRunner.privateRun(SuiteRunner.java:337)
at org.testng.SuiteRunner.run(SuiteRunner.java:286)
at org.testng.SuiteRunnerWorker.runSuite(SuiteRunnerWorker.java:53)
at org.testng.SuiteRunnerWorker.run(SuiteRunnerWorker.java:96)
at org.testng.TestNG.runSuitesSequentially(TestNG.java:1214)
at org.testng.TestNG.runSuitesLocally(TestNG.java:1136)
at org.testng.TestNG.runSuites(TestNG.java:1066)
at org.testng.TestNG.run(TestNG.java:1034)
at org.testng.remote.AbstractRemoteTestNG.run(AbstractRemoteTestNG.java:115)
at org.testng.remote.RemoteTestNG.initAndRun(RemoteTestNG.java:251)
at org.testng.remote.RemoteTestNG.main(RemoteTestNG.java:77)
]]>
    </error>
  </testcase> <!-- select_LoseWeight_Beginner_Spin_ENTER_NO_EMAIL_AND_PASSWORD -->
  <system-out/>
  <testcase name="select_LoseWeight_Beginner_Spin_ENTER_NO_EMAIL_AND_PASSWORD" time="25.871" classname="testscript.RunMummySignUp"/>
  <system-out/>
  <testcase name="select_LoseWeight_Beginner_Spin_ENTER_NO_EMAIL_AND_PASSWORD" time="28.460" classname="testscript.RunMummySignUp"/>
  <system-out/>
  <testcase name="select_LoseWeight_Beginner_Spin_ENTER_NO_EMAIL_AND_PASSWORD" time="26.202" classname="testscript.RunMummySignUp"/>
  <system-out/>
  <testcase name="select_LoseWeight_Beginner_Spin_ENTER_NO_EMAIL_AND_PASSWORD" time="25.938" classname="testscript.RunMummySignUp"/>
  <system-out/>
  <testcase name="select_LoseWeight_Beginner_Spin_ENTER_NO_EMAIL_AND_PASSWORD" time="26.610" classname="testscript.RunMummySignUp"/>
  <system-out/>
  <testcase name="select_LoseWeight_Beginner_Spin_ENTER_NO_EMAIL_AND_PASSWORD" time="24.755" classname="testscript.RunMummySignUp"/>
  <system-out/>
  <testcase name="select_LoseWeight_Beginner_Spin_ENTER_NO_EMAIL_AND_PASSWORD" time="24.298" classname="testscript.RunMummySignUp"/>
  <system-out/>
  <testcase name="select_LoseWeight_Beginner_Spin_ENTER_NO_EMAIL_AND_PASSWORD" time="22.638" classname="testscript.RunMummySignUp"/>
  <system-out/>
  <testcase name="select_LoseWeight_Beginner_Spin_ENTER_NO_EMAIL_AND_PASSWORD" time="24.485" classname="testscript.RunMummySignUp"/>
  <system-out/>
  <testcase name="select_LoseWeight_Beginner_Spin_ENTER_NO_EMAIL_AND_PASSWORD" time="27.388" classname="testscript.RunMummySignUp"/>
  <system-out/>
  <testcase name="select_LoseWeight_Beginner_Spin_ENTER_NO_EMAIL_AND_PASSWORD" time="27.366" classname="testscript.RunMummySignUp"/>
  <system-out/>
  <testcase name="select_LoseWeight_Beginner_Spin_ENTER_NO_EMAIL_AND_PASSWORD" time="25.677" classname="testscript.RunMummySignUp"/>
  <system-out/>
  <testcase name="select_LoseWeight_Beginner_Spin_ENTER_NO_EMAIL_AND_PASSWORD" time="30.668" classname="testscript.RunMummySignUp"/>
  <system-out/>
  <testcase name="select_LoseWeight_Beginner_Spin_ENTER_NO_EMAIL_AND_PASSWORD" time="25.257" classname="testscript.RunMummySignUp"/>
  <system-out/>
  <testcase name="select_LoseWeight_Beginner_Spin_ENTER_NO_EMAIL_AND_PASSWORD" time="26.872" classname="testscript.RunMummySignUp"/>
  <system-out/>
  <testcase name="select_LoseWeight_Beginner_Spin_ENTER_NO_EMAIL_AND_PASSWORD" time="22.967" classname="testscript.RunMummySignUp"/>
  <system-out/>
  <testcase name="select_LoseWeight_Beginner_Spin_ENTER_NO_EMAIL_AND_PASSWORD" time="25.329" classname="testscript.RunMummySignUp"/>
  <system-out/>
  <testcase name="select_LoseWeight_Beginner_Spin_ENTER_NO_EMAIL_AND_PASSWORD" time="24.048" classname="testscript.RunMummySignUp"/>
  <system-out/>
  <testcase name="select_LoseWeight_Beginner_Spin_ENTER_NO_EMAIL_AND_PASSWORD" time="22.436" classname="testscript.RunMummySignUp"/>
  <system-out/>
  <testcase name="select_LoseWeight_Beginner_Spin_ENTER_NO_EMAIL_AND_PASSWORD" time="49.432" classname="testscript.RunMummySignUp">
    <error type="org.openqa.selenium.ElementNotInteractableException" message="element not interactable
  (Session info: chrome=86.0.4240.75)
Build info: version: &#039;3.141.59&#039;, revision: &#039;e82be7d358&#039;, time: &#039;2018-11-14T08:25:53&#039;
System info: host: &#039;DESKTOP-M2K5DOK&#039;, ip: &#039;192.168.1.100&#039;, os.name: &#039;Windows 10&#039;, os.arch: &#039;amd64&#039;, os.version: &#039;10.0&#039;, java.version: &#039;1.8.0_241&#039;
Driver info: org.openqa.selenium.chrome.ChromeDriver
Capabilities {acceptInsecureCerts: false, browserName: chrome, browserVersion: 86.0.4240.75, chrome: {chromedriverVersion: 85.0.4183.87 (cd6713ebf92fa..., userDataDir: C:\Users\aa\AppData\Local\T...}, goog:chromeOptions: {debuggerAddress: localhost:59648}, javascriptEnabled: true, networkConnectionEnabled: false, pageLoadStrategy: normal, platform: WINDOWS, platformName: WINDOWS, proxy: Proxy(), setWindowRect: true, strictFileInteractability: false, timeouts: {implicit: 0, pageLoad: 300000, script: 30000}, unhandledPromptBehavior: dismiss and notify, webauthn:virtualAuthenticators: true}
Session ID: 2019db034f0758a50b1c87782cc542a0">
      <![CDATA[org.openqa.selenium.ElementNotInteractableException: element not interactable
  (Session info: chrome=86.0.4240.75)
Build info: version: '3.141.59', revision: 'e82be7d358', time: '2018-11-14T08:25:53'
System info: host: 'DESKTOP-M2K5DOK', ip: '192.168.1.100', os.name: 'Windows 10', os.arch: 'amd64', os.version: '10.0', java.version: '1.8.0_241'
Driver info: org.openqa.selenium.chrome.ChromeDriver
Capabilities {acceptInsecureCerts: false, browserName: chrome, browserVersion: 86.0.4240.75, chrome: {chromedriverVersion: 85.0.4183.87 (cd6713ebf92fa..., userDataDir: C:\Users\aa\AppData\Local\T...}, goog:chromeOptions: {debuggerAddress: localhost:59648}, javascriptEnabled: true, networkConnectionEnabled: false, pageLoadStrategy: normal, platform: WINDOWS, platformName: WINDOWS, proxy: Proxy(), setWindowRect: true, strictFileInteractability: false, timeouts: {implicit: 0, pageLoad: 300000, script: 30000}, unhandledPromptBehavior: dismiss and notify, webauthn:virtualAuthenticators: true}
Session ID: 2019db034f0758a50b1c87782cc542a0
at sun.reflect.NativeConstructorAccessorImpl.newInstance0(Native Method)
at sun.reflect.NativeConstructorAccessorImpl.newInstance(Unknown Source)
at sun.reflect.DelegatingConstructorAccessorImpl.newInstance(Unknown Source)
at java.lang.reflect.Constructor.newInstance(Unknown Source)
at org.openqa.selenium.remote.http.W3CHttpResponseCodec.createException(W3CHttpResponseCodec.java:187)
at org.openqa.selenium.remote.http.W3CHttpResponseCodec.decode(W3CHttpResponseCodec.java:122)
at org.openqa.selenium.remote.http.W3CHttpResponseCodec.decode(W3CHttpResponseCodec.java:49)
at org.openqa.selenium.remote.HttpCommandExecutor.execute(HttpCommandExecutor.java:158)
at org.openqa.selenium.remote.service.DriverCommandExecutor.execute(DriverCommandExecutor.java:83)
at org.openqa.selenium.remote.RemoteWebDriver.execute(RemoteWebDriver.java:552)
at org.openqa.selenium.remote.RemoteWebElement.execute(RemoteWebElement.java:285)
at org.openqa.selenium.remote.RemoteWebElement.click(RemoteWebElement.java:84)
at sun.reflect.GeneratedMethodAccessor1.invoke(Unknown Source)
at sun.reflect.DelegatingMethodAccessorImpl.invoke(Unknown Source)
at java.lang.reflect.Method.invoke(Unknown Source)
at org.openqa.selenium.support.pagefactory.internal.LocatingElementHandler.invoke(LocatingElementHandler.java:51)
at com.sun.proxy.$Proxy9.click(Unknown Source)
at pom.Auro_Level_Page.selectBeginner(Auro_Level_Page.java:23)
at testscript.RunMummySignUp.select_LoseWeight_Beginner_Spin_ENTER_NO_EMAIL_AND_PASSWORD(RunMummySignUp.java:254)
at sun.reflect.GeneratedMethodAccessor5.invoke(Unknown Source)
at sun.reflect.DelegatingMethodAccessorImpl.invoke(Unknown Source)
at java.lang.reflect.Method.invoke(Unknown Source)
at org.testng.internal.MethodInvocationHelper.invokeMethod(MethodInvocationHelper.java:135)
at org.testng.internal.TestInvoker.invokeMethod(TestInvoker.java:598)
at org.testng.internal.TestInvoker.invokeTestMethod(TestInvoker.java:174)
at org.testng.internal.MethodRunner.runInSequence(MethodRunner.java:46)
at org.testng.internal.TestInvoker$MethodInvocationAgent.invoke(TestInvoker.java:821)
at org.testng.internal.TestInvoker.invokeTestMethods(TestInvoker.java:147)
at org.testng.internal.TestMethodWorker.invokeTestMethods(TestMethodWorker.java:146)
at org.testng.internal.TestMethodWorker.run(TestMethodWorker.java:128)
at java.util.ArrayList.forEach(Unknown Source)
at org.testng.TestRunner.privateRun(TestRunner.java:767)
at org.testng.TestRunner.run(TestRunner.java:588)
at org.testng.SuiteRunner.runTest(SuiteRunner.java:384)
at org.testng.SuiteRunner.runSequentially(SuiteRunner.java:378)
at org.testng.SuiteRunner.privateRun(SuiteRunner.java:337)
at org.testng.SuiteRunner.run(SuiteRunner.java:286)
at org.testng.SuiteRunnerWorker.runSuite(SuiteRunnerWorker.java:53)
at org.testng.SuiteRunnerWorker.run(SuiteRunnerWorker.java:96)
at org.testng.TestNG.runSuitesSequentially(TestNG.java:1214)
at org.testng.TestNG.runSuitesLocally(TestNG.java:1136)
at org.testng.TestNG.runSuites(TestNG.java:1066)
at org.testng.TestNG.run(TestNG.java:1034)
at org.testng.remote.AbstractRemoteTestNG.run(AbstractRemoteTestNG.java:115)
at org.testng.remote.RemoteTestNG.initAndRun(RemoteTestNG.java:251)
at org.testng.remote.RemoteTestNG.main(RemoteTestNG.java:77)
]]>
    </error>
  </testcase> <!-- select_LoseWeight_Beginner_Spin_ENTER_NO_EMAIL_AND_PASSWORD -->
  <system-out/>
  <testcase name="select_LoseWeight_Beginner_Spin_ENTER_NO_EMAIL_AND_PASSWORD" time="27.337" classname="testscript.RunMummySignUp"/>
  <system-out/>
  <testcase name="select_LoseWeight_Beginner_Spin_ENTER_NO_EMAIL_AND_PASSWORD" time="25.685" classname="testscript.RunMummySignUp"/>
  <system-out/>
  <testcase name="select_LoseWeight_Beginner_Spin_ENTER_NO_EMAIL_AND_PASSWORD" time="24.943" classname="testscript.RunMummySignUp"/>
  <system-out/>
  <testcase name="select_LoseWeight_Beginner_Spin_ENTER_NO_EMAIL_AND_PASSWORD" time="25.665" classname="testscript.RunMummySignUp"/>
  <system-out/>
  <testcase name="select_LoseWeight_Beginner_Spin_ENTER_NO_EMAIL_AND_PASSWORD" time="27.030" classname="testscript.RunMummySignUp"/>
  <system-out/>
  <testcase name="select_LoseWeight_Beginner_Spin_ENTER_NO_EMAIL_AND_PASSWORD" time="26.552" classname="testscript.RunMummySignUp"/>
  <system-out/>
  <testcase name="select_LoseWeight_Beginner_Spin_ENTER_NO_EMAIL_AND_PASSWORD" time="27.252" classname="testscript.RunMummySignUp"/>
  <system-out/>
  <testcase name="select_LoseWeight_Beginner_Spin_ENTER_NO_EMAIL_AND_PASSWORD" time="22.583" classname="testscript.RunMummySignUp"/>
  <system-out/>
  <testcase name="select_LoseWeight_Beginner_Spin_ENTER_NO_EMAIL_AND_PASSWORD" time="26.941" classname="testscript.RunMummySignUp"/>
  <system-out/>
  <testcase name="select_LoseWeight_Beginner_Spin_ENTER_NO_EMAIL_AND_PASSWORD" time="24.696" classname="testscript.RunMummySignUp"/>
  <system-out/>
  <testcase name="select_LoseWeight_Beginner_Spin_ENTER_NO_EMAIL_AND_PASSWORD" time="26.783" classname="testscript.RunMummySignUp"/>
  <system-out/>
  <testcase name="select_LoseWeight_Beginner_Spin_ENTER_NO_EMAIL_AND_PASSWORD" time="26.228" classname="testscript.RunMummySignUp"/>
  <system-out/>
  <testcase name="select_LoseWeight_Beginner_Spin_ENTER_NO_EMAIL_AND_PASSWORD" time="28.957" classname="testscript.RunMummySignUp"/>
  <system-out/>
  <testcase name="select_LoseWeight_Beginner_Spin_ENTER_NO_EMAIL_AND_PASSWORD" time="37.381" classname="testscript.RunMummySignUp"/>
  <system-out/>
  <testcase name="select_LoseWeight_Beginner_Spin_ENTER_NO_EMAIL_AND_PASSWORD" time="25.920" classname="testscript.RunMummySignUp"/>
  <system-out/>
  <testcase name="select_LoseWeight_Beginner_Spin_ENTER_NO_EMAIL_AND_PASSWORD" time="21.876" classname="testscript.RunMummySignUp"/>
  <system-out/>
  <testcase name="select_LoseWeight_Beginner_Spin_ENTER_NO_EMAIL_AND_PASSWORD" time="22.056" classname="testscript.RunMummySignUp"/>
  <system-out/>
  <testcase name="select_LoseWeight_Beginner_Spin_ENTER_NO_EMAIL_AND_PASSWORD" time="23.827" classname="testscript.RunMummySignUp"/>
  <system-out/>
  <testcase name="select_LoseWeight_Beginner_Spin_ENTER_NO_EMAIL_AND_PASSWORD" time="27.058" classname="testscript.RunMummySignUp"/>
  <system-out/>
  <testcase name="select_LoseWeight_Beginner_Spin_ENTER_NO_EMAIL_AND_PASSWORD" time="26.309" classname="testscript.RunMummySignUp"/>
  <system-out/>
  <testcase name="select_LoseWeight_Beginner_Spin_ENTER_NO_EMAIL_AND_PASSWORD" time="25.927" classname="testscript.RunMummySignUp"/>
  <system-out/>
  <testcase name="select_LoseWeight_Beginner_Spin_ENTER_NO_EMAIL_AND_PASSWORD" time="22.530" classname="testscript.RunMummySignUp"/>
  <system-out/>
  <testcase name="select_LoseWeight_Beginner_Spin_ENTER_NO_EMAIL_AND_PASSWORD" time="26.146" classname="testscript.RunMummySignUp"/>
  <system-out/>
  <testcase name="select_LoseWeight_Beginner_Spin_ENTER_NO_EMAIL_AND_PASSWORD" time="24.067" classname="testscript.RunMummySignUp"/>
  <system-out/>
  <testcase name="select_LoseWeight_Beginner_Spin_ENTER_NO_EMAIL_AND_PASSWORD" time="26.355" classname="testscript.RunMummySignUp"/>
  <system-out/>
  <testcase name="select_LoseWeight_Beginner_Spin_ENTER_NO_EMAIL_AND_PASSWORD" time="21.929" classname="testscript.RunMummySignUp"/>
  <system-out/>
  <testcase name="select_LoseWeight_Beginner_Spin_ENTER_NO_EMAIL_AND_PASSWORD" time="22.530" classname="testscript.RunMummySignUp"/>
  <system-out/>
  <testcase name="select_LoseWeight_Beginner_Spin_ENTER_NO_EMAIL_AND_PASSWORD" time="24.233" classname="testscript.RunMummySignUp"/>
  <system-out/>
  <testcase name="select_LoseWeight_Beginner_Spin_ENTER_NO_EMAIL_AND_PASSWORD" time="23.839" classname="testscript.RunMummySignUp"/>
  <system-out/>
  <testcase name="select_LoseWeight_Beginner_Spin_ENTER_NO_EMAIL_AND_PASSWORD" time="26.454" classname="testscript.RunMummySignUp"/>
  <system-out/>
  <testcase name="select_LoseWeight_Beginner_Spin_ENTER_NO_EMAIL_AND_PASSWORD" time="25.147" classname="testscript.RunMummySignUp"/>
  <system-out/>
  <testcase name="select_LoseWeight_Beginner_Spin_ENTER_NO_EMAIL_AND_PASSWORD" time="24.989" classname="testscript.RunMummySignUp"/>
  <system-out/>
  <testcase name="select_LoseWeight_Beginner_Spin_ENTER_NO_EMAIL_AND_PASSWORD" time="24.825" classname="testscript.RunMummySignUp"/>
  <system-out/>
  <testcase name="select_LoseWeight_Beginner_Spin_ENTER_NO_EMAIL_AND_PASSWORD" time="25.812" classname="testscript.RunMummySignUp"/>
  <system-out/>
  <testcase name="select_LoseWeight_Beginner_Spin_ENTER_NO_EMAIL_AND_PASSWORD" time="28.116" classname="testscript.RunMummySignUp"/>
  <system-out/>
  <testcase name="select_LoseWeight_Beginner_Spin_ENTER_NO_EMAIL_AND_PASSWORD" time="29.631" classname="testscript.RunMummySignUp"/>
  <system-out/>
  <testcase name="select_LoseWeight_Beginner_Spin_ENTER_NO_EMAIL_AND_PASSWORD" time="28.255" classname="testscript.RunMummySignUp"/>
  <system-out/>
  <testcase name="select_LoseWeight_Beginner_Spin_ENTER_NO_EMAIL_AND_PASSWORD" time="27.492" classname="testscript.RunMummySignUp"/>
  <system-out/>
  <testcase name="select_LoseWeight_Beginner_Spin_ENTER_NO_EMAIL_AND_PASSWORD" time="32.306" classname="testscript.RunMummySignUp"/>
  <system-out/>
  <testcase name="select_LoseWeight_Beginner_Spin_ENTER_NO_EMAIL_AND_PASSWORD" time="29.549" classname="testscript.RunMummySignUp"/>
  <system-out/>
  <testcase name="select_LoseWeight_Beginner_Spin_ENTER_NO_EMAIL_AND_PASSWORD" time="57.842" classname="testscript.RunMummySignUp"/>
  <system-out/>
  <testcase name="select_LoseWeight_Beginner_Spin_ENTER_NO_EMAIL_AND_PASSWORD" time="25.759" classname="testscript.RunMummySignUp"/>
  <system-out/>
  <testcase name="select_LoseWeight_Beginner_Spin_ENTER_NO_EMAIL_AND_PASSWORD" time="22.879" classname="testscript.RunMummySignUp"/>
  <system-out/>
  <testcase name="select_LoseWeight_Beginner_Spin_ENTER_NO_EMAIL_AND_PASSWORD" time="25.866" classname="testscript.RunMummySignUp"/>
  <system-out/>
  <testcase name="select_LoseWeight_Beginner_Spin_ENTER_NO_EMAIL_AND_PASSWORD" time="30.437" classname="testscript.RunMummySignUp"/>
  <system-out/>
  <testcase name="select_LoseWeight_Beginner_Spin_ENTER_NO_EMAIL_AND_PASSWORD" time="24.506" classname="testscript.RunMummySignUp"/>
  <system-out/>
  <testcase name="select_LoseWeight_Beginner_Spin_ENTER_NO_EMAIL_AND_PASSWORD" time="26.228" classname="testscript.RunMummySignUp"/>
  <system-out/>
  <testcase name="select_LoseWeight_Beginner_Spin_ENTER_NO_EMAIL_AND_PASSWORD" time="24.573" classname="testscript.RunMummySignUp"/>
  <system-out/>
  <testcase name="select_LoseWeight_Beginner_Spin_ENTER_NO_EMAIL_AND_PASSWORD" time="26.668" classname="testscript.RunMummySignUp"/>
  <system-out/>
</testsuite> <!-- testscript.RunMummySignUp -->
